{"/home/tanishqsaluja/MNIST-NodeJS/public/jquery.js":{"path":"/home/tanishqsaluja/MNIST-NodeJS/public/jquery.js","statementMap":{"0":{"start":{"line":14,"column":0},"end":{"line":10364,"column":4}},"1":{"start":{"line":18,"column":1},"end":{"line":37,"column":2}},"2":{"start":{"line":27,"column":2},"end":{"line":34,"column":5}},"3":{"start":{"line":30,"column":4},"end":{"line":32,"column":5}},"4":{"start":{"line":31,"column":5},"end":{"line":31,"column":67}},"5":{"start":{"line":33,"column":4},"end":{"line":33,"column":24}},"6":{"start":{"line":36,"column":2},"end":{"line":36,"column":20}},"7":{"start":{"line":48,"column":10},"end":{"line":48,"column":12}},"8":{"start":{"line":50,"column":15},"end":{"line":50,"column":30}},"9":{"start":{"line":52,"column":15},"end":{"line":52,"column":36}},"10":{"start":{"line":54,"column":12},"end":{"line":54,"column":21}},"11":{"start":{"line":56,"column":13},"end":{"line":56,"column":23}},"12":{"start":{"line":58,"column":11},"end":{"line":58,"column":19}},"13":{"start":{"line":60,"column":14},"end":{"line":60,"column":25}},"14":{"start":{"line":62,"column":17},"end":{"line":62,"column":19}},"15":{"start":{"line":64,"column":15},"end":{"line":64,"column":34}},"16":{"start":{"line":66,"column":13},"end":{"line":66,"column":38}},"17":{"start":{"line":68,"column":17},"end":{"line":68,"column":32}},"18":{"start":{"line":70,"column":27},"end":{"line":70,"column":52}},"19":{"start":{"line":72,"column":14},"end":{"line":72,"column":16}},"20":{"start":{"line":74,"column":17},"end":{"line":81,"column":3}},"21":{"start":{"line":80,"column":6},"end":{"line":80,"column":75}},"22":{"start":{"line":84,"column":15},"end":{"line":86,"column":2}},"23":{"start":{"line":85,"column":2},"end":{"line":85,"column":43}},"24":{"start":{"line":91,"column":33},"end":{"line":95,"column":2}},"25":{"start":{"line":98,"column":2},"end":{"line":98,"column":24}},"26":{"start":{"line":101,"column":12},"end":{"line":101,"column":41}},"27":{"start":{"line":103,"column":2},"end":{"line":103,"column":21}},"28":{"start":{"line":104,"column":2},"end":{"line":110,"column":3}},"29":{"start":{"line":105,"column":3},"end":{"line":109,"column":4}},"30":{"start":{"line":106,"column":4},"end":{"line":108,"column":5}},"31":{"start":{"line":107,"column":5},"end":{"line":107,"column":29}},"32":{"start":{"line":111,"column":2},"end":{"line":111,"column":66}},"33":{"start":{"line":116,"column":1},"end":{"line":118,"column":2}},"34":{"start":{"line":117,"column":2},"end":{"line":117,"column":18}},"35":{"start":{"line":121,"column":1},"end":{"line":123,"column":13}},"36":{"start":{"line":132,"column":11},"end":{"line":132,"column":18}},"37":{"start":{"line":135,"column":10},"end":{"line":140,"column":2}},"38":{"start":{"line":139,"column":2},"end":{"line":139,"column":49}},"39":{"start":{"line":144,"column":9},"end":{"line":144,"column":45}},"40":{"start":{"line":146,"column":0},"end":{"line":225,"column":2}},"41":{"start":{"line":157,"column":2},"end":{"line":157,"column":28}},"42":{"start":{"line":165,"column":2},"end":{"line":167,"column":3}},"43":{"start":{"line":166,"column":3},"end":{"line":166,"column":29}},"44":{"start":{"line":170,"column":2},"end":{"line":170,"column":59}},"45":{"start":{"line":178,"column":12},"end":{"line":178,"column":53}},"46":{"start":{"line":181,"column":2},"end":{"line":181,"column":24}},"47":{"start":{"line":184,"column":2},"end":{"line":184,"column":13}},"48":{"start":{"line":189,"column":2},"end":{"line":189,"column":39}},"49":{"start":{"line":193,"column":2},"end":{"line":195,"column":8}},"50":{"start":{"line":194,"column":3},"end":{"line":194,"column":41}},"51":{"start":{"line":199,"column":2},"end":{"line":199,"column":58}},"52":{"start":{"line":203,"column":2},"end":{"line":203,"column":22}},"53":{"start":{"line":207,"column":2},"end":{"line":207,"column":23}},"54":{"start":{"line":211,"column":12},"end":{"line":211,"column":23}},"55":{"start":{"line":212,"column":7},"end":{"line":212,"column":31}},"56":{"start":{"line":213,"column":2},"end":{"line":213,"column":66}},"57":{"start":{"line":217,"column":2},"end":{"line":217,"column":47}},"58":{"start":{"line":227,"column":0},"end":{"line":294,"column":2}},"59":{"start":{"line":229,"column":11},"end":{"line":229,"column":31}},"60":{"start":{"line":230,"column":6},"end":{"line":230,"column":7}},"61":{"start":{"line":231,"column":11},"end":{"line":231,"column":27}},"62":{"start":{"line":232,"column":9},"end":{"line":232,"column":14}},"63":{"start":{"line":235,"column":1},"end":{"line":241,"column":2}},"64":{"start":{"line":236,"column":2},"end":{"line":236,"column":16}},"65":{"start":{"line":239,"column":2},"end":{"line":239,"column":32}},"66":{"start":{"line":240,"column":2},"end":{"line":240,"column":6}},"67":{"start":{"line":244,"column":1},"end":{"line":246,"column":2}},"68":{"start":{"line":245,"column":2},"end":{"line":245,"column":14}},"69":{"start":{"line":249,"column":1},"end":{"line":252,"column":2}},"70":{"start":{"line":250,"column":2},"end":{"line":250,"column":16}},"71":{"start":{"line":251,"column":2},"end":{"line":251,"column":6}},"72":{"start":{"line":254,"column":1},"end":{"line":290,"column":2}},"73":{"start":{"line":257,"column":2},"end":{"line":289,"column":3}},"74":{"start":{"line":260,"column":3},"end":{"line":288,"column":4}},"75":{"start":{"line":261,"column":4},"end":{"line":261,"column":25}},"76":{"start":{"line":262,"column":4},"end":{"line":262,"column":27}},"77":{"start":{"line":265,"column":4},"end":{"line":267,"column":5}},"78":{"start":{"line":266,"column":5},"end":{"line":266,"column":14}},"79":{"start":{"line":270,"column":4},"end":{"line":287,"column":5}},"80":{"start":{"line":273,"column":5},"end":{"line":279,"column":6}},"81":{"start":{"line":274,"column":6},"end":{"line":274,"column":26}},"82":{"start":{"line":275,"column":6},"end":{"line":275,"column":53}},"83":{"start":{"line":278,"column":6},"end":{"line":278,"column":60}},"84":{"start":{"line":282,"column":5},"end":{"line":282,"column":57}},"85":{"start":{"line":285,"column":11},"end":{"line":287,"column":5}},"86":{"start":{"line":286,"column":5},"end":{"line":286,"column":27}},"87":{"start":{"line":293,"column":1},"end":{"line":293,"column":15}},"88":{"start":{"line":296,"column":0},"end":{"line":471,"column":4}},"89":{"start":{"line":305,"column":2},"end":{"line":305,"column":25}},"90":{"start":{"line":315,"column":2},"end":{"line":317,"column":3}},"91":{"start":{"line":316,"column":3},"end":{"line":316,"column":16}},"92":{"start":{"line":319,"column":2},"end":{"line":319,"column":26}},"93":{"start":{"line":322,"column":2},"end":{"line":324,"column":3}},"94":{"start":{"line":323,"column":3},"end":{"line":323,"column":15}},"95":{"start":{"line":327,"column":2},"end":{"line":327,"column":66}},"96":{"start":{"line":328,"column":2},"end":{"line":328,"column":88}},"97":{"start":{"line":337,"column":2},"end":{"line":339,"column":3}},"98":{"start":{"line":338,"column":3},"end":{"line":338,"column":16}},"99":{"start":{"line":340,"column":2},"end":{"line":340,"column":14}},"100":{"start":{"line":345,"column":2},"end":{"line":345,"column":18}},"101":{"start":{"line":349,"column":18},"end":{"line":349,"column":19}},"102":{"start":{"line":351,"column":2},"end":{"line":364,"column":3}},"103":{"start":{"line":352,"column":3},"end":{"line":352,"column":23}},"104":{"start":{"line":353,"column":3},"end":{"line":357,"column":4}},"105":{"start":{"line":354,"column":4},"end":{"line":356,"column":5}},"106":{"start":{"line":355,"column":5},"end":{"line":355,"column":11}},"107":{"start":{"line":359,"column":3},"end":{"line":363,"column":4}},"108":{"start":{"line":360,"column":4},"end":{"line":362,"column":5}},"109":{"start":{"line":361,"column":5},"end":{"line":361,"column":11}},"110":{"start":{"line":366,"column":2},"end":{"line":366,"column":13}},"111":{"start":{"line":371,"column":2},"end":{"line":373,"column":38}},"112":{"start":{"line":378,"column":12},"end":{"line":378,"column":25}},"113":{"start":{"line":380,"column":2},"end":{"line":389,"column":3}},"114":{"start":{"line":381,"column":3},"end":{"line":388,"column":4}},"115":{"start":{"line":382,"column":4},"end":{"line":385,"column":6}},"116":{"start":{"line":387,"column":4},"end":{"line":387,"column":26}},"117":{"start":{"line":391,"column":2},"end":{"line":391,"column":13}},"118":{"start":{"line":395,"column":2},"end":{"line":395,"column":57}},"119":{"start":{"line":401,"column":12},"end":{"line":401,"column":26}},"120":{"start":{"line":402,"column":7},"end":{"line":402,"column":8}},"121":{"start":{"line":403,"column":7},"end":{"line":403,"column":19}},"122":{"start":{"line":405,"column":2},"end":{"line":407,"column":3}},"123":{"start":{"line":406,"column":3},"end":{"line":406,"column":30}},"124":{"start":{"line":409,"column":2},"end":{"line":409,"column":19}},"125":{"start":{"line":411,"column":2},"end":{"line":411,"column":15}},"126":{"start":{"line":416,"column":13},"end":{"line":416,"column":15}},"127":{"start":{"line":417,"column":7},"end":{"line":417,"column":8}},"128":{"start":{"line":418,"column":12},"end":{"line":418,"column":24}},"129":{"start":{"line":419,"column":20},"end":{"line":419,"column":27}},"130":{"start":{"line":423,"column":2},"end":{"line":428,"column":3}},"131":{"start":{"line":424,"column":3},"end":{"line":424,"column":48}},"132":{"start":{"line":425,"column":3},"end":{"line":427,"column":4}},"133":{"start":{"line":426,"column":4},"end":{"line":426,"column":31}},"134":{"start":{"line":430,"column":2},"end":{"line":430,"column":17}},"135":{"start":{"line":436,"column":7},"end":{"line":436,"column":8}},"136":{"start":{"line":437,"column":9},"end":{"line":437,"column":11}},"137":{"start":{"line":440,"column":2},"end":{"line":459,"column":3}},"138":{"start":{"line":441,"column":3},"end":{"line":441,"column":25}},"139":{"start":{"line":442,"column":3},"end":{"line":448,"column":4}},"140":{"start":{"line":443,"column":4},"end":{"line":443,"column":43}},"141":{"start":{"line":445,"column":4},"end":{"line":447,"column":5}},"142":{"start":{"line":446,"column":5},"end":{"line":446,"column":23}},"143":{"start":{"line":452,"column":3},"end":{"line":458,"column":4}},"144":{"start":{"line":453,"column":4},"end":{"line":453,"column":43}},"145":{"start":{"line":455,"column":4},"end":{"line":457,"column":5}},"146":{"start":{"line":456,"column":5},"end":{"line":456,"column":23}},"147":{"start":{"line":462,"column":2},"end":{"line":462,"column":33}},"148":{"start":{"line":473,"column":0},"end":{"line":475,"column":1}},"149":{"start":{"line":474,"column":1},"end":{"line":474,"column":55}},"150":{"start":{"line":478,"column":0},"end":{"line":481,"column":4}},"151":{"start":{"line":480,"column":1},"end":{"line":480,"column":60}},"152":{"start":{"line":489,"column":14},"end":{"line":489,"column":52}},"153":{"start":{"line":490,"column":9},"end":{"line":490,"column":22}},"154":{"start":{"line":492,"column":1},"end":{"line":494,"column":2}},"155":{"start":{"line":493,"column":2},"end":{"line":493,"column":15}},"156":{"start":{"line":496,"column":1},"end":{"line":497,"column":68}},"157":{"start":{"line":510,"column":0},"end":{"line":2752,"column":12}},"158":{"start":{"line":535,"column":11},"end":{"line":535,"column":36}},"159":{"start":{"line":536,"column":16},"end":{"line":536,"column":31}},"160":{"start":{"line":537,"column":11},"end":{"line":537,"column":12}},"161":{"start":{"line":538,"column":8},"end":{"line":538,"column":9}},"162":{"start":{"line":539,"column":14},"end":{"line":539,"column":27}},"163":{"start":{"line":540,"column":14},"end":{"line":540,"column":27}},"164":{"start":{"line":541,"column":17},"end":{"line":541,"column":30}},"165":{"start":{"line":542,"column":13},"end":{"line":547,"column":2}},"166":{"start":{"line":543,"column":2},"end":{"line":545,"column":3}},"167":{"start":{"line":544,"column":3},"end":{"line":544,"column":23}},"168":{"start":{"line":546,"column":2},"end":{"line":546,"column":11}},"169":{"start":{"line":550,"column":10},"end":{"line":550,"column":29}},"170":{"start":{"line":551,"column":7},"end":{"line":551,"column":9}},"171":{"start":{"line":552,"column":7},"end":{"line":552,"column":14}},"172":{"start":{"line":553,"column":15},"end":{"line":553,"column":23}},"173":{"start":{"line":554,"column":8},"end":{"line":554,"column":16}},"174":{"start":{"line":555,"column":9},"end":{"line":555,"column":18}},"175":{"start":{"line":558,"column":11},"end":{"line":567,"column":2}},"176":{"start":{"line":559,"column":10},"end":{"line":559,"column":11}},"177":{"start":{"line":560,"column":9},"end":{"line":560,"column":20}},"178":{"start":{"line":561,"column":2},"end":{"line":565,"column":3}},"179":{"start":{"line":562,"column":3},"end":{"line":564,"column":4}},"180":{"start":{"line":563,"column":4},"end":{"line":563,"column":13}},"181":{"start":{"line":566,"column":2},"end":{"line":566,"column":12}},"182":{"start":{"line":569,"column":12},"end":{"line":569,"column":136}},"183":{"start":{"line":574,"column":14},"end":{"line":574,"column":35}},"184":{"start":{"line":577,"column":14},"end":{"line":577,"column":45}},"185":{"start":{"line":580,"column":14},"end":{"line":585,"column":8}},"186":{"start":{"line":587,"column":11},"end":{"line":595,"column":10}},"187":{"start":{"line":598,"column":15},"end":{"line":598,"column":50}},"188":{"start":{"line":599,"column":9},"end":{"line":599,"column":96}},"189":{"start":{"line":601,"column":10},"end":{"line":601,"column":66}},"190":{"start":{"line":602,"column":16},"end":{"line":602,"column":97}},"191":{"start":{"line":604,"column":20},"end":{"line":604,"column":96}},"192":{"start":{"line":606,"column":11},"end":{"line":606,"column":32}},"193":{"start":{"line":607,"column":15},"end":{"line":607,"column":51}},"194":{"start":{"line":609,"column":13},"end":{"line":623,"column":2}},"195":{"start":{"line":625,"column":11},"end":{"line":625,"column":48}},"196":{"start":{"line":626,"column":11},"end":{"line":626,"column":19}},"197":{"start":{"line":628,"column":11},"end":{"line":628,"column":35}},"198":{"start":{"line":631,"column":14},"end":{"line":631,"column":48}},"199":{"start":{"line":633,"column":12},"end":{"line":633,"column":18}},"200":{"start":{"line":637,"column":13},"end":{"line":637,"column":96}},"201":{"start":{"line":638,"column":13},"end":{"line":650,"column":2}},"202":{"start":{"line":639,"column":13},"end":{"line":639,"column":37}},"203":{"start":{"line":643,"column":2},"end":{"line":649,"column":70}},"204":{"start":{"line":654,"column":14},"end":{"line":654,"column":67}},"205":{"start":{"line":655,"column":14},"end":{"line":669,"column":2}},"206":{"start":{"line":656,"column":2},"end":{"line":665,"column":3}},"207":{"start":{"line":659,"column":3},"end":{"line":661,"column":4}},"208":{"start":{"line":660,"column":4},"end":{"line":660,"column":20}},"209":{"start":{"line":664,"column":3},"end":{"line":664,"column":89}},"210":{"start":{"line":668,"column":2},"end":{"line":668,"column":19}},"211":{"start":{"line":675,"column":17},"end":{"line":677,"column":2}},"212":{"start":{"line":676,"column":2},"end":{"line":676,"column":16}},"213":{"start":{"line":679,"column":20},"end":{"line":684,"column":2}},"214":{"start":{"line":681,"column":3},"end":{"line":681,"column":72}},"215":{"start":{"line":687,"column":0},"end":{"line":713,"column":1}},"216":{"start":{"line":688,"column":1},"end":{"line":691,"column":3}},"217":{"start":{"line":694,"column":1},"end":{"line":694,"column":48}},"218":{"start":{"line":696,"column":1},"end":{"line":712,"column":3}},"219":{"start":{"line":700,"column":3},"end":{"line":700,"column":48}},"220":{"start":{"line":706,"column":11},"end":{"line":706,"column":24}},"221":{"start":{"line":707,"column":8},"end":{"line":707,"column":9}},"222":{"start":{"line":709,"column":3},"end":{"line":709,"column":40}},"223":{"start":{"line":710,"column":3},"end":{"line":710,"column":25}},"224":{"start":{"line":717,"column":15},"end":{"line":717,"column":47}},"225":{"start":{"line":720,"column":13},"end":{"line":720,"column":43}},"226":{"start":{"line":722,"column":1},"end":{"line":722,"column":25}},"227":{"start":{"line":725,"column":1},"end":{"line":729,"column":2}},"228":{"start":{"line":728,"column":2},"end":{"line":728,"column":17}},"229":{"start":{"line":732,"column":1},"end":{"line":842,"column":2}},"230":{"start":{"line":734,"column":2},"end":{"line":736,"column":3}},"231":{"start":{"line":735,"column":3},"end":{"line":735,"column":26}},"232":{"start":{"line":737,"column":2},"end":{"line":737,"column":32}},"233":{"start":{"line":739,"column":2},"end":{"line":841,"column":3}},"234":{"start":{"line":743,"column":3},"end":{"line":790,"column":4}},"235":{"start":{"line":746,"column":4},"end":{"line":789,"column":5}},"236":{"start":{"line":749,"column":5},"end":{"line":776,"column":6}},"237":{"start":{"line":750,"column":6},"end":{"line":761,"column":7}},"238":{"start":{"line":755,"column":7},"end":{"line":758,"column":8}},"239":{"start":{"line":756,"column":8},"end":{"line":756,"column":29}},"240":{"start":{"line":757,"column":8},"end":{"line":757,"column":23}},"241":{"start":{"line":760,"column":7},"end":{"line":760,"column":22}},"242":{"start":{"line":769,"column":6},"end":{"line":775,"column":7}},"243":{"start":{"line":773,"column":7},"end":{"line":773,"column":28}},"244":{"start":{"line":774,"column":7},"end":{"line":774,"column":22}},"245":{"start":{"line":779,"column":11},"end":{"line":789,"column":5}},"246":{"start":{"line":780,"column":5},"end":{"line":780,"column":69}},"247":{"start":{"line":781,"column":5},"end":{"line":781,"column":20}},"248":{"start":{"line":784,"column":11},"end":{"line":789,"column":5}},"249":{"start":{"line":787,"column":5},"end":{"line":787,"column":64}},"250":{"start":{"line":788,"column":5},"end":{"line":788,"column":20}},"251":{"start":{"line":793,"column":3},"end":{"line":840,"column":4}},"252":{"start":{"line":797,"column":4},"end":{"line":825,"column":5}},"253":{"start":{"line":798,"column":5},"end":{"line":798,"column":26}},"254":{"start":{"line":799,"column":5},"end":{"line":799,"column":28}},"255":{"start":{"line":805,"column":11},"end":{"line":825,"column":5}},"256":{"start":{"line":808,"column":5},"end":{"line":812,"column":6}},"257":{"start":{"line":809,"column":6},"end":{"line":809,"column":50}},"258":{"start":{"line":811,"column":6},"end":{"line":811,"column":52}},"259":{"start":{"line":815,"column":5},"end":{"line":815,"column":35}},"260":{"start":{"line":816,"column":5},"end":{"line":816,"column":23}},"261":{"start":{"line":817,"column":5},"end":{"line":819,"column":6}},"262":{"start":{"line":818,"column":6},"end":{"line":818,"column":60}},"263":{"start":{"line":820,"column":5},"end":{"line":820,"column":38}},"264":{"start":{"line":823,"column":5},"end":{"line":824,"column":14}},"265":{"start":{"line":827,"column":4},"end":{"line":839,"column":5}},"266":{"start":{"line":828,"column":5},"end":{"line":838,"column":6}},"267":{"start":{"line":829,"column":6},"end":{"line":831,"column":8}},"268":{"start":{"line":832,"column":6},"end":{"line":832,"column":21}},"269":{"start":{"line":835,"column":6},"end":{"line":837,"column":7}},"270":{"start":{"line":836,"column":7},"end":{"line":836,"column":39}},"271":{"start":{"line":845,"column":1},"end":{"line":845,"column":74}},"272":{"start":{"line":855,"column":12},"end":{"line":855,"column":14}},"273":{"start":{"line":859,"column":2},"end":{"line":862,"column":3}},"274":{"start":{"line":861,"column":3},"end":{"line":861,"column":32}},"275":{"start":{"line":863,"column":2},"end":{"line":863,"column":38}},"276":{"start":{"line":865,"column":1},"end":{"line":865,"column":14}},"277":{"start":{"line":873,"column":1},"end":{"line":873,"column":22}},"278":{"start":{"line":874,"column":1},"end":{"line":874,"column":11}},"279":{"start":{"line":882,"column":10},"end":{"line":882,"column":44}},"280":{"start":{"line":884,"column":1},"end":{"line":895,"column":2}},"281":{"start":{"line":885,"column":2},"end":{"line":885,"column":20}},"282":{"start":{"line":887,"column":2},"end":{"line":887,"column":15}},"283":{"start":{"line":890,"column":2},"end":{"line":892,"column":3}},"284":{"start":{"line":891,"column":3},"end":{"line":891,"column":35}},"285":{"start":{"line":894,"column":2},"end":{"line":894,"column":12}},"286":{"start":{"line":904,"column":11},"end":{"line":904,"column":27}},"287":{"start":{"line":905,"column":6},"end":{"line":905,"column":16}},"288":{"start":{"line":907,"column":1},"end":{"line":909,"column":2}},"289":{"start":{"line":908,"column":2},"end":{"line":908,"column":38}},"290":{"start":{"line":919,"column":11},"end":{"line":919,"column":17}},"291":{"start":{"line":920,"column":9},"end":{"line":921,"column":32}},"292":{"start":{"line":924,"column":1},"end":{"line":926,"column":2}},"293":{"start":{"line":925,"column":2},"end":{"line":925,"column":14}},"294":{"start":{"line":929,"column":1},"end":{"line":935,"column":2}},"295":{"start":{"line":930,"column":2},"end":{"line":934,"column":3}},"296":{"start":{"line":931,"column":3},"end":{"line":933,"column":4}},"297":{"start":{"line":932,"column":4},"end":{"line":932,"column":14}},"298":{"start":{"line":937,"column":1},"end":{"line":937,"column":19}},"299":{"start":{"line":945,"column":1},"end":{"line":948,"column":3}},"300":{"start":{"line":946,"column":13},"end":{"line":946,"column":40}},"301":{"start":{"line":947,"column":2},"end":{"line":947,"column":48}},"302":{"start":{"line":956,"column":1},"end":{"line":959,"column":3}},"303":{"start":{"line":957,"column":13},"end":{"line":957,"column":40}},"304":{"start":{"line":958,"column":2},"end":{"line":958,"column":71}},"305":{"start":{"line":969,"column":1},"end":{"line":1015,"column":3}},"306":{"start":{"line":974,"column":2},"end":{"line":1011,"column":3}},"307":{"start":{"line":983,"column":3},"end":{"line":1002,"column":4}},"308":{"start":{"line":986,"column":4},"end":{"line":992,"column":5}},"309":{"start":{"line":987,"column":5},"end":{"line":991,"column":6}},"310":{"start":{"line":988,"column":6},"end":{"line":988,"column":51}},"311":{"start":{"line":990,"column":6},"end":{"line":990,"column":40}},"312":{"start":{"line":996,"column":4},"end":{"line":1001,"column":44}},"313":{"start":{"line":1004,"column":3},"end":{"line":1004,"column":37}},"314":{"start":{"line":1009,"column":9},"end":{"line":1011,"column":3}},"315":{"start":{"line":1010,"column":3},"end":{"line":1010,"column":37}},"316":{"start":{"line":1014,"column":2},"end":{"line":1014,"column":15}},"317":{"start":{"line":1023,"column":1},"end":{"line":1037,"column":4}},"318":{"start":{"line":1024,"column":2},"end":{"line":1024,"column":23}},"319":{"start":{"line":1025,"column":2},"end":{"line":1036,"column":5}},"320":{"start":{"line":1027,"column":19},"end":{"line":1027,"column":50}},"321":{"start":{"line":1028,"column":8},"end":{"line":1028,"column":27}},"322":{"start":{"line":1031,"column":3},"end":{"line":1035,"column":4}},"323":{"start":{"line":1032,"column":4},"end":{"line":1034,"column":5}},"324":{"start":{"line":1033,"column":5},"end":{"line":1033,"column":39}},"325":{"start":{"line":1046,"column":1},"end":{"line":1046,"column":82}},"326":{"start":{"line":1050,"column":0},"end":{"line":1050,"column":30}},"327":{"start":{"line":1057,"column":0},"end":{"line":1062,"column":2}},"328":{"start":{"line":1060,"column":23},"end":{"line":1060,"column":75}},"329":{"start":{"line":1061,"column":1},"end":{"line":1061,"column":70}},"330":{"start":{"line":1069,"column":0},"end":{"line":1471,"column":2}},"331":{"start":{"line":1071,"column":8},"end":{"line":1071,"column":56}},"332":{"start":{"line":1074,"column":1},"end":{"line":1076,"column":2}},"333":{"start":{"line":1075,"column":2},"end":{"line":1075,"column":18}},"334":{"start":{"line":1079,"column":1},"end":{"line":1079,"column":16}},"335":{"start":{"line":1080,"column":1},"end":{"line":1080,"column":36}},"336":{"start":{"line":1081,"column":1},"end":{"line":1081,"column":37}},"337":{"start":{"line":1085,"column":1},"end":{"line":1096,"column":2}},"338":{"start":{"line":1089,"column":2},"end":{"line":1095,"column":3}},"339":{"start":{"line":1090,"column":3},"end":{"line":1090,"column":64}},"340":{"start":{"line":1093,"column":9},"end":{"line":1095,"column":3}},"341":{"start":{"line":1094,"column":3},"end":{"line":1094,"column":54}},"342":{"start":{"line":1104,"column":1},"end":{"line":1107,"column":4}},"343":{"start":{"line":1105,"column":2},"end":{"line":1105,"column":21}},"344":{"start":{"line":1106,"column":2},"end":{"line":1106,"column":39}},"345":{"start":{"line":1113,"column":1},"end":{"line":1116,"column":4}},"346":{"start":{"line":1114,"column":2},"end":{"line":1114,"column":47}},"347":{"start":{"line":1115,"column":2},"end":{"line":1115,"column":46}},"348":{"start":{"line":1119,"column":1},"end":{"line":1119,"column":82}},"349":{"start":{"line":1125,"column":1},"end":{"line":1128,"column":4}},"350":{"start":{"line":1126,"column":2},"end":{"line":1126,"column":41}},"351":{"start":{"line":1127,"column":2},"end":{"line":1127,"column":86}},"352":{"start":{"line":1131,"column":1},"end":{"line":1183,"column":2}},"353":{"start":{"line":1132,"column":2},"end":{"line":1137,"column":4}},"354":{"start":{"line":1133,"column":16},"end":{"line":1133,"column":50}},"355":{"start":{"line":1134,"column":3},"end":{"line":1136,"column":5}},"356":{"start":{"line":1135,"column":4},"end":{"line":1135,"column":46}},"357":{"start":{"line":1138,"column":2},"end":{"line":1143,"column":4}},"358":{"start":{"line":1139,"column":3},"end":{"line":1142,"column":4}},"359":{"start":{"line":1140,"column":15},"end":{"line":1140,"column":43}},"360":{"start":{"line":1141,"column":4},"end":{"line":1141,"column":32}},"361":{"start":{"line":1145,"column":2},"end":{"line":1152,"column":4}},"362":{"start":{"line":1146,"column":16},"end":{"line":1146,"column":50}},"363":{"start":{"line":1147,"column":3},"end":{"line":1151,"column":5}},"364":{"start":{"line":1148,"column":15},"end":{"line":1149,"column":32}},"365":{"start":{"line":1150,"column":4},"end":{"line":1150,"column":41}},"366":{"start":{"line":1156,"column":2},"end":{"line":1182,"column":4}},"367":{"start":{"line":1157,"column":3},"end":{"line":1181,"column":4}},"368":{"start":{"line":1159,"column":12},"end":{"line":1159,"column":40}},"369":{"start":{"line":1161,"column":4},"end":{"line":1178,"column":5}},"370":{"start":{"line":1164,"column":5},"end":{"line":1164,"column":40}},"371":{"start":{"line":1165,"column":5},"end":{"line":1167,"column":6}},"372":{"start":{"line":1166,"column":6},"end":{"line":1166,"column":22}},"373":{"start":{"line":1170,"column":5},"end":{"line":1170,"column":45}},"374":{"start":{"line":1171,"column":5},"end":{"line":1171,"column":11}},"375":{"start":{"line":1172,"column":5},"end":{"line":1177,"column":6}},"376":{"start":{"line":1173,"column":6},"end":{"line":1173,"column":41}},"377":{"start":{"line":1174,"column":6},"end":{"line":1176,"column":7}},"378":{"start":{"line":1175,"column":7},"end":{"line":1175,"column":23}},"379":{"start":{"line":1180,"column":4},"end":{"line":1180,"column":14}},"380":{"start":{"line":1186,"column":1},"end":{"line":1215,"column":4}},"381":{"start":{"line":1188,"column":3},"end":{"line":1194,"column":4}},"382":{"start":{"line":1189,"column":4},"end":{"line":1189,"column":47}},"383":{"start":{"line":1192,"column":10},"end":{"line":1194,"column":4}},"384":{"start":{"line":1193,"column":4},"end":{"line":1193,"column":43}},"385":{"start":{"line":1199,"column":10},"end":{"line":1199,"column":12}},"386":{"start":{"line":1200,"column":8},"end":{"line":1200,"column":9}},"387":{"start":{"line":1202,"column":14},"end":{"line":1202,"column":49}},"388":{"start":{"line":1205,"column":3},"end":{"line":1213,"column":4}},"389":{"start":{"line":1206,"column":4},"end":{"line":1210,"column":5}},"390":{"start":{"line":1207,"column":5},"end":{"line":1209,"column":6}},"391":{"start":{"line":1208,"column":6},"end":{"line":1208,"column":23}},"392":{"start":{"line":1212,"column":4},"end":{"line":1212,"column":15}},"393":{"start":{"line":1214,"column":3},"end":{"line":1214,"column":18}},"394":{"start":{"line":1218,"column":1},"end":{"line":1222,"column":3}},"395":{"start":{"line":1219,"column":2},"end":{"line":1221,"column":3}},"396":{"start":{"line":1220,"column":3},"end":{"line":1220,"column":54}},"397":{"start":{"line":1230,"column":1},"end":{"line":1230,"column":20}},"398":{"start":{"line":1237,"column":1},"end":{"line":1237,"column":16}},"399":{"start":{"line":1239,"column":1},"end":{"line":1319,"column":2}},"400":{"start":{"line":1242,"column":2},"end":{"line":1284,"column":5}},"401":{"start":{"line":1248,"column":3},"end":{"line":1250,"column":45}},"402":{"start":{"line":1256,"column":3},"end":{"line":1258,"column":4}},"403":{"start":{"line":1257,"column":4},"end":{"line":1257,"column":61}},"404":{"start":{"line":1262,"column":3},"end":{"line":1264,"column":4}},"405":{"start":{"line":1263,"column":4},"end":{"line":1263,"column":73}},"406":{"start":{"line":1267,"column":3},"end":{"line":1269,"column":4}},"407":{"start":{"line":1268,"column":4},"end":{"line":1268,"column":25}},"408":{"start":{"line":1274,"column":3},"end":{"line":1276,"column":4}},"409":{"start":{"line":1275,"column":4},"end":{"line":1275,"column":31}},"410":{"start":{"line":1281,"column":3},"end":{"line":1283,"column":4}},"411":{"start":{"line":1282,"column":4},"end":{"line":1282,"column":31}},"412":{"start":{"line":1286,"column":2},"end":{"line":1318,"column":5}},"413":{"start":{"line":1287,"column":3},"end":{"line":1288,"column":53}},"414":{"start":{"line":1292,"column":15},"end":{"line":1292,"column":46}},"415":{"start":{"line":1293,"column":3},"end":{"line":1293,"column":42}},"416":{"start":{"line":1294,"column":3},"end":{"line":1294,"column":55}},"417":{"start":{"line":1298,"column":3},"end":{"line":1300,"column":4}},"418":{"start":{"line":1299,"column":4},"end":{"line":1299,"column":58}},"419":{"start":{"line":1304,"column":3},"end":{"line":1306,"column":4}},"420":{"start":{"line":1305,"column":4},"end":{"line":1305,"column":46}},"421":{"start":{"line":1310,"column":3},"end":{"line":1310,"column":45}},"422":{"start":{"line":1311,"column":3},"end":{"line":1313,"column":4}},"423":{"start":{"line":1312,"column":4},"end":{"line":1312,"column":46}},"424":{"start":{"line":1316,"column":3},"end":{"line":1316,"column":31}},"425":{"start":{"line":1317,"column":3},"end":{"line":1317,"column":26}},"426":{"start":{"line":1321,"column":1},"end":{"line":1337,"column":2}},"427":{"start":{"line":1327,"column":2},"end":{"line":1336,"column":5}},"428":{"start":{"line":1330,"column":3},"end":{"line":1330,"column":55}},"429":{"start":{"line":1334,"column":3},"end":{"line":1334,"column":35}},"430":{"start":{"line":1335,"column":3},"end":{"line":1335,"column":39}},"431":{"start":{"line":1339,"column":1},"end":{"line":1339,"column":67}},"432":{"start":{"line":1340,"column":1},"end":{"line":1340,"column":79}},"433":{"start":{"line":1344,"column":1},"end":{"line":1344,"column":62}},"434":{"start":{"line":1349,"column":1},"end":{"line":1368,"column":4}},"435":{"start":{"line":1351,"column":15},"end":{"line":1351,"column":55}},"436":{"start":{"line":1352,"column":10},"end":{"line":1352,"column":27}},"437":{"start":{"line":1353,"column":3},"end":{"line":1357,"column":6}},"438":{"start":{"line":1360,"column":3},"end":{"line":1366,"column":4}},"439":{"start":{"line":1361,"column":4},"end":{"line":1365,"column":5}},"440":{"start":{"line":1362,"column":5},"end":{"line":1364,"column":6}},"441":{"start":{"line":1363,"column":6},"end":{"line":1363,"column":18}},"442":{"start":{"line":1367,"column":3},"end":{"line":1367,"column":16}},"443":{"start":{"line":1374,"column":1},"end":{"line":1468,"column":3}},"444":{"start":{"line":1378,"column":2},"end":{"line":1381,"column":3}},"445":{"start":{"line":1379,"column":3},"end":{"line":1379,"column":23}},"446":{"start":{"line":1380,"column":3},"end":{"line":1380,"column":12}},"447":{"start":{"line":1384,"column":16},"end":{"line":1384,"column":71}},"448":{"start":{"line":1385,"column":2},"end":{"line":1387,"column":3}},"449":{"start":{"line":1386,"column":3},"end":{"line":1386,"column":18}},"450":{"start":{"line":1390,"column":2},"end":{"line":1394,"column":5}},"451":{"start":{"line":1397,"column":2},"end":{"line":1412,"column":3}},"452":{"start":{"line":1401,"column":3},"end":{"line":1403,"column":4}},"453":{"start":{"line":1402,"column":4},"end":{"line":1402,"column":14}},"454":{"start":{"line":1404,"column":3},"end":{"line":1406,"column":4}},"455":{"start":{"line":1405,"column":4},"end":{"line":1405,"column":13}},"456":{"start":{"line":1409,"column":3},"end":{"line":1411,"column":6}},"457":{"start":{"line":1414,"column":2},"end":{"line":1414,"column":30}},"458":{"start":{"line":1418,"column":2},"end":{"line":1421,"column":3}},"459":{"start":{"line":1419,"column":3},"end":{"line":1419,"column":23}},"460":{"start":{"line":1420,"column":3},"end":{"line":1420,"column":12}},"461":{"start":{"line":1424,"column":7},"end":{"line":1424,"column":8}},"462":{"start":{"line":1425,"column":9},"end":{"line":1425,"column":21}},"463":{"start":{"line":1426,"column":9},"end":{"line":1426,"column":21}},"464":{"start":{"line":1427,"column":8},"end":{"line":1427,"column":13}},"465":{"start":{"line":1428,"column":8},"end":{"line":1428,"column":13}},"466":{"start":{"line":1431,"column":2},"end":{"line":1443,"column":3}},"467":{"start":{"line":1432,"column":3},"end":{"line":1438,"column":6}},"468":{"start":{"line":1441,"column":9},"end":{"line":1443,"column":3}},"469":{"start":{"line":1442,"column":3},"end":{"line":1442,"column":31}},"470":{"start":{"line":1446,"column":2},"end":{"line":1446,"column":10}},"471":{"start":{"line":1447,"column":2},"end":{"line":1449,"column":3}},"472":{"start":{"line":1448,"column":3},"end":{"line":1448,"column":21}},"473":{"start":{"line":1450,"column":2},"end":{"line":1450,"column":10}},"474":{"start":{"line":1451,"column":2},"end":{"line":1453,"column":3}},"475":{"start":{"line":1452,"column":3},"end":{"line":1452,"column":21}},"476":{"start":{"line":1456,"column":2},"end":{"line":1458,"column":3}},"477":{"start":{"line":1457,"column":3},"end":{"line":1457,"column":7}},"478":{"start":{"line":1460,"column":2},"end":{"line":1467,"column":5}},"479":{"start":{"line":1470,"column":1},"end":{"line":1470,"column":17}},"480":{"start":{"line":1473,"column":0},"end":{"line":1475,"column":2}},"481":{"start":{"line":1474,"column":1},"end":{"line":1474,"column":45}},"482":{"start":{"line":1477,"column":0},"end":{"line":1505,"column":2}},"483":{"start":{"line":1479,"column":1},"end":{"line":1481,"column":2}},"484":{"start":{"line":1480,"column":2},"end":{"line":1480,"column":22}},"485":{"start":{"line":1484,"column":1},"end":{"line":1484,"column":51}},"486":{"start":{"line":1486,"column":1},"end":{"line":1502,"column":2}},"487":{"start":{"line":1491,"column":2},"end":{"line":1501,"column":16}},"488":{"start":{"line":1492,"column":13},"end":{"line":1492,"column":39}},"489":{"start":{"line":1495,"column":3},"end":{"line":1500,"column":4}},"490":{"start":{"line":1499,"column":4},"end":{"line":1499,"column":15}},"491":{"start":{"line":1504,"column":1},"end":{"line":1504,"column":60}},"492":{"start":{"line":1507,"column":0},"end":{"line":1513,"column":2}},"493":{"start":{"line":1509,"column":1},"end":{"line":1511,"column":2}},"494":{"start":{"line":1510,"column":2},"end":{"line":1510,"column":25}},"495":{"start":{"line":1512,"column":1},"end":{"line":1512,"column":34}},"496":{"start":{"line":1515,"column":0},"end":{"line":1534,"column":2}},"497":{"start":{"line":1517,"column":1},"end":{"line":1519,"column":2}},"498":{"start":{"line":1518,"column":2},"end":{"line":1518,"column":22}},"499":{"start":{"line":1521,"column":10},"end":{"line":1521,"column":47}},"500":{"start":{"line":1523,"column":8},"end":{"line":1525,"column":12}},"501":{"start":{"line":1527,"column":1},"end":{"line":1533,"column":9}},"502":{"start":{"line":1536,"column":0},"end":{"line":1538,"column":2}},"503":{"start":{"line":1537,"column":1},"end":{"line":1537,"column":53}},"504":{"start":{"line":1540,"column":0},"end":{"line":1542,"column":2}},"505":{"start":{"line":1541,"column":1},"end":{"line":1541,"column":68}},"506":{"start":{"line":1548,"column":0},"end":{"line":1575,"column":2}},"507":{"start":{"line":1550,"column":15},"end":{"line":1550,"column":17}},"508":{"start":{"line":1551,"column":6},"end":{"line":1551,"column":7}},"509":{"start":{"line":1552,"column":6},"end":{"line":1552,"column":7}},"510":{"start":{"line":1555,"column":1},"end":{"line":1555,"column":42}},"511":{"start":{"line":1556,"column":1},"end":{"line":1556,"column":55}},"512":{"start":{"line":1557,"column":1},"end":{"line":1557,"column":27}},"513":{"start":{"line":1559,"column":1},"end":{"line":1568,"column":2}},"514":{"start":{"line":1560,"column":2},"end":{"line":1564,"column":3}},"515":{"start":{"line":1561,"column":3},"end":{"line":1563,"column":4}},"516":{"start":{"line":1562,"column":4},"end":{"line":1562,"column":29}},"517":{"start":{"line":1565,"column":2},"end":{"line":1567,"column":3}},"518":{"start":{"line":1566,"column":3},"end":{"line":1566,"column":40}},"519":{"start":{"line":1572,"column":1},"end":{"line":1572,"column":18}},"520":{"start":{"line":1574,"column":1},"end":{"line":1574,"column":16}},"521":{"start":{"line":1581,"column":0},"end":{"line":1610,"column":2}},"522":{"start":{"line":1583,"column":8},"end":{"line":1583,"column":10}},"523":{"start":{"line":1584,"column":6},"end":{"line":1584,"column":7}},"524":{"start":{"line":1585,"column":13},"end":{"line":1585,"column":26}},"525":{"start":{"line":1587,"column":1},"end":{"line":1606,"column":2}},"526":{"start":{"line":1589,"column":2},"end":{"line":1592,"column":3}},"527":{"start":{"line":1591,"column":3},"end":{"line":1591,"column":26}},"528":{"start":{"line":1593,"column":8},"end":{"line":1606,"column":2}},"529":{"start":{"line":1596,"column":2},"end":{"line":1603,"column":3}},"530":{"start":{"line":1597,"column":3},"end":{"line":1597,"column":27}},"531":{"start":{"line":1600,"column":3},"end":{"line":1602,"column":4}},"532":{"start":{"line":1601,"column":4},"end":{"line":1601,"column":27}},"533":{"start":{"line":1604,"column":8},"end":{"line":1606,"column":2}},"534":{"start":{"line":1605,"column":2},"end":{"line":1605,"column":24}},"535":{"start":{"line":1609,"column":1},"end":{"line":1609,"column":12}},"536":{"start":{"line":1612,"column":0},"end":{"line":2114,"column":2}},"537":{"start":{"line":1634,"column":3},"end":{"line":1634,"column":55}},"538":{"start":{"line":1637,"column":3},"end":{"line":1637,"column":89}},"539":{"start":{"line":1639,"column":3},"end":{"line":1641,"column":4}},"540":{"start":{"line":1640,"column":4},"end":{"line":1640,"column":36}},"541":{"start":{"line":1643,"column":3},"end":{"line":1643,"column":30}},"542":{"start":{"line":1657,"column":3},"end":{"line":1657,"column":37}},"543":{"start":{"line":1659,"column":3},"end":{"line":1673,"column":4}},"544":{"start":{"line":1661,"column":4},"end":{"line":1663,"column":5}},"545":{"start":{"line":1662,"column":5},"end":{"line":1662,"column":30}},"546":{"start":{"line":1667,"column":4},"end":{"line":1667,"column":110}},"547":{"start":{"line":1668,"column":4},"end":{"line":1668,"column":66}},"548":{"start":{"line":1671,"column":10},"end":{"line":1673,"column":4}},"549":{"start":{"line":1672,"column":4},"end":{"line":1672,"column":29}},"550":{"start":{"line":1675,"column":3},"end":{"line":1675,"column":16}},"551":{"start":{"line":1680,"column":15},"end":{"line":1680,"column":36}},"552":{"start":{"line":1682,"column":3},"end":{"line":1684,"column":4}},"553":{"start":{"line":1683,"column":4},"end":{"line":1683,"column":16}},"554":{"start":{"line":1687,"column":3},"end":{"line":1700,"column":4}},"555":{"start":{"line":1688,"column":4},"end":{"line":1688,"column":42}},"556":{"start":{"line":1691,"column":10},"end":{"line":1700,"column":4}},"557":{"start":{"line":1698,"column":4},"end":{"line":1698,"column":43}},"558":{"start":{"line":1699,"column":4},"end":{"line":1699,"column":43}},"559":{"start":{"line":1703,"column":3},"end":{"line":1703,"column":30}},"560":{"start":{"line":1710,"column":18},"end":{"line":1710,"column":80}},"561":{"start":{"line":1711,"column":3},"end":{"line":1715,"column":6}},"562":{"start":{"line":1712,"column":17},"end":{"line":1712,"column":29}},"563":{"start":{"line":1714,"column":5},"end":{"line":1714,"column":70}},"564":{"start":{"line":1719,"column":17},"end":{"line":1719,"column":46}},"565":{"start":{"line":1721,"column":3},"end":{"line":1725,"column":7}},"566":{"start":{"line":1724,"column":5},"end":{"line":1724,"column":161}},"567":{"start":{"line":1729,"column":3},"end":{"line":1749,"column":5}},"568":{"start":{"line":1730,"column":17},"end":{"line":1730,"column":42}},"569":{"start":{"line":1732,"column":4},"end":{"line":1734,"column":5}},"570":{"start":{"line":1733,"column":5},"end":{"line":1733,"column":30}},"571":{"start":{"line":1735,"column":4},"end":{"line":1737,"column":5}},"572":{"start":{"line":1736,"column":5},"end":{"line":1736,"column":17}},"573":{"start":{"line":1739,"column":4},"end":{"line":1739,"column":17}},"574":{"start":{"line":1741,"column":4},"end":{"line":1748,"column":11}},"575":{"start":{"line":1753,"column":16},"end":{"line":1753,"column":44}},"576":{"start":{"line":1754,"column":14},"end":{"line":1754,"column":41}},"577":{"start":{"line":1755,"column":13},"end":{"line":1755,"column":31}},"578":{"start":{"line":1757,"column":3},"end":{"line":1878,"column":6}},"579":{"start":{"line":1761,"column":5},"end":{"line":1761,"column":30}},"580":{"start":{"line":1766,"column":12},"end":{"line":1766,"column":66}},"581":{"start":{"line":1767,"column":15},"end":{"line":1767,"column":30}},"582":{"start":{"line":1768,"column":13},"end":{"line":1768,"column":50}},"583":{"start":{"line":1769,"column":17},"end":{"line":1769,"column":32}},"584":{"start":{"line":1770,"column":13},"end":{"line":1770,"column":18}},"585":{"start":{"line":1772,"column":5},"end":{"line":1877,"column":6}},"586":{"start":{"line":1775,"column":6},"end":{"line":1790,"column":7}},"587":{"start":{"line":1776,"column":7},"end":{"line":1788,"column":8}},"588":{"start":{"line":1777,"column":8},"end":{"line":1777,"column":20}},"589":{"start":{"line":1778,"column":8},"end":{"line":1785,"column":9}},"590":{"start":{"line":1779,"column":9},"end":{"line":1784,"column":10}},"591":{"start":{"line":1783,"column":10},"end":{"line":1783,"column":23}},"592":{"start":{"line":1787,"column":8},"end":{"line":1787,"column":65}},"593":{"start":{"line":1789,"column":7},"end":{"line":1789,"column":19}},"594":{"start":{"line":1792,"column":6},"end":{"line":1792,"column":65}},"595":{"start":{"line":1795,"column":6},"end":{"line":1872,"column":7}},"596":{"start":{"line":1800,"column":7},"end":{"line":1800,"column":21}},"597":{"start":{"line":1801,"column":7},"end":{"line":1801,"column":62}},"598":{"start":{"line":1805,"column":7},"end":{"line":1806,"column":43}},"599":{"start":{"line":1808,"column":7},"end":{"line":1808,"column":41}},"600":{"start":{"line":1809,"column":7},"end":{"line":1809,"column":56}},"601":{"start":{"line":1810,"column":7},"end":{"line":1810,"column":38}},"602":{"start":{"line":1811,"column":7},"end":{"line":1811,"column":58}},"603":{"start":{"line":1813,"column":7},"end":{"line":1823,"column":8}},"604":{"start":{"line":1819,"column":8},"end":{"line":1822,"column":9}},"605":{"start":{"line":1820,"column":9},"end":{"line":1820,"column":60}},"606":{"start":{"line":1821,"column":9},"end":{"line":1821,"column":15}},"607":{"start":{"line":1827,"column":7},"end":{"line":1840,"column":8}},"608":{"start":{"line":1829,"column":8},"end":{"line":1829,"column":20}},"609":{"start":{"line":1830,"column":8},"end":{"line":1830,"column":63}},"610":{"start":{"line":1834,"column":8},"end":{"line":1835,"column":44}},"611":{"start":{"line":1837,"column":8},"end":{"line":1837,"column":42}},"612":{"start":{"line":1838,"column":8},"end":{"line":1838,"column":57}},"613":{"start":{"line":1839,"column":8},"end":{"line":1839,"column":25}},"614":{"start":{"line":1844,"column":7},"end":{"line":1871,"column":8}},"615":{"start":{"line":1846,"column":8},"end":{"line":1870,"column":9}},"616":{"start":{"line":1849,"column":9},"end":{"line":1869,"column":10}},"617":{"start":{"line":1855,"column":10},"end":{"line":1864,"column":11}},"618":{"start":{"line":1856,"column":11},"end":{"line":1856,"column":66}},"619":{"start":{"line":1860,"column":11},"end":{"line":1861,"column":47}},"620":{"start":{"line":1863,"column":11},"end":{"line":1863,"column":51}},"621":{"start":{"line":1866,"column":10},"end":{"line":1868,"column":11}},"622":{"start":{"line":1867,"column":11},"end":{"line":1867,"column":17}},"623":{"start":{"line":1875,"column":6},"end":{"line":1875,"column":19}},"624":{"start":{"line":1876,"column":6},"end":{"line":1876,"column":75}},"625":{"start":{"line":1887,"column":9},"end":{"line":1888,"column":52}},"626":{"start":{"line":1893,"column":3},"end":{"line":1895,"column":4}},"627":{"start":{"line":1894,"column":4},"end":{"line":1894,"column":26}},"628":{"start":{"line":1898,"column":3},"end":{"line":1913,"column":4}},"629":{"start":{"line":1899,"column":4},"end":{"line":1899,"column":44}},"630":{"start":{"line":1900,"column":4},"end":{"line":1912,"column":7}},"631":{"start":{"line":1903,"column":17},"end":{"line":1903,"column":37}},"632":{"start":{"line":1904,"column":11},"end":{"line":1904,"column":25}},"633":{"start":{"line":1905,"column":6},"end":{"line":1908,"column":7}},"634":{"start":{"line":1906,"column":7},"end":{"line":1906,"column":41}},"635":{"start":{"line":1907,"column":7},"end":{"line":1907,"column":54}},"636":{"start":{"line":1911,"column":6},"end":{"line":1911,"column":33}},"637":{"start":{"line":1915,"column":3},"end":{"line":1915,"column":13}},"638":{"start":{"line":1925,"column":15},"end":{"line":1925,"column":17}},"639":{"start":{"line":1926,"column":14},"end":{"line":1926,"column":16}},"640":{"start":{"line":1927,"column":14},"end":{"line":1927,"column":56}},"641":{"start":{"line":1929,"column":3},"end":{"line":1948,"column":6}},"642":{"start":{"line":1932,"column":18},"end":{"line":1932,"column":48}},"643":{"start":{"line":1933,"column":10},"end":{"line":1933,"column":21}},"644":{"start":{"line":1936,"column":5},"end":{"line":1940,"column":6}},"645":{"start":{"line":1937,"column":6},"end":{"line":1939,"column":7}},"646":{"start":{"line":1938,"column":7},"end":{"line":1938,"column":38}},"647":{"start":{"line":1943,"column":5},"end":{"line":1943,"column":21}},"648":{"start":{"line":1944,"column":5},"end":{"line":1944,"column":42}},"649":{"start":{"line":1946,"column":5},"end":{"line":1946,"column":21}},"650":{"start":{"line":1947,"column":5},"end":{"line":1947,"column":27}},"651":{"start":{"line":1952,"column":3},"end":{"line":1954,"column":5}},"652":{"start":{"line":1953,"column":4},"end":{"line":1953,"column":47}},"653":{"start":{"line":1958,"column":3},"end":{"line":1958,"column":47}},"654":{"start":{"line":1959,"column":3},"end":{"line":1961,"column":5}},"655":{"start":{"line":1960,"column":4},"end":{"line":1960,"column":90}},"656":{"start":{"line":1973,"column":3},"end":{"line":1975,"column":4}},"657":{"start":{"line":1974,"column":4},"end":{"line":1974,"column":48}},"658":{"start":{"line":1976,"column":3},"end":{"line":1976,"column":61}},"659":{"start":{"line":1977,"column":3},"end":{"line":1989,"column":5}},"660":{"start":{"line":1979,"column":4},"end":{"line":1987,"column":64}},"661":{"start":{"line":1980,"column":5},"end":{"line":1986,"column":6}},"662":{"start":{"line":1984,"column":6},"end":{"line":1984,"column":40}},"663":{"start":{"line":1985,"column":6},"end":{"line":1985,"column":71}},"664":{"start":{"line":1988,"column":4},"end":{"line":1988,"column":17}},"665":{"start":{"line":1994,"column":14},"end":{"line":1994,"column":53}},"666":{"start":{"line":1995,"column":3},"end":{"line":1995,"column":46}},"667":{"start":{"line":1999,"column":3},"end":{"line":1999,"column":27}},"668":{"start":{"line":2003,"column":3},"end":{"line":2003,"column":137}},"669":{"start":{"line":2013,"column":18},"end":{"line":2013,"column":45}},"670":{"start":{"line":2014,"column":3},"end":{"line":2014,"column":97}},"671":{"start":{"line":2020,"column":3},"end":{"line":2022,"column":4}},"672":{"start":{"line":2021,"column":4},"end":{"line":2021,"column":34}},"673":{"start":{"line":2024,"column":3},"end":{"line":2024,"column":33}},"674":{"start":{"line":2033,"column":3},"end":{"line":2037,"column":4}},"675":{"start":{"line":2034,"column":4},"end":{"line":2036,"column":5}},"676":{"start":{"line":2035,"column":5},"end":{"line":2035,"column":18}},"677":{"start":{"line":2038,"column":3},"end":{"line":2038,"column":15}},"678":{"start":{"line":2042,"column":3},"end":{"line":2042,"column":41}},"679":{"start":{"line":2047,"column":3},"end":{"line":2047,"column":40}},"680":{"start":{"line":2051,"column":3},"end":{"line":2051,"column":40}},"681":{"start":{"line":2055,"column":14},"end":{"line":2055,"column":41}},"682":{"start":{"line":2056,"column":3},"end":{"line":2056,"column":74}},"683":{"start":{"line":2061,"column":3},"end":{"line":2066,"column":84}},"684":{"start":{"line":2071,"column":3},"end":{"line":2071,"column":16}},"685":{"start":{"line":2075,"column":3},"end":{"line":2075,"column":25}},"686":{"start":{"line":2079,"column":3},"end":{"line":2079,"column":58}},"687":{"start":{"line":2083,"column":11},"end":{"line":2083,"column":12}},"688":{"start":{"line":2084,"column":3},"end":{"line":2086,"column":4}},"689":{"start":{"line":2085,"column":4},"end":{"line":2085,"column":27}},"690":{"start":{"line":2087,"column":3},"end":{"line":2087,"column":23}},"691":{"start":{"line":2091,"column":11},"end":{"line":2091,"column":12}},"692":{"start":{"line":2092,"column":3},"end":{"line":2094,"column":4}},"693":{"start":{"line":2093,"column":4},"end":{"line":2093,"column":27}},"694":{"start":{"line":2095,"column":3},"end":{"line":2095,"column":23}},"695":{"start":{"line":2099,"column":11},"end":{"line":2099,"column":54}},"696":{"start":{"line":2100,"column":3},"end":{"line":2102,"column":4}},"697":{"start":{"line":2101,"column":4},"end":{"line":2101,"column":27}},"698":{"start":{"line":2103,"column":3},"end":{"line":2103,"column":23}},"699":{"start":{"line":2107,"column":11},"end":{"line":2107,"column":54}},"700":{"start":{"line":2108,"column":3},"end":{"line":2110,"column":4}},"701":{"start":{"line":2109,"column":4},"end":{"line":2109,"column":27}},"702":{"start":{"line":2111,"column":3},"end":{"line":2111,"column":23}},"703":{"start":{"line":2116,"column":0},"end":{"line":2116,"column":41}},"704":{"start":{"line":2119,"column":0},"end":{"line":2121,"column":1}},"705":{"start":{"line":2120,"column":1},"end":{"line":2120,"column":44}},"706":{"start":{"line":2122,"column":0},"end":{"line":2124,"column":1}},"707":{"start":{"line":2123,"column":1},"end":{"line":2123,"column":45}},"708":{"start":{"line":2128,"column":0},"end":{"line":2128,"column":51}},"709":{"start":{"line":2129,"column":0},"end":{"line":2129,"column":35}},"710":{"start":{"line":2131,"column":0},"end":{"line":2196,"column":2}},"711":{"start":{"line":2134,"column":11},"end":{"line":2134,"column":39}},"712":{"start":{"line":2136,"column":1},"end":{"line":2138,"column":2}},"713":{"start":{"line":2137,"column":2},"end":{"line":2137,"column":43}},"714":{"start":{"line":2140,"column":1},"end":{"line":2140,"column":18}},"715":{"start":{"line":2141,"column":1},"end":{"line":2141,"column":13}},"716":{"start":{"line":2142,"column":1},"end":{"line":2142,"column":29}},"717":{"start":{"line":2144,"column":1},"end":{"line":2185,"column":2}},"718":{"start":{"line":2147,"column":2},"end":{"line":2153,"column":3}},"719":{"start":{"line":2148,"column":3},"end":{"line":2151,"column":4}},"720":{"start":{"line":2150,"column":4},"end":{"line":2150,"column":52}},"721":{"start":{"line":2152,"column":3},"end":{"line":2152,"column":32}},"722":{"start":{"line":2155,"column":2},"end":{"line":2155,"column":18}},"723":{"start":{"line":2158,"column":2},"end":{"line":2166,"column":3}},"724":{"start":{"line":2159,"column":3},"end":{"line":2159,"column":27}},"725":{"start":{"line":2160,"column":3},"end":{"line":2164,"column":6}},"726":{"start":{"line":2165,"column":3},"end":{"line":2165,"column":41}},"727":{"start":{"line":2169,"column":2},"end":{"line":2180,"column":3}},"728":{"start":{"line":2170,"column":3},"end":{"line":2179,"column":4}},"729":{"start":{"line":2172,"column":4},"end":{"line":2172,"column":28}},"730":{"start":{"line":2173,"column":4},"end":{"line":2177,"column":7}},"731":{"start":{"line":2178,"column":4},"end":{"line":2178,"column":42}},"732":{"start":{"line":2182,"column":2},"end":{"line":2184,"column":3}},"733":{"start":{"line":2183,"column":3},"end":{"line":2183,"column":9}},"734":{"start":{"line":2190,"column":1},"end":{"line":2195,"column":45}},"735":{"start":{"line":2199,"column":9},"end":{"line":2199,"column":10}},"736":{"start":{"line":2200,"column":8},"end":{"line":2200,"column":21}},"737":{"start":{"line":2201,"column":13},"end":{"line":2201,"column":15}},"738":{"start":{"line":2202,"column":1},"end":{"line":2204,"column":2}},"739":{"start":{"line":2203,"column":2},"end":{"line":2203,"column":30}},"740":{"start":{"line":2205,"column":1},"end":{"line":2205,"column":17}},"741":{"start":{"line":2209,"column":11},"end":{"line":2209,"column":25}},"742":{"start":{"line":2210,"column":9},"end":{"line":2210,"column":24}},"743":{"start":{"line":2211,"column":8},"end":{"line":2211,"column":19}},"744":{"start":{"line":2212,"column":21},"end":{"line":2212,"column":49}},"745":{"start":{"line":2213,"column":13},"end":{"line":2213,"column":19}},"746":{"start":{"line":2215,"column":1},"end":{"line":2269,"column":4}},"747":{"start":{"line":2218,"column":3},"end":{"line":2222,"column":4}},"748":{"start":{"line":2219,"column":4},"end":{"line":2221,"column":5}},"749":{"start":{"line":2220,"column":5},"end":{"line":2220,"column":42}},"750":{"start":{"line":2223,"column":3},"end":{"line":2223,"column":16}},"751":{"start":{"line":2229,"column":15},"end":{"line":2229,"column":36}},"752":{"start":{"line":2232,"column":3},"end":{"line":2267,"column":4}},"753":{"start":{"line":2233,"column":4},"end":{"line":2239,"column":5}},"754":{"start":{"line":2234,"column":5},"end":{"line":2238,"column":6}},"755":{"start":{"line":2235,"column":6},"end":{"line":2237,"column":7}},"756":{"start":{"line":2236,"column":7},"end":{"line":2236,"column":19}},"757":{"start":{"line":2241,"column":4},"end":{"line":2266,"column":5}},"758":{"start":{"line":2242,"column":5},"end":{"line":2265,"column":6}},"759":{"start":{"line":2243,"column":6},"end":{"line":2243,"column":61}},"760":{"start":{"line":2247,"column":6},"end":{"line":2247,"column":86}},"761":{"start":{"line":2249,"column":6},"end":{"line":2264,"column":7}},"762":{"start":{"line":2250,"column":7},"end":{"line":2250,"column":34}},"763":{"start":{"line":2251,"column":13},"end":{"line":2264,"column":7}},"764":{"start":{"line":2255,"column":7},"end":{"line":2255,"column":46}},"765":{"start":{"line":2258,"column":7},"end":{"line":2258,"column":37}},"766":{"start":{"line":2261,"column":7},"end":{"line":2263,"column":8}},"767":{"start":{"line":2262,"column":8},"end":{"line":2262,"column":20}},"768":{"start":{"line":2268,"column":3},"end":{"line":2268,"column":16}},"769":{"start":{"line":2273,"column":1},"end":{"line":2283,"column":14}},"770":{"start":{"line":2275,"column":11},"end":{"line":2275,"column":26}},"771":{"start":{"line":2276,"column":3},"end":{"line":2280,"column":4}},"772":{"start":{"line":2277,"column":4},"end":{"line":2279,"column":5}},"773":{"start":{"line":2278,"column":5},"end":{"line":2278,"column":18}},"774":{"start":{"line":2281,"column":3},"end":{"line":2281,"column":15}},"775":{"start":{"line":2287,"column":9},"end":{"line":2287,"column":10}},"776":{"start":{"line":2288,"column":8},"end":{"line":2288,"column":23}},"777":{"start":{"line":2289,"column":1},"end":{"line":2291,"column":2}},"778":{"start":{"line":2290,"column":2},"end":{"line":2290,"column":43}},"779":{"start":{"line":2292,"column":1},"end":{"line":2292,"column":16}},"780":{"start":{"line":2297,"column":17},"end":{"line":2297,"column":19}},"781":{"start":{"line":2298,"column":6},"end":{"line":2298,"column":7}},"782":{"start":{"line":2299,"column":8},"end":{"line":2299,"column":24}},"783":{"start":{"line":2300,"column":11},"end":{"line":2300,"column":22}},"784":{"start":{"line":2302,"column":1},"end":{"line":2311,"column":2}},"785":{"start":{"line":2303,"column":2},"end":{"line":2310,"column":3}},"786":{"start":{"line":2304,"column":3},"end":{"line":2309,"column":4}},"787":{"start":{"line":2305,"column":4},"end":{"line":2305,"column":30}},"788":{"start":{"line":2306,"column":4},"end":{"line":2308,"column":5}},"789":{"start":{"line":2307,"column":5},"end":{"line":2307,"column":19}},"790":{"start":{"line":2313,"column":1},"end":{"line":2313,"column":21}},"791":{"start":{"line":2317,"column":1},"end":{"line":2319,"column":2}},"792":{"start":{"line":2318,"column":2},"end":{"line":2318,"column":40}},"793":{"start":{"line":2320,"column":1},"end":{"line":2322,"column":2}},"794":{"start":{"line":2321,"column":2},"end":{"line":2321,"column":54}},"795":{"start":{"line":2323,"column":1},"end":{"line":2406,"column":4}},"796":{"start":{"line":2325,"column":12},"end":{"line":2325,"column":14}},"797":{"start":{"line":2326,"column":13},"end":{"line":2326,"column":15}},"798":{"start":{"line":2327,"column":17},"end":{"line":2327,"column":31}},"799":{"start":{"line":2330,"column":11},"end":{"line":2330,"column":100}},"800":{"start":{"line":2333,"column":15},"end":{"line":2335,"column":9}},"801":{"start":{"line":2337,"column":16},"end":{"line":2346,"column":13}},"802":{"start":{"line":2349,"column":2},"end":{"line":2351,"column":3}},"803":{"start":{"line":2350,"column":3},"end":{"line":2350,"column":50}},"804":{"start":{"line":2354,"column":2},"end":{"line":2365,"column":3}},"805":{"start":{"line":2355,"column":3},"end":{"line":2355,"column":42}},"806":{"start":{"line":2356,"column":3},"end":{"line":2356,"column":40}},"807":{"start":{"line":2359,"column":3},"end":{"line":2359,"column":19}},"808":{"start":{"line":2360,"column":3},"end":{"line":2364,"column":4}},"809":{"start":{"line":2361,"column":4},"end":{"line":2363,"column":5}},"810":{"start":{"line":2362,"column":5},"end":{"line":2362,"column":66}},"811":{"start":{"line":2367,"column":2},"end":{"line":2405,"column":3}},"812":{"start":{"line":2368,"column":3},"end":{"line":2391,"column":4}},"813":{"start":{"line":2369,"column":4},"end":{"line":2380,"column":5}},"814":{"start":{"line":2371,"column":5},"end":{"line":2371,"column":15}},"815":{"start":{"line":2372,"column":5},"end":{"line":2372,"column":27}},"816":{"start":{"line":2373,"column":5},"end":{"line":2378,"column":6}},"817":{"start":{"line":2374,"column":6},"end":{"line":2377,"column":7}},"818":{"start":{"line":2376,"column":7},"end":{"line":2376,"column":42}},"819":{"start":{"line":2379,"column":5},"end":{"line":2379,"column":54}},"820":{"start":{"line":2383,"column":4},"end":{"line":2383,"column":26}},"821":{"start":{"line":2384,"column":4},"end":{"line":2390,"column":5}},"822":{"start":{"line":2385,"column":5},"end":{"line":2389,"column":6}},"823":{"start":{"line":2388,"column":6},"end":{"line":2388,"column":43}},"824":{"start":{"line":2395,"column":3},"end":{"line":2399,"column":5}},"825":{"start":{"line":2400,"column":3},"end":{"line":2404,"column":4}},"826":{"start":{"line":2401,"column":4},"end":{"line":2401,"column":49}},"827":{"start":{"line":2403,"column":4},"end":{"line":2403,"column":38}},"828":{"start":{"line":2411,"column":8},"end":{"line":2411,"column":21}},"829":{"start":{"line":2412,"column":20},"end":{"line":2412,"column":51}},"830":{"start":{"line":2413,"column":21},"end":{"line":2413,"column":58}},"831":{"start":{"line":2414,"column":6},"end":{"line":2414,"column":29}},"832":{"start":{"line":2417,"column":17},"end":{"line":2419,"column":29}},"833":{"start":{"line":2418,"column":3},"end":{"line":2418,"column":32}},"834":{"start":{"line":2420,"column":20},"end":{"line":2422,"column":29}},"835":{"start":{"line":2421,"column":3},"end":{"line":2421,"column":45}},"836":{"start":{"line":2423,"column":13},"end":{"line":2431,"column":5}},"837":{"start":{"line":2424,"column":13},"end":{"line":2427,"column":44}},"838":{"start":{"line":2429,"column":3},"end":{"line":2429,"column":23}},"839":{"start":{"line":2430,"column":3},"end":{"line":2430,"column":14}},"840":{"start":{"line":2433,"column":1},"end":{"line":2462,"column":2}},"841":{"start":{"line":2434,"column":2},"end":{"line":2461,"column":3}},"842":{"start":{"line":2435,"column":3},"end":{"line":2435,"column":69}},"843":{"start":{"line":2437,"column":3},"end":{"line":2437,"column":76}},"844":{"start":{"line":2440,"column":3},"end":{"line":2459,"column":4}},"845":{"start":{"line":2442,"column":4},"end":{"line":2442,"column":12}},"846":{"start":{"line":2443,"column":4},"end":{"line":2447,"column":5}},"847":{"start":{"line":2444,"column":5},"end":{"line":2446,"column":6}},"848":{"start":{"line":2445,"column":6},"end":{"line":2445,"column":12}},"849":{"start":{"line":2448,"column":4},"end":{"line":2458,"column":6}},"850":{"start":{"line":2460,"column":3},"end":{"line":2460,"column":28}},"851":{"start":{"line":2464,"column":1},"end":{"line":2464,"column":35}},"852":{"start":{"line":2468,"column":13},"end":{"line":2468,"column":35}},"853":{"start":{"line":2469,"column":14},"end":{"line":2469,"column":40}},"854":{"start":{"line":2470,"column":17},"end":{"line":2571,"column":3}},"855":{"start":{"line":2472,"column":19},"end":{"line":2472,"column":20}},"856":{"start":{"line":2473,"column":8},"end":{"line":2473,"column":11}},"857":{"start":{"line":2474,"column":16},"end":{"line":2474,"column":26}},"858":{"start":{"line":2475,"column":17},"end":{"line":2475,"column":19}},"859":{"start":{"line":2476,"column":20},"end":{"line":2476,"column":36}},"860":{"start":{"line":2478,"column":12},"end":{"line":2478,"column":67}},"861":{"start":{"line":2480,"column":21},"end":{"line":2480,"column":80}},"862":{"start":{"line":2481,"column":10},"end":{"line":2481,"column":22}},"863":{"start":{"line":2483,"column":3},"end":{"line":2485,"column":4}},"864":{"start":{"line":2484,"column":4},"end":{"line":2484,"column":68}},"865":{"start":{"line":2490,"column":3},"end":{"line":2520,"column":4}},"866":{"start":{"line":2491,"column":4},"end":{"line":2506,"column":5}},"867":{"start":{"line":2492,"column":5},"end":{"line":2492,"column":11}},"868":{"start":{"line":2493,"column":5},"end":{"line":2496,"column":6}},"869":{"start":{"line":2494,"column":6},"end":{"line":2494,"column":26}},"870":{"start":{"line":2495,"column":6},"end":{"line":2495,"column":28}},"871":{"start":{"line":2497,"column":5},"end":{"line":2502,"column":6}},"872":{"start":{"line":2498,"column":6},"end":{"line":2501,"column":7}},"873":{"start":{"line":2499,"column":7},"end":{"line":2499,"column":28}},"874":{"start":{"line":2500,"column":7},"end":{"line":2500,"column":13}},"875":{"start":{"line":2503,"column":5},"end":{"line":2505,"column":6}},"876":{"start":{"line":2504,"column":6},"end":{"line":2504,"column":30}},"877":{"start":{"line":2509,"column":4},"end":{"line":2519,"column":5}},"878":{"start":{"line":2511,"column":5},"end":{"line":2513,"column":6}},"879":{"start":{"line":2512,"column":6},"end":{"line":2512,"column":21}},"880":{"start":{"line":2516,"column":5},"end":{"line":2518,"column":6}},"881":{"start":{"line":2517,"column":6},"end":{"line":2517,"column":29}},"882":{"start":{"line":2524,"column":3},"end":{"line":2524,"column":21}},"883":{"start":{"line":2533,"column":3},"end":{"line":2562,"column":4}},"884":{"start":{"line":2534,"column":4},"end":{"line":2534,"column":10}},"885":{"start":{"line":2535,"column":4},"end":{"line":2537,"column":5}},"886":{"start":{"line":2536,"column":5},"end":{"line":2536,"column":52}},"887":{"start":{"line":2539,"column":4},"end":{"line":2551,"column":5}},"888":{"start":{"line":2541,"column":5},"end":{"line":2547,"column":6}},"889":{"start":{"line":2542,"column":6},"end":{"line":2546,"column":7}},"890":{"start":{"line":2543,"column":7},"end":{"line":2545,"column":8}},"891":{"start":{"line":2544,"column":8},"end":{"line":2544,"column":44}},"892":{"start":{"line":2550,"column":5},"end":{"line":2550,"column":41}},"893":{"start":{"line":2554,"column":4},"end":{"line":2554,"column":38}},"894":{"start":{"line":2557,"column":4},"end":{"line":2561,"column":5}},"895":{"start":{"line":2560,"column":5},"end":{"line":2560,"column":34}},"896":{"start":{"line":2565,"column":3},"end":{"line":2568,"column":4}},"897":{"start":{"line":2566,"column":4},"end":{"line":2566,"column":28}},"898":{"start":{"line":2567,"column":4},"end":{"line":2567,"column":37}},"899":{"start":{"line":2570,"column":3},"end":{"line":2570,"column":20}},"900":{"start":{"line":2573,"column":1},"end":{"line":2575,"column":15}},"901":{"start":{"line":2578,"column":0},"end":{"line":2606,"column":2}},"902":{"start":{"line":2580,"column":16},"end":{"line":2580,"column":18}},"903":{"start":{"line":2581,"column":20},"end":{"line":2581,"column":22}},"904":{"start":{"line":2582,"column":11},"end":{"line":2582,"column":42}},"905":{"start":{"line":2584,"column":1},"end":{"line":2604,"column":2}},"906":{"start":{"line":2586,"column":2},"end":{"line":2588,"column":3}},"907":{"start":{"line":2587,"column":3},"end":{"line":2587,"column":32}},"908":{"start":{"line":2589,"column":2},"end":{"line":2589,"column":19}},"909":{"start":{"line":2590,"column":2},"end":{"line":2597,"column":3}},"910":{"start":{"line":2591,"column":3},"end":{"line":2591,"column":42}},"911":{"start":{"line":2592,"column":3},"end":{"line":2596,"column":4}},"912":{"start":{"line":2593,"column":4},"end":{"line":2593,"column":31}},"913":{"start":{"line":2595,"column":4},"end":{"line":2595,"column":35}},"914":{"start":{"line":2600,"column":2},"end":{"line":2600,"column":95}},"915":{"start":{"line":2603,"column":2},"end":{"line":2603,"column":29}},"916":{"start":{"line":2605,"column":1},"end":{"line":2605,"column":15}},"917":{"start":{"line":2617,"column":0},"end":{"line":2685,"column":2}},"918":{"start":{"line":2619,"column":13},"end":{"line":2619,"column":55}},"919":{"start":{"line":2620,"column":10},"end":{"line":2620,"column":73}},"920":{"start":{"line":2622,"column":1},"end":{"line":2622,"column":25}},"921":{"start":{"line":2626,"column":1},"end":{"line":2673,"column":2}},"922":{"start":{"line":2629,"column":2},"end":{"line":2629,"column":42}},"923":{"start":{"line":2630,"column":2},"end":{"line":2643,"column":3}},"924":{"start":{"line":2633,"column":3},"end":{"line":2633,"column":101}},"925":{"start":{"line":2634,"column":3},"end":{"line":2640,"column":4}},"926":{"start":{"line":2635,"column":4},"end":{"line":2635,"column":19}},"927":{"start":{"line":2638,"column":10},"end":{"line":2640,"column":4}},"928":{"start":{"line":2639,"column":4},"end":{"line":2639,"column":33}},"929":{"start":{"line":2642,"column":3},"end":{"line":2642,"column":60}},"930":{"start":{"line":2646,"column":2},"end":{"line":2646,"column":69}},"931":{"start":{"line":2647,"column":2},"end":{"line":2672,"column":3}},"932":{"start":{"line":2648,"column":3},"end":{"line":2648,"column":21}},"933":{"start":{"line":2651,"column":3},"end":{"line":2653,"column":4}},"934":{"start":{"line":2652,"column":4},"end":{"line":2652,"column":10}},"935":{"start":{"line":2654,"column":3},"end":{"line":2671,"column":4}},"936":{"start":{"line":2656,"column":4},"end":{"line":2670,"column":5}},"937":{"start":{"line":2662,"column":5},"end":{"line":2662,"column":27}},"938":{"start":{"line":2663,"column":5},"end":{"line":2663,"column":52}},"939":{"start":{"line":2664,"column":5},"end":{"line":2667,"column":6}},"940":{"start":{"line":2665,"column":6},"end":{"line":2665,"column":34}},"941":{"start":{"line":2666,"column":6},"end":{"line":2666,"column":21}},"942":{"start":{"line":2669,"column":5},"end":{"line":2669,"column":11}},"943":{"start":{"line":2677,"column":1},"end":{"line":2683,"column":3}},"944":{"start":{"line":2684,"column":1},"end":{"line":2684,"column":16}},"945":{"start":{"line":2690,"column":0},"end":{"line":2690,"column":78}},"946":{"start":{"line":2694,"column":0},"end":{"line":2694,"column":42}},"947":{"start":{"line":2697,"column":0},"end":{"line":2697,"column":14}},"948":{"start":{"line":2701,"column":0},"end":{"line":2704,"column":3}},"949":{"start":{"line":2703,"column":1},"end":{"line":2703,"column":77}},"950":{"start":{"line":2709,"column":0},"end":{"line":2718,"column":1}},"951":{"start":{"line":2710,"column":1},"end":{"line":2710,"column":35}},"952":{"start":{"line":2711,"column":1},"end":{"line":2711,"column":52}},"953":{"start":{"line":2713,"column":1},"end":{"line":2717,"column":4}},"954":{"start":{"line":2714,"column":2},"end":{"line":2716,"column":3}},"955":{"start":{"line":2715,"column":3},"end":{"line":2715,"column":75}},"956":{"start":{"line":2722,"column":0},"end":{"line":2732,"column":1}},"957":{"start":{"line":2723,"column":1},"end":{"line":2723,"column":27}},"958":{"start":{"line":2724,"column":1},"end":{"line":2724,"column":43}},"959":{"start":{"line":2725,"column":1},"end":{"line":2725,"column":53}},"960":{"start":{"line":2727,"column":1},"end":{"line":2731,"column":4}},"961":{"start":{"line":2728,"column":2},"end":{"line":2730,"column":3}},"962":{"start":{"line":2729,"column":3},"end":{"line":2729,"column":28}},"963":{"start":{"line":2736,"column":0},"end":{"line":2748,"column":1}},"964":{"start":{"line":2737,"column":1},"end":{"line":2737,"column":44}},"965":{"start":{"line":2739,"column":1},"end":{"line":2747,"column":4}},"966":{"start":{"line":2741,"column":2},"end":{"line":2746,"column":3}},"967":{"start":{"line":2742,"column":3},"end":{"line":2745,"column":9}},"968":{"start":{"line":2750,"column":0},"end":{"line":2750,"column":14}},"969":{"start":{"line":2756,"column":0},"end":{"line":2756,"column":21}},"970":{"start":{"line":2757,"column":0},"end":{"line":2757,"column":31}},"971":{"start":{"line":2760,"column":0},"end":{"line":2760,"column":41}},"972":{"start":{"line":2761,"column":0},"end":{"line":2761,"column":54}},"973":{"start":{"line":2762,"column":0},"end":{"line":2762,"column":29}},"974":{"start":{"line":2763,"column":0},"end":{"line":2763,"column":31}},"975":{"start":{"line":2764,"column":0},"end":{"line":2764,"column":34}},"976":{"start":{"line":2765,"column":0},"end":{"line":2765,"column":38}},"977":{"start":{"line":2770,"column":10},"end":{"line":2783,"column":1}},"978":{"start":{"line":2771,"column":15},"end":{"line":2771,"column":17}},"979":{"start":{"line":2772,"column":13},"end":{"line":2772,"column":32}},"980":{"start":{"line":2774,"column":1},"end":{"line":2781,"column":2}},"981":{"start":{"line":2775,"column":2},"end":{"line":2780,"column":3}},"982":{"start":{"line":2776,"column":3},"end":{"line":2778,"column":4}},"983":{"start":{"line":2777,"column":4},"end":{"line":2777,"column":10}},"984":{"start":{"line":2779,"column":3},"end":{"line":2779,"column":24}},"985":{"start":{"line":2782,"column":1},"end":{"line":2782,"column":16}},"986":{"start":{"line":2786,"column":15},"end":{"line":2796,"column":1}},"987":{"start":{"line":2787,"column":15},"end":{"line":2787,"column":17}},"988":{"start":{"line":2789,"column":1},"end":{"line":2793,"column":2}},"989":{"start":{"line":2790,"column":2},"end":{"line":2792,"column":3}},"990":{"start":{"line":2791,"column":3},"end":{"line":2791,"column":21}},"991":{"start":{"line":2795,"column":1},"end":{"line":2795,"column":16}},"992":{"start":{"line":2799,"column":20},"end":{"line":2799,"column":50}},"993":{"start":{"line":2805,"column":2},"end":{"line":2805,"column":77}},"994":{"start":{"line":2808,"column":19},"end":{"line":2808,"column":84}},"995":{"start":{"line":2814,"column":1},"end":{"line":2818,"column":2}},"996":{"start":{"line":2815,"column":2},"end":{"line":2817,"column":6}},"997":{"start":{"line":2816,"column":3},"end":{"line":2816,"column":52}},"998":{"start":{"line":2821,"column":1},"end":{"line":2825,"column":2}},"999":{"start":{"line":2822,"column":2},"end":{"line":2824,"column":6}},"1000":{"start":{"line":2823,"column":3},"end":{"line":2823,"column":41}},"1001":{"start":{"line":2828,"column":1},"end":{"line":2832,"column":2}},"1002":{"start":{"line":2829,"column":2},"end":{"line":2831,"column":6}},"1003":{"start":{"line":2830,"column":3},"end":{"line":2830,"column":59}},"1004":{"start":{"line":2835,"column":1},"end":{"line":2835,"column":50}},"1005":{"start":{"line":2838,"column":0},"end":{"line":2852,"column":2}},"1006":{"start":{"line":2839,"column":12},"end":{"line":2839,"column":22}},"1007":{"start":{"line":2841,"column":1},"end":{"line":2843,"column":2}},"1008":{"start":{"line":2842,"column":2},"end":{"line":2842,"column":30}},"1009":{"start":{"line":2845,"column":1},"end":{"line":2847,"column":2}},"1010":{"start":{"line":2846,"column":2},"end":{"line":2846,"column":67}},"1011":{"start":{"line":2849,"column":1},"end":{"line":2851,"column":7}},"1012":{"start":{"line":2850,"column":2},"end":{"line":2850,"column":29}},"1013":{"start":{"line":2854,"column":0},"end":{"line":2896,"column":4}},"1014":{"start":{"line":2857,"column":9},"end":{"line":2857,"column":20}},"1015":{"start":{"line":2858,"column":10},"end":{"line":2858,"column":14}},"1016":{"start":{"line":2860,"column":2},"end":{"line":2868,"column":3}},"1017":{"start":{"line":2861,"column":3},"end":{"line":2867,"column":9}},"1018":{"start":{"line":2862,"column":4},"end":{"line":2866,"column":5}},"1019":{"start":{"line":2863,"column":5},"end":{"line":2865,"column":6}},"1020":{"start":{"line":2864,"column":6},"end":{"line":2864,"column":18}},"1021":{"start":{"line":2870,"column":2},"end":{"line":2870,"column":29}},"1022":{"start":{"line":2872,"column":2},"end":{"line":2874,"column":3}},"1023":{"start":{"line":2873,"column":3},"end":{"line":2873,"column":43}},"1024":{"start":{"line":2876,"column":2},"end":{"line":2876,"column":50}},"1025":{"start":{"line":2879,"column":2},"end":{"line":2879,"column":65}},"1026":{"start":{"line":2882,"column":2},"end":{"line":2882,"column":64}},"1027":{"start":{"line":2885,"column":2},"end":{"line":2894,"column":11}},"1028":{"start":{"line":2909,"column":14},"end":{"line":2909,"column":51}},"1029":{"start":{"line":2911,"column":8},"end":{"line":3008,"column":2}},"1030":{"start":{"line":2915,"column":2},"end":{"line":2917,"column":3}},"1031":{"start":{"line":2916,"column":3},"end":{"line":2916,"column":15}},"1032":{"start":{"line":2921,"column":2},"end":{"line":2921,"column":28}},"1033":{"start":{"line":2924,"column":2},"end":{"line":3005,"column":3}},"1034":{"start":{"line":2925,"column":3},"end":{"line":2934,"column":4}},"1035":{"start":{"line":2930,"column":4},"end":{"line":2930,"column":37}},"1036":{"start":{"line":2933,"column":4},"end":{"line":2933,"column":40}},"1037":{"start":{"line":2937,"column":3},"end":{"line":2989,"column":4}},"1038":{"start":{"line":2940,"column":4},"end":{"line":2979,"column":5}},"1039":{"start":{"line":2941,"column":5},"end":{"line":2941,"column":66}},"1040":{"start":{"line":2945,"column":5},"end":{"line":2949,"column":9}},"1041":{"start":{"line":2952,"column":5},"end":{"line":2964,"column":6}},"1042":{"start":{"line":2953,"column":6},"end":{"line":2963,"column":7}},"1043":{"start":{"line":2956,"column":7},"end":{"line":2962,"column":8}},"1044":{"start":{"line":2957,"column":8},"end":{"line":2957,"column":42}},"1045":{"start":{"line":2961,"column":8},"end":{"line":2961,"column":45}},"1046":{"start":{"line":2966,"column":5},"end":{"line":2966,"column":17}},"1047":{"start":{"line":2970,"column":5},"end":{"line":2970,"column":50}},"1048":{"start":{"line":2972,"column":5},"end":{"line":2977,"column":6}},"1049":{"start":{"line":2975,"column":6},"end":{"line":2975,"column":23}},"1050":{"start":{"line":2976,"column":6},"end":{"line":2976,"column":22}},"1051":{"start":{"line":2978,"column":5},"end":{"line":2978,"column":17}},"1052":{"start":{"line":2982,"column":10},"end":{"line":2989,"column":4}},"1053":{"start":{"line":2983,"column":4},"end":{"line":2983,"column":48}},"1054":{"start":{"line":2988,"column":4},"end":{"line":2988,"column":56}},"1055":{"start":{"line":2992,"column":9},"end":{"line":3005,"column":3}},"1056":{"start":{"line":2993,"column":3},"end":{"line":2993,"column":24}},"1057":{"start":{"line":2994,"column":3},"end":{"line":2994,"column":19}},"1058":{"start":{"line":2995,"column":3},"end":{"line":2995,"column":15}},"1059":{"start":{"line":2999,"column":9},"end":{"line":3005,"column":3}},"1060":{"start":{"line":3000,"column":3},"end":{"line":3004,"column":23}},"1061":{"start":{"line":3007,"column":2},"end":{"line":3007,"column":44}},"1062":{"start":{"line":3011,"column":0},"end":{"line":3011,"column":27}},"1063":{"start":{"line":3014,"column":0},"end":{"line":3014,"column":32}},"1064":{"start":{"line":3017,"column":19},"end":{"line":3017,"column":51}},"1065":{"start":{"line":3020,"column":20},"end":{"line":3025,"column":2}},"1066":{"start":{"line":3027,"column":0},"end":{"line":3106,"column":4}},"1067":{"start":{"line":3029,"column":16},"end":{"line":3029,"column":38}},"1068":{"start":{"line":3030,"column":7},"end":{"line":3030,"column":21}},"1069":{"start":{"line":3032,"column":2},"end":{"line":3039,"column":6}},"1070":{"start":{"line":3033,"column":11},"end":{"line":3033,"column":12}},"1071":{"start":{"line":3034,"column":3},"end":{"line":3038,"column":4}},"1072":{"start":{"line":3035,"column":4},"end":{"line":3037,"column":5}},"1073":{"start":{"line":3036,"column":5},"end":{"line":3036,"column":17}},"1074":{"start":{"line":3044,"column":7},"end":{"line":3044,"column":8}},"1075":{"start":{"line":3045,"column":7},"end":{"line":3045,"column":18}},"1076":{"start":{"line":3046,"column":13},"end":{"line":3046,"column":15}},"1077":{"start":{"line":3047,"column":13},"end":{"line":3047,"column":65}},"1078":{"start":{"line":3050,"column":2},"end":{"line":3067,"column":3}},"1079":{"start":{"line":3051,"column":3},"end":{"line":3066,"column":4}},"1080":{"start":{"line":3052,"column":4},"end":{"line":3065,"column":5}},"1081":{"start":{"line":3055,"column":5},"end":{"line":3064,"column":6}},"1082":{"start":{"line":3062,"column":6},"end":{"line":3062,"column":26}},"1083":{"start":{"line":3063,"column":6},"end":{"line":3063,"column":12}},"1084":{"start":{"line":3069,"column":2},"end":{"line":3069,"column":87}},"1085":{"start":{"line":3076,"column":2},"end":{"line":3078,"column":3}},"1086":{"start":{"line":3077,"column":3},"end":{"line":3077,"column":85}},"1087":{"start":{"line":3081,"column":2},"end":{"line":3083,"column":3}},"1088":{"start":{"line":3082,"column":3},"end":{"line":3082,"column":52}},"1089":{"start":{"line":3086,"column":2},"end":{"line":3090,"column":4}},"1090":{"start":{"line":3094,"column":2},"end":{"line":3098,"column":4}},"1091":{"start":{"line":3102,"column":2},"end":{"line":3104,"column":4}},"1092":{"start":{"line":3109,"column":1},"end":{"line":3109,"column":56}},"1093":{"start":{"line":3110,"column":1},"end":{"line":3110,"column":12}},"1094":{"start":{"line":3113,"column":0},"end":{"line":3189,"column":4}},"1095":{"start":{"line":3115,"column":15},"end":{"line":3115,"column":30}},"1096":{"start":{"line":3116,"column":2},"end":{"line":3116,"column":58}},"1097":{"start":{"line":3119,"column":2},"end":{"line":3119,"column":35}},"1098":{"start":{"line":3122,"column":2},"end":{"line":3122,"column":42}},"1099":{"start":{"line":3125,"column":2},"end":{"line":3125,"column":40}},"1100":{"start":{"line":3128,"column":2},"end":{"line":3128,"column":44}},"1101":{"start":{"line":3131,"column":2},"end":{"line":3131,"column":36}},"1102":{"start":{"line":3134,"column":2},"end":{"line":3134,"column":40}},"1103":{"start":{"line":3137,"column":2},"end":{"line":3137,"column":43}},"1104":{"start":{"line":3140,"column":2},"end":{"line":3140,"column":47}},"1105":{"start":{"line":3143,"column":2},"end":{"line":3143,"column":64}},"1106":{"start":{"line"
[...]
0,0],"460":[0,0],"461":[0,0],"462":[0,0],"463":[0,0],"464":[0,0],"465":[0,0],"466":[0,0],"467":[0,0],"468":[0,0],"469":[0,0],"470":[0,0],"471":[0,0],"472":[0,0],"473":[0,0],"474":[0,0],"475":[0,0],"476":[0,0],"477":[0,0],"478":[0,0],"479":[0,0],"480":[0,0],"481":[0,0],"482":[0,0],"483":[0,0],"484":[0,0],"485":[0,0,0],"486":[0,0],"487":[0,0,0],"488":[0,0],"489":[0,0],"490":[0,0],"491":[0,0],"492":[0,0],"493":[0,0],"494":[0,0],"495":[0,0],"496":[0,0],"497":[0,0],"498":[0,0],"499":[0,0],"500":[0,0],"501":[0,0],"502":[0,0],"503":[0,0],"504":[0,0],"505":[0,0],"506":[0,0],"507":[0,0],"508":[0,0],"509":[0,0],"510":[0,0],"511":[0,0],"512":[0,0],"513":[0,0],"514":[0,0],"515":[0,0],"516":[0,0],"517":[0,0],"518":[0,0],"519":[0,0],"520":[0,0],"521":[0,0],"522":[0,0],"523":[0,0],"524":[0,0],"525":[0,0],"526":[0,0],"527":[0,0],"528":[0,0],"529":[0,0],"530":[0,0],"531":[0,0],"532":[0,0],"533":[0,0],"534":[0,0],"535":[0,0],"536":[0,0],"537":[0,0],"538":[0,0],"539":[0,0],"540":[0,0],"541":[0,0],"542":[0,0],"543":[0,0],"544":[0,0],"545":[0,0],"546":[0,0,0],"547":[0,0],"548":[0,0],"549":[0,0],"550":[0,0],"551":[0,0],"552":[0,0],"553":[0,0],"554":[0,0],"555":[0,0],"556":[0,0],"557":[0,0],"558":[0,0],"559":[0,0],"560":[0,0],"561":[0,0],"562":[0,0],"563":[0,0],"564":[0,0],"565":[0,0],"566":[0,0],"567":[0,0],"568":[0,0],"569":[0,0,0,0],"570":[0,0],"571":[0,0],"572":[0,0],"573":[0,0],"574":[0,0],"575":[0,0],"576":[0,0],"577":[0,0],"578":[0,0],"579":[0,0],"580":[0,0],"581":[0,0],"582":[0,0],"583":[0,0],"584":[0,0],"585":[0,0],"586":[0,0],"587":[0,0],"588":[0,0],"589":[0,0],"590":[0,0],"591":[0,0],"592":[0,0],"593":[0,0],"594":[0,0,0,0],"595":[0,0],"596":[0,0],"597":[0,0],"598":[0,0],"599":[0,0],"600":[0,0,0],"601":[0,0],"602":[0,0],"603":[0,0],"604":[0,0],"605":[0,0],"606":[0,0],"607":[0,0],"608":[0,0],"609":[0,0],"610":[0,0],"611":[0,0,0],"612":[0,0],"613":[0,0],"614":[0,0],"615":[0,0],"616":[0,0],"617":[0,0],"618":[0,0],"619":[0,0,0,0],"620":[0,0],"621":[0,0],"622":[0,0],"623":[0,0],"624":[0,0],"625":[0,0],"626":[0,0],"627":[0,0],"628":[0,0],"629":[0,0],"630":[0,0],"631":[0,0],"632":[0,0],"633":[0,0],"634":[0,0],"635":[0,0],"636":[0,0],"637":[0,0],"638":[0,0],"639":[0,0],"640":[0,0],"641":[0,0],"642":[0,0],"643":[0,0],"644":[0,0],"645":[0,0],"646":[0,0],"647":[0,0],"648":[0,0],"649":[0,0],"650":[0,0],"651":[0,0],"652":[0,0],"653":[0,0],"654":[0,0],"655":[0,0],"656":[0,0],"657":[0,0],"658":[0,0],"659":[0,0],"660":[0,0],"661":[0,0],"662":[0,0],"663":[0,0],"664":[0,0],"665":[0,0],"666":[0,0],"667":[0,0],"668":[0,0],"669":[0,0],"670":[0,0],"671":[0,0],"672":[0,0],"673":[0,0],"674":[0,0],"675":[0,0],"676":[0,0,0,0],"677":[0,0],"678":[0,0],"679":[0,0,0],"680":[0,0],"681":[0,0,0,0],"682":[0,0],"683":[0,0],"684":[0,0],"685":[0,0],"686":[0,0],"687":[0,0],"688":[0,0],"689":[0,0],"690":[0,0,0],"691":[0,0],"692":[0,0],"693":[0,0],"694":[0,0],"695":[0,0],"696":[0,0],"697":[0,0],"698":[0,0],"699":[0,0],"700":[0,0],"701":[0,0],"702":[0,0],"703":[0,0],"704":[0,0],"705":[0,0],"706":[0,0],"707":[0,0],"708":[0,0],"709":[0,0],"710":[0,0],"711":[0,0],"712":[0,0,0],"713":[0,0],"714":[0,0],"715":[0,0],"716":[0,0],"717":[0,0],"718":[0,0],"719":[0,0],"720":[0,0],"721":[0,0],"722":[0,0],"723":[0,0],"724":[0,0],"725":[0,0],"726":[0,0],"727":[0,0],"728":[0,0],"729":[0,0],"730":[0,0],"731":[0,0],"732":[0,0],"733":[0,0],"734":[0,0],"735":[0,0],"736":[0,0],"737":[0,0],"738":[0,0],"739":[0,0],"740":[0,0],"741":[0,0],"742":[0,0],"743":[0,0],"744":[0,0],"745":[0,0],"746":[0,0],"747":[0,0],"748":[0,0],"749":[0,0],"750":[0,0],"751":[0,0],"752":[0,0],"753":[0,0],"754":[0,0],"755":[0,0],"756":[0,0],"757":[0,0],"758":[0,0],"759":[0,0],"760":[0,0],"761":[0,0],"762":[0,0],"763":[0,0],"764":[0,0],"765":[0,0],"766":[0,0],"767":[0,0],"768":[0,0],"769":[0,0],"770":[0,0],"771":[0,0],"772":[0,0],"773":[0,0],"774":[0,0],"775":[0,0],"776":[0,0],"777":[0,0],"778":[0,0],"779":[0,0,0,0,0,0,0,0,0,0],"780":[0,0],"781":[0,0],"782":[0,0],"783":[0,0],"784":[0,0],"785":[0,0],"786":[0,0],"787":[0,0],"788":[0,0],"789":[0,0],"790":[0,0],"791":[0,0],"792":[0,0],"793":[0,0],"794":[0,0],"795":[0,0],"796":[0,0],"797":[0,0],"798":[0,0],"799":[0,0],"800":[0,0],"801":[0,0],"802":[0,0,0],"803":[0,0],"804":[0,0],"805":[0,0],"806":[0,0],"807":[0,0],"808":[0,0],"809":[0,0],"810":[0,0],"811":[0,0],"812":[0,0],"813":[0,0],"814":[0,0],"815":[0,0],"816":[0,0],"817":[0,0],"818":[0,0],"819":[0,0],"820":[0,0],"821":[0,0],"822":[0,0,0],"823":[0,0],"824":[0,0],"825":[0,0],"826":[0,0],"827":[0,0],"828":[0,0],"829":[0,0],"830":[0,0,0],"831":[0,0],"832":[0,0],"833":[0,0],"834":[0,0,0],"835":[0,0],"836":[0,0],"837":[0,0],"838":[0,0],"839":[0,0],"840":[0,0],"841":[0,0],"842":[0,0],"843":[0,0],"844":[0,0],"845":[0,0,0],"846":[0,0],"847":[0,0],"848":[0,0],"849":[0,0],"850":[0,0,0],"851":[0,0],"852":[0,0,0],"853":[0,0],"854":[0,0],"855":[0,0],"856":[0,0],"857":[0,0],"858":[0,0],"859":[0,0],"860":[0,0],"861":[0,0],"862":[0,0],"863":[0,0],"864":[0,0],"865":[0,0],"866":[0,0],"867":[0,0],"868":[0,0],"869":[0,0],"870":[0,0],"871":[0,0],"872":[0,0],"873":[0,0,0,0,0],"874":[0,0],"875":[0,0],"876":[0,0],"877":[0,0],"878":[0,0],"879":[0,0],"880":[0,0],"881":[0,0],"882":[0,0],"883":[0,0,0],"884":[0,0],"885":[0,0],"886":[0,0],"887":[0,0],"888":[0,0],"889":[0,0],"890":[0,0],"891":[0,0],"892":[0,0],"893":[0,0],"894":[0,0],"895":[0,0],"896":[0,0,0,0],"897":[0,0],"898":[0,0],"899":[0,0],"900":[0,0],"901":[0,0],"902":[0,0],"903":[0,0],"904":[0,0],"905":[0,0],"906":[0,0],"907":[0,0],"908":[0,0],"909":[0,0],"910":[0,0,0],"911":[0,0],"912":[0,0,0],"913":[0,0],"914":[0,0,0],"915":[0,0],"916":[0,0],"917":[0,0],"918":[0,0],"919":[0,0],"920":[0,0],"921":[0,0],"922":[0,0],"923":[0,0],"924":[0,0,0],"925":[0,0],"926":[0,0],"927":[0,0],"928":[0,0],"929":[0,0],"930":[0,0],"931":[0,0],"932":[0,0],"933":[0,0],"934":[0,0],"935":[0,0],"936":[0,0],"937":[0,0],"938":[0,0],"939":[0,0],"940":[0,0],"941":[0,0],"942":[0,0],"943":[0,0,0],"944":[0,0],"945":[0,0],"946":[0,0],"947":[0,0],"948":[0,0],"949":[0,0],"950":[0,0],"951":[0,0],"952":[0,0],"953":[0,0],"954":[0,0],"955":[0,0],"956":[0,0],"957":[0,0],"958":[0,0],"959":[0,0],"960":[0,0],"961":[0,0],"962":[0,0],"963":[0,0],"964":[0,0],"965":[0,0,0],"966":[0,0],"967":[0,0,0],"968":[0,0],"969":[0,0],"970":[0,0],"971":[0,0],"972":[0,0],"973":[0,0],"974":[0,0,0,0],"975":[0,0],"976":[0,0],"977":[0,0],"978":[0,0],"979":[0,0,0],"980":[0,0],"981":[0,0],"982":[0,0],"983":[0,0,0],"984":[0,0],"985":[0,0],"986":[0,0,0],"987":[0,0],"988":[0,0,0],"989":[0,0],"990":[0,0],"991":[0,0,0],"992":[0,0],"993":[0,0],"994":[0,0],"995":[0,0],"996":[0,0],"997":[0,0],"998":[0,0],"999":[0,0],"1000":[0,0],"1001":[0,0],"1002":[0,0],"1003":[0,0],"1004":[0,0],"1005":[0,0],"1006":[0,0,0],"1007":[0,0],"1008":[0,0],"1009":[0,0],"1010":[0,0],"1011":[0,0,0],"1012":[0,0],"1013":[0,0],"1014":[0,0],"1015":[0,0],"1016":[0,0,0],"1017":[0,0],"1018":[0,0],"1019":[0,0],"1020":[0,0],"1021":[0,0],"1022":[0,0],"1023":[0,0],"1024":[0,0],"1025":[0,0],"1026":[0,0],"1027":[0,0],"1028":[0,0],"1029":[0,0],"1030":[0,0,0],"1031":[0,0],"1032":[0,0],"1033":[0,0],"1034":[0,0],"1035":[0,0,0],"1036":[0,0],"1037":[0,0],"1038":[0,0],"1039":[0,0],"1040":[0,0],"1041":[0,0],"1042":[0,0],"1043":[0,0],"1044":[0,0],"1045":[0,0],"1046":[0,0],"1047":[0,0],"1048":[0,0],"1049":[0,0],"1050":[0,0],"1051":[0,0],"1052":[0,0],"1053":[0,0],"1054":[0,0],"1055":[0,0],"1056":[0,0,0],"1057":[0,0,0],"1058":[0,0],"1059":[0,0],"1060":[0,0],"1061":[0,0],"1062":[0,0],"1063":[0,0],"1064":[0,0],"1065":[0,0],"1066":[0,0],"1067":[0,0],"1068":[0,0,0],"1069":[0,0],"1070":[0,0],"1071":[0,0],"1072":[0,0],"1073":[0,0],"1074":[0,0],"1075":[0,0],"1076":[0,0],"1077":[0,0],"1078":[0,0],"1079":[0,0],"1080":[0,0],"1081":[0,0],"1082":[0,0],"1083":[0,0],"1084":[0,0],"1085":[0,0],"1086":[0,0],"1087":[0,0],"1088":[0,0],"1089":[0,0],"1090":[0,0],"1091":[0,0],"1092":[0,0],"1093":[0,0],"1094":[0,0],"1095":[0,0],"1096":[0,0],"1097":[0,0],"1098":[0,0],"1099":[0,0],"1100":[0,0],"1101":[0,0],"1102":[0,0],"1103":[0,0],"1104":[0,0],"1105":[0,0],"1106":[0,0],"1107":[0,0,0,0,0],"1108":[0,0,0,0,0],"1109":[0,0],"1110":[0,0],"1111":[0,0],"1112":[0,0],"1113":[0,0],"1114":[0,0],"1115":[0,0],"1116":[0,0],"1117":[0,0],"1118":[0,0],"1119":[0,0],"1120":[0,0],"1121":[0,0],"1122":[0,0],"1123":[0,0],"1124":[0,0],"1125":[0,0],"1126":[0,0],"1127":[0,0],"1128":[0,0],"1129":[0,0,0],"1130":[0,0],"1131":[0,0,0],"1132":[0,0],"1133":[0,0],"1134":[0,0],"1135":[0,0],"1136":[0,0],"1137":[0,0],"1138":[0,0],"1139":[0,0],"1140":[0,0],"1141":[0,0],"1142":[0,0],"1143":[0,0],"1144":[0,0],"1145":[0,0],"1146":[0,0],"1147":[0,0],"1148":[0,0],"1149":[0,0],"1150":[0,0],"1151":[0,0],"1152":[0,0],"1153":[0,0,0],"1154":[0,0],"1155":[0,0],"1156":[0,0],"1157":[0,0],"1158":[0,0],"1159":[0,0],"1160":[0,0],"1161":[0,0],"1162":[0,0,0],"1163":[0,0],"1164":[0,0,0],"1165":[0,0],"1166":[0,0],"1167":[0,0,0],"1168":[0,0],"1169":[0,0],"1170":[0,0],"1171":[0,0],"1172":[0,0],"1173":[0,0],"1174":[0,0],"1175":[0,0],"1176":[0,0],"1177":[0,0],"1178":[0,0,0],"1179":[0,0],"1180":[0,0],"1181":[0,0],"1182":[0,0],"1183":[0,0],"1184":[0,0,0],"1185":[0,0],"1186":[0,0,0],"1187":[0,0],"1188":[0,0],"1189":[0,0,0],"1190":[0,0],"1191":[0,0],"1192":[0,0],"1193":[0,0],"1194":[0,0],"1195":[0,0],"1196":[0,0,0],"1197":[0,0],"1198":[0,0],"1199":[0,0],"1200":[0,0],"1201":[0,0],"1202":[0,0],"1203":[0,0],"1204":[0,0],"1205":[0,0],"1206":[0,0],"1207":[0,0],"1208":[0,0],"1209":[0,0],"1210":[0,0],"1211":[0,0],"1212":[0,0],"1213":[0,0],"1214":[0,0],"1215":[0,0],"1216":[0,0],"1217":[0,0],"1218":[0,0],"1219":[0,0],"1220":[0,0],"1221":[0,0],"1222":[0,0],"1223":[0,0],"1224":[0,0],"1225":[0,0],"1226":[0,0],"1227":[0,0],"1228":[0,0],"1229":[0,0],"1230":[0,0],"1231":[0,0],"1232":[0,0,0],"1233":[0,0],"1234":[0,0],"1235":[0,0],"1236":[0,0],"1237":[0,0],"1238":[0,0],"1239":[0,0],"1240":[0,0],"1241":[0,0],"1242":[0,0],"1243":[0,0,0],"1244":[0,0],"1245":[0,0],"1246":[0,0],"1247":[0,0],"1248":[0,0],"1249":[0,0],"1250":[0,0,0,0,0],"1251":[0,0],"1252":[0,0],"1253":[0,0],"1254":[0,0],"1255":[0,0],"1256":[0,0],"1257":[0,0],"1258":[0,0],"1259":[0,0],"1260":[0,0],"1261":[0,0],"1262":[0,0],"1263":[0,0],"1264":[0,0],"1265":[0,0],"1266":[0,0],"1267":[0,0],"1268":[0,0],"1269":[0,0],"1270":[0,0],"1271":[0,0],"1272":[0,0],"1273":[0,0],"1274":[0,0,0],"1275":[0,0],"1276":[0,0,0],"1277":[0,0],"1278":[0,0],"1279":[0,0],"1280":[0,0],"1281":[0,0,0],"1282":[0,0],"1283":[0,0],"1284":[0,0],"1285":[0,0],"1286":[0,0],"1287":[0,0],"1288":[0,0],"1289":[0,0],"1290":[0,0,0],"1291":[0,0],"1292":[0,0],"1293":[0,0],"1294":[0,0],"1295":[0,0,0],"1296":[0,0],"1297":[0,0,0],"1298":[0,0],"1299":[0,0],"1300":[0,0],"1301":[0,0],"1302":[0,0],"1303":[0,0],"1304":[0,0],"1305":[0,0],"1306":[0,0],"1307":[0,0],"1308":[0,0],"1309":[0,0],"1310":[0,0],"1311":[0,0],"1312":[0,0],"1313":[0,0],"1314":[0,0],"1315":[0,0],"1316":[0,0],"1317":[0,0],"1318":[0,0],"1319":[0,0],"1320":[0,0],"1321":[0,0],"1322":[0,0],"1323":[0,0,0],"1324":[0,0],"1325":[0,0,0,0,0,0],"1326":[0,0],"1327":[0,0],"1328":[0,0],"1329":[0,0],"1330":[0,0],"1331":[0,0],"1332":[0,0],"1333":[0,0],"1334":[0,0],"1335":[0,0],"1336":[0,0],"1337":[0,0,0],"1338":[0,0],"1339":[0,0,0],"1340":[0,0],"1341":[0,0],"1342":[0,0],"1343":[0,0],"1344":[0,0],"1345":[0,0],"1346":[0,0],"1347":[0,0],"1348":[0,0],"1349":[0,0],"1350":[0,0],"1351":[0,0],"1352":[0,0],"1353":[0,0],"1354":[0,0],"1355":[0,0],"1356":[0,0],"1357":[0,0],"1358":[0,0],"1359":[0,0],"1360":[0,0,0],"1361":[0,0],"1362":[0,0],"1363":[0,0],"1364":[0,0],"1365":[0,0],"1366":[0,0],"1367":[0,0],"1368":[0,0],"1369":[0,0],"1370":[0,0],"1371":[0,0],"1372":[0,0],"1373":[0,0],"1374":[0,0],"1375":[0,0],"1376":[0,0],"1377":[0,0],"1378":[0,0],"1379":[0,0],"1380":[0,0],"1381":[0,0,0],"1382":[0,0],"1383":[0,0],"1384":[0,0],"1385":[0,0],"1386":[0,0],"1387":[0,0],"1388":[0,0],"1389":[0,0],"1390":[0,0],"1391":[0,0],"1392":[0,0],"1393":[0,0],"1394":[0,0,0],"1395":[0,0,0,0],"1396":[0,0],"1397":[0,0],"1398":[0,0],"1399":[0,0],"1400":[0,0,0],"1401":[0,0],"1402":[0,0],"1403":[0,0],"1404":[0,0],"1405":[0,0],"1406":[0,0],"1407":[0,0,0],"1408":[0,0],"1409":[0,0],"1410":[0,0],"1411":[0,0],"1412":[0,0,0],"1413":[0,0],"1414":[0,0],"1415":[0,0],"1416":[0,0],"1417":[0,0],"1418":[0,0,0,0],"1419":[0,0],"1420":[0,0],"1421":[0,0],"1422":[0,0],"1423":[0,0,0],"1424":[0,0],"1425":[0,0],"1426":[0,0],"1427":[0,0],"1428":[0,0],"1429":[0,0],"1430":[0,0],"1431":[0,0],"1432":[0,0],"1433":[0,0],"1434":[0,0,0],"1435":[0,0],"1436":[0,0],"1437":[0,0],"1438":[0,0],"1439":[0,0],"1440":[0,0],"1441":[0,0],"1442":[0,0],"1443":[0,0],"1444":[0,0],"1445":[0,0],"1446":[0,0],"1447":[0,0],"1448":[0,0],"1449":[0,0],"1450":[0,0],"1451":[0,0],"1452":[0,0],"1453":[0,0],"1454":[0,0],"1455":[0,0],"1456":[0,0],"1457":[0,0],"1458":[0,0],"1459":[0,0],"1460":[0,0],"1461":[0,0],"1462":[0,0,0],"1463":[0,0],"1464":[0,0],"1465":[0,0,0],"1466":[0,0],"1467":[0,0],"1468":[0,0],"1469":[0,0],"1470":[0,0],"1471":[0,0],"1472":[0,0],"1473":[0,0],"1474":[0,0],"1475":[0,0],"1476":[0,0],"1477":[0,0],"1478":[0,0],"1479":[0,0],"1480":[0,0],"1481":[0,0],"1482":[0,0,0],"1483":[0,0],"1484":[0,0],"1485":[0,0],"1486":[0,0],"1487":[0,0],"1488":[0,0],"1489":[0,0],"1490":[0,0],"1491":[0,0],"1492":[0,0],"1493":[0,0],"1494":[0,0],"1495":[0,0,0,0],"1496":[0,0],"1497":[0,0],"1498":[0,0],"1499":[0,0],"1500":[0,0],"1501":[0,0],"1502":[0,0],"1503":[0,0],"1504":[0,0],"1505":[0,0],"1506":[0,0],"1507":[0,0],"1508":[0,0],"1509":[0,0],"1510":[0,0],"1511":[0,0],"1512":[0,0],"1513":[0,0],"1514":[0,0],"1515":[0,0],"1516":[0,0],"1517":[0,0],"1518":[0,0],"1519":[0,0],"1520":[0,0],"1521":[0,0],"1522":[0,0],"1523":[0,0],"1524":[0,0],"1525":[0,0],"1526":[0,0,0],"1527":[0,0],"1528":[0,0],"1529":[0,0],"1530":[0,0],"1531":[0,0],"1532":[0,0],"1533":[0,0],"1534":[0,0],"1535":[0,0],"1536":[0,0],"1537":[0,0],"1538":[0,0],"1539":[0,0],"1540":[0,0],"1541":[0,0,0,0],"1542":[0,0],"1543":[0,0,0],"1544":[0,0],"1545":[0,0],"1546":[0,0],"1547":[0,0],"1548":[0,0],"1549":[0,0],"1550":[0,0],"1551":[0,0],"1552":[0,0],"1553":[0,0],"1554":[0,0],"1555":[0,0,0],"1556":[0,0],"1557":[0,0],"1558":[0,0],"1559":[0,0],"1560":[0,0],"1561":[0,0],"1562":[0,0],"1563":[0,0],"1564":[0,0],"1565":[0,0],"1566":[0,0],"1567":[0,0],"1568":[0,0],"1569":[0,0],"1570":[0,0],"1571":[0,0],"1572":[0,0],"1573":[0,0,0],"1574":[0,0],"1575":[0,0],"1576":[0,0],"1577":[0,0],"1578":[0,0],"1579":[0,0]}},"/home/tanishqsaluja/MNIST-NodeJS/public/sketch.js":{"path":"/home/tanishqsaluja/MNIST-NodeJS/public/sketch.js","statementMap":{"0":{"start":{"line":2,"column":0},"end":{"line":32,"column":2}},"1":{"start":{"line":3,"column":4},"end":{"line":3,"column":32}},"2":{"start":{"line":4,"column":23},"end":{"line":4,"column":34}},"3":{"start":{"line":5,"column":24},"end":{"line":5,"column":36}},"4":{"start":{"line":6,"column":21},"end":{"line":6,"column":37}},"5":{"start":{"line":7,"column":22},"end":{"line":7,"column":34}},"6":{"start":{"line":8,"column":4},"end":{"line":11,"column":7}},"7":{"start":{"line":9,"column":8},"end":{"line":9,"column":26}},"8":{"start":{"line":10,"column":8},"end":{"line":10,"column":22}},"9":{"start":{"line":12,"column":4},"end":{"line":31,"column":7}},"10":{"start":{"line":13,"column":21},"end":{"line":13,"column":35}},"11":{"start":{"line":15,"column":19},"end":{"line":15,"column":87}},"12":{"start":{"line":17,"column":8},"end":{"line":17,"column":38}},"13":{"start":{"line":19,"column":8},"end":{"line":19,"column":26}},"14":{"start":{"line":21,"column":8},"end":{"line":30,"column":9}},"15":{"start":{"line":25,"column":16},"end":{"line":25,"column":33}},"16":{"start":{"line":27,"column":16},"end":{"line":27,"column":34}},"17":{"start":{"line":28,"column":16},"end":{"line":28,"column":61}},"18":{"start":{"line":35,"column":4},"end":{"line":35,"column":30}},"19":{"start":{"line":36,"column":4},"end":{"line":36,"column":18}},"20":{"start":{"line":40,"column":4},"end":{"line":40,"column":43}},"21":{"start":{"line":41,"column":15},"end":{"line":46,"column":6}},"22":{"start":{"line":49,"column":5},"end":{"line":49,"column":22}},"23":{"start":{"line":50,"column":5},"end":{"line":50,"column":17}},"24":{"start":{"line":51,"column":5},"end":{"line":51,"column":44}}},"fnMap":{"0":{"name":"(anonymous_0)","decl":{"start":{"line":2,"column":2},"end":{"line":2,"column":3}},"loc":{"start":{"line":2,"column":12},"end":{"line":32,"column":1}},"line":2},"1":{"name":"(anonymous_1)","decl":{"start":{"line":8,"column":23},"end":{"line":8,"column":24}},"loc":{"start":{"line":8,"column":33},"end":{"line":11,"column":5}},"line":8},"2":{"name":"(anonymous_2)","decl":{"start":{"line":12,"column":24},"end":{"line":12,"column":25}},"loc":{"start":{"line":12,"column":34},"end":{"line":31,"column":5}},"line":12},"3":{"name":"(anonymous_3)","decl":{"start":{"line":24,"column":12},"end":{"line":24,"column":13}},"loc":{"start":{"line":24,"column":25},"end":{"line":29,"column":13}},"line":24},"4":{"name":"setup","decl":{"start":{"line":34,"column":9},"end":{"line":34,"column":14}},"loc":{"start":{"line":34,"column":17},"end":{"line":37,"column":1}},"line":34},"5":{"name":"mouseDragged","decl":{"start":{"line":39,"column":9},"end":{"line":39,"column":21}},"loc":{"start":{"line":39,"column":23},"end":{"line":52,"column":3}},"line":39}},"branchMap":{},"s":{"0":0,"1":0,"2":0,"3":0,"4":0,"5":0,"6":0,"7":0,"8":0,"9":0,"10":0,"11":0,"12":0,"13":0,"14":0,"15":0,"16":0,"17":0,"18":0,"19":0,"20":0,"21":0,"22":0,"23":0,"24":0},"f":{"0":0,"1":0,"2":0,"3":0,"4":0,"5":0},"b":{}},"/home/tanishqsaluja/MNIST-NodeJS/server.js":{"path":"/home/tanishqsaluja/MNIST-NodeJS/server.js","statementMap":{"0":{"start":{"line":1,"column":16},"end":{"line":1,"column":34}},"1":{"start":{"line":2,"column":12},"end":{"line":2,"column":21}},"2":{"start":{"line":3,"column":13},"end":{"line":3,"column":28}},"3":{"start":{"line":5,"column":0},"end":{"line":5,"column":24}},"4":{"start":{"line":6,"column":0},"end":{"line":6,"column":45}},"5":{"start":{"line":7,"column":0},"end":{"line":7,"column":16}},"6":{"start":{"line":9,"column":0},"end":{"line":9,"column":49}},"7":{"start":{"line":11,"column":0},"end":{"line":28,"column":3}},"8":{"start":{"line":14,"column":4},"end":{"line":16,"column":7}},"9":{"start":{"line":15,"column":8},"end":{"line":15,"column":25}},"10":{"start":{"line":18,"column":4},"end":{"line":18,"column":78}},"11":{"start":{"line":19,"column":16},"end":{"line":19,"column":46}},"12":{"start":{"line":20,"column":18},"end":{"line":20,"column":48}},"13":{"start":{"line":21,"column":4},"end":{"line":26,"column":7}},"14":{"start":{"line":22,"column":24},"end":{"line":22,"column":48}},"15":{"start":{"line":23,"column":8},"end":{"line":23,"column":31}},"16":{"start":{"line":24,"column":8},"end":{"line":24,"column":44}},"17":{"start":{"line":25,"column":8},"end":{"line":25,"column":28}},"18":{"start":{"line":30,"column":0},"end":{"line":32,"column":2}},"19":{"start":{"line":31,"column":4},"end":{"line":31,"column":34}}},"fnMap":{"0":{"name":"(anonymous_0)","decl":{"start":{"line":11,"column":13},"end":{"line":11,"column":14}},"loc":{"start":{"line":11,"column":30},"end":{"line":28,"column":1}},"line":11},"1":{"name":"(anonymous_1)","decl":{"start":{"line":14,"column":69},"end":{"line":14,"column":70}},"loc":{"start":{"line":14,"column":83},"end":{"line":16,"column":5}},"line":14},"2":{"name":"(anonymous_2)","decl":{"start":{"line":21,"column":29},"end":{"line":21,"column":30}},"loc":{"start":{"line":21,"column":45},"end":{"line":26,"column":5}},"line":21},"3":{"name":"(anonymous_3)","decl":{"start":{"line":30,"column":36},"end":{"line":30,"column":37}},"loc":{"start":{"line":30,"column":46},"end":{"line":32,"column":1}},"line":30}},"branchMap":{"0":{"loc":{"start":{"line":30,"column":11},"end":{"line":30,"column":35}},"type":"binary-expr","locations":[{"start":{"line":30,"column":11},"end":{"line":30,"column":27}},{"start":{"line":30,"column":31},"end":{"line":30,"column":35}}],"line":30}},"s":{"0":0,"1":0,"2":0,"3":0,"4":0,"5":0,"6":0,"7":0,"8":0,"9":0,"10":0,"11":0,"12":0,"13":0,"14":0,"15":0,"16":0,"17":0,"18":0,"19":0},"f":{"0":0,"1":0,"2":0,"3":0},"b":{"0":[0,0]}}}