TN:
SF:/home/tanishqsaluja/MNIST-NodeJS/server.js
FN:11,(anonymous_0)
FN:14,(anonymous_1)
FN:21,(anonymous_2)
FN:30,(anonymous_3)
FNF:4
FNH:0
FNDA:0,(anonymous_0)
FNDA:0,(anonymous_1)
FNDA:0,(anonymous_2)
FNDA:0,(anonymous_3)
DA:1,0
DA:2,0
DA:3,0
DA:5,0
DA:6,0
DA:7,0
DA:9,0
DA:11,0
DA:14,0
DA:15,0
DA:18,0
DA:19,0
DA:20,0
DA:21,0
DA:22,0
DA:23,0
DA:24,0
DA:25,0
DA:30,0
DA:31,0
LF:20
LH:0
BRDA:30,0,0,0
BRDA:30,0,1,0
BRF:2
BRH:0
end_of_record
TN:
SF:/home/tanishqsaluja/MNIST-NodeJS/public/jquery.js
FN:14,(anonymous_0)
FN:29,(anonymous_1)
FN:40,(anonymous_2)
FN:74,isFunction
FN:84,isWindow
FN:97,DOMEval
FN:115,toType
FN:135,(anonymous_7)
FN:156,(anonymous_8)
FN:162,(anonymous_9)
FN:175,(anonymous_10)
FN:188,(anonymous_11)
FN:192,(anonymous_12)
FN:193,(anonymous_13)
FN:198,(anonymous_14)
FN:202,(anonymous_15)
FN:206,(anonymous_16)
FN:210,(anonymous_17)
FN:216,(anonymous_18)
FN:227,(anonymous_19)
FN:304,(anonymous_20)
FN:308,(anonymous_21)
FN:310,(anonymous_22)
FN:331,(anonymous_23)
FN:344,(anonymous_24)
FN:348,(anonymous_25)
FN:370,(anonymous_26)
FN:377,(anonymous_27)
FN:394,(anonymous_28)
FN:400,(anonymous_29)
FN:414,(anonymous_30)
FN:434,(anonymous_31)
FN:479,(anonymous_32)
FN:483,isArrayLike
FN:510,(anonymous_34)
FN:542,(anonymous_35)
FN:558,(anonymous_36)
FN:638,(anonymous_37)
FN:655,(anonymous_38)
FN:675,(anonymous_39)
FN:680,(anonymous_40)
FN:699,(anonymous_41)
FN:705,(anonymous_42)
FN:715,Sizzle
FN:854,createCache
FN:857,cache
FN:872,markFunction
FN:881,assert
FN:903,addHandle
FN:918,siblingCheck
FN:944,createInputPseudo
FN:945,(anonymous_51)
FN:955,createButtonPseudo
FN:956,(anonymous_53)
FN:966,createDisabledPseudo
FN:969,(anonymous_55)
FN:1022,createPositionalPseudo
FN:1023,(anonymous_57)
FN:1025,(anonymous_58)
FN:1045,testContext
FN:1057,(anonymous_60)
FN:1069,(anonymous_61)
FN:1104,(anonymous_62)
FN:1113,(anonymous_63)
FN:1125,(anonymous_64)
FN:1132,(anonymous_65)
FN:1134,(anonymous_66)
FN:1138,(anonymous_67)
FN:1145,(anonymous_68)
FN:1147,(anonymous_69)
FN:1156,(anonymous_70)
FN:1187,(anonymous_71)
FN:1197,(anonymous_72)
FN:1218,(anonymous_73)
FN:1242,(anonymous_74)
FN:1286,(anonymous_75)
FN:1327,(anonymous_76)
FN:1350,(anonymous_77)
FN:1359,(anonymous_78)
FN:1375,(anonymous_79)
FN:1416,(anonymous_80)
FN:1473,(anonymous_81)
FN:1477,(anonymous_82)
FN:1507,(anonymous_83)
FN:1515,(anonymous_84)
FN:1536,(anonymous_85)
FN:1540,(anonymous_86)
FN:1548,(anonymous_87)
FN:1581,(anonymous_88)
FN:1633,(anonymous_89)
FN:1646,(anonymous_90)
FN:1678,(anonymous_91)
FN:1709,(anonymous_92)
FN:1712,(anonymous_93)
FN:1713,(anonymous_94)
FN:1718,(anonymous_95)
FN:1723,(anonymous_96)
FN:1728,(anonymous_97)
FN:1729,(anonymous_98)
FN:1752,(anonymous_99)
FN:1760,(anonymous_100)
FN:1764,(anonymous_101)
FN:1881,(anonymous_102)
FN:1901,(anonymous_103)
FN:1910,(anonymous_104)
FN:1921,(anonymous_105)
FN:1930,(anonymous_106)
FN:1942,(anonymous_107)
FN:1951,(anonymous_108)
FN:1952,(anonymous_109)
FN:1957,(anonymous_110)
FN:1959,(anonymous_111)
FN:1971,(anonymous_112)
FN:1977,(anonymous_113)
FN:1993,(anonymous_114)
FN:1998,(anonymous_115)
FN:2002,(anonymous_116)
FN:2010,(anonymous_117)
FN:2017,(anonymous_118)
FN:2028,(anonymous_119)
FN:2041,(anonymous_120)
FN:2046,(anonymous_121)
FN:2050,(anonymous_122)
FN:2054,(anonymous_123)
FN:2059,(anonymous_124)
FN:2070,(anonymous_125)
FN:2074,(anonymous_126)
FN:2078,(anonymous_127)
FN:2082,(anonymous_128)
FN:2090,(anonymous_129)
FN:2098,(anonymous_130)
FN:2106,(anonymous_131)
FN:2127,setFilters
FN:2131,(anonymous_133)
FN:2198,toSelector
FN:2208,addCombinator
FN:2217,(anonymous_136)
FN:2227,(anonymous_137)
FN:2272,elementMatcher
FN:2274,(anonymous_139)
FN:2286,multipleContexts
FN:2295,condense
FN:2316,setMatcher
FN:2323,(anonymous_143)
FN:2409,matcherFromTokens
FN:2417,(anonymous_145)
FN:2420,(anonymous_146)
FN:2423,(anonymous_147)
FN:2467,matcherFromGroupMatchers
FN:2470,(anonymous_149)
FN:2578,(anonymous_150)
FN:2617,(anonymous_151)
FN:2701,(anonymous_152)
FN:2709,(anonymous_153)
FN:2713,(anonymous_154)
FN:2722,(anonymous_155)
FN:2727,(anonymous_156)
FN:2736,(anonymous_157)
FN:2739,(anonymous_158)
FN:2770,(anonymous_159)
FN:2786,(anonymous_160)
FN:2803,nodeName
FN:2813,winnow
FN:2815,(anonymous_163)
FN:2822,(anonymous_164)
FN:2829,(anonymous_165)
FN:2838,(anonymous_166)
FN:2849,(anonymous_167)
FN:2855,(anonymous_168)
FN:2861,(anonymous_169)
FN:2878,(anonymous_170)
FN:2881,(anonymous_171)
FN:2884,(anonymous_172)
FN:2911,(anonymous_173)
FN:3028,(anonymous_174)
FN:3032,(anonymous_175)
FN:3042,(anonymous_176)
FN:3073,(anonymous_177)
FN:3093,(anonymous_178)
FN:3101,(anonymous_179)
FN:3108,sibling
FN:3114,(anonymous_181)
FN:3118,(anonymous_182)
FN:3121,(anonymous_183)
FN:3124,(anonymous_184)
FN:3127,(anonymous_185)
FN:3130,(anonymous_186)
FN:3133,(anonymous_187)
FN:3136,(anonymous_188)
FN:3139,(anonymous_189)
FN:3142,(anonymous_190)
FN:3145,(anonymous_191)
FN:3148,(anonymous_192)
FN:3162,(anonymous_193)
FN:3163,(anonymous_194)
FN:3195,createOptions
FN:3197,(anonymous_196)
FN:3225,(anonymous_197)
FN:3255,(anonymous_198)
FN:3303,(anonymous_199)
FN:3312,add
FN:3313,(anonymous_201)
FN:3334,(anonymous_202)
FN:3335,(anonymous_203)
FN:3351,(anonymous_204)
FN:3358,(anonymous_205)
FN:3368,(anonymous_206)
FN:3373,(anonymous_207)
FN:3380,(anonymous_208)
FN:3387,(anonymous_209)
FN:3392,(anonymous_210)
FN:3405,(anonymous_211)
FN:3411,(anonymous_212)
FN:3420,Identity
FN:3423,Thrower
FN:3427,adoptValue
FN:3462,(anonymous_216)
FN:3476,(anonymous_217)
FN:3479,(anonymous_218)
FN:3483,(anonymous_219)
FN:3488,(anonymous_220)
FN:3491,(anonymous_221)
FN:3492,(anonymous_222)
FN:3500,(anonymous_223)
FN:3518,(anonymous_224)
FN:3520,resolve
FN:3521,(anonymous_226)
FN:3524,(anonymous_227)
FN:3600,(anonymous_228)
FN:3645,(anonymous_229)
FN:3685,(anonymous_230)
FN:3692,(anonymous_231)
FN:3704,(anonymous_232)
FN:3735,(anonymous_233)
FN:3759,(anonymous_234)
FN:3776,(anonymous_235)
FN:3777,(anonymous_236)
FN:3813,(anonymous_237)
FN:3825,(anonymous_238)
FN:3826,(anonymous_239)
FN:3837,(anonymous_240)
FN:3845,(anonymous_241)
FN:3862,(anonymous_242)
FN:3885,completed
FN:3915,(anonymous_244)
FN:3945,(anonymous_245)
FN:3980,fcamelCase
FN:3987,camelCase
FN:3990,(anonymous_248)
FN:4004,Data
FN:4012,(anonymous_250)
FN:4045,(anonymous_251)
FN:4064,(anonymous_252)
FN:4071,(anonymous_253)
FN:4102,(anonymous_254)
FN:4149,(anonymous_255)
FN:4173,getData
FN:4198,dataAttr
FN:4222,(anonymous_258)
FN:4226,(anonymous_259)
FN:4230,(anonymous_260)
FN:4236,(anonymous_261)
FN:4240,(anonymous_262)
FN:4246,(anonymous_263)
FN:4279,(anonymous_264)
FN:4284,(anonymous_265)
FN:4313,(anonymous_266)
FN:4321,(anonymous_267)
FN:4322,(anonymous_268)
FN:4330,(anonymous_269)
FN:4349,(anonymous_270)
FN:4356,(anonymous_271)
FN:4385,(anonymous_272)
FN:4388,(anonymous_273)
FN:4396,(anonymous_274)
FN:4411,(anonymous_275)
FN:4422,(anonymous_276)
FN:4423,(anonymous_277)
FN:4427,(anonymous_278)
FN:4433,(anonymous_279)
FN:4439,(anonymous_280)
FN:4469,(anonymous_281)
FN:4488,(anonymous_282)
FN:4511,adjustCSS
FN:4515,(anonymous_284)
FN:4518,(anonymous_285)
FN:4578,getDefaultDisplay
FN:4601,showHide
FN:4650,(anonymous_288)
FN:4653,(anonymous_289)
FN:4656,(anonymous_290)
FN:4661,(anonymous_291)
FN:4702,getAll
FN:4727,setGlobalEval
FN:4743,buildFragment
FN:4833,(anonymous_295)
FN:4866,returnTrue
FN:4870,returnFalse
FN:4876,safeActiveElement
FN:4882,on
FN:4928,(anonymous_300)
FN:4938,(anonymous_301)
FN:4951,(anonymous_302)
FN:4986,(anonymous_303)
FN:5066,(anonymous_304)
FN:5139,(anonymous_305)
FN:5203,(anonymous_306)
FN:5261,(anonymous_307)
FN:5267,(anonymous_308)
FN:5272,(anonymous_309)
FN:5278,(anonymous_310)
FN:5289,(anonymous_311)
FN:5304,(anonymous_312)
FN:5313,(anonymous_313)
FN:5324,(anonymous_314)
FN:5332,(anonymous_315)
FN:5338,(anonymous_316)
FN:5350,(anonymous_317)
FN:5358,(anonymous_318)
FN:5416,(anonymous_319)
FN:5425,(anonymous_320)
FN:5434,(anonymous_321)
FN:5479,(anonymous_322)
FN:5521,(anonymous_323)
FN:5526,(anonymous_324)
FN:5546,(anonymous_325)
FN:5549,(anonymous_326)
FN:5552,(anonymous_327)
FN:5584,(anonymous_328)
FN:5610,manipulationTarget
FN:5621,disableScript
FN:5625,restoreScript
FN:5635,cloneCopyEvent
FN:5670,fixInput
FN:5683,domManip
FN:5699,(anonymous_335)
FN:5773,remove
FN:5795,(anonymous_337)
FN:5799,(anonymous_338)
FN:5841,(anonymous_339)
FN:5877,(anonymous_340)
FN:5881,(anonymous_341)
FN:5885,(anonymous_342)
FN:5886,(anonymous_343)
FN:5889,(anonymous_344)
FN:5897,(anonymous_345)
FN:5898,(anonymous_346)
FN:5906,(anonymous_347)
FN:5907,(anonymous_348)
FN:5915,(anonymous_349)
FN:5916,(anonymous_350)
FN:5923,(anonymous_351)
FN:5924,(anonymous_352)
FN:5931,(anonymous_353)
FN:5949,(anonymous_354)
FN:5953,(anonymous_355)
FN:5958,(anonymous_356)
FN:5959,(anonymous_357)
FN:5997,(anonymous_358)
FN:6001,(anonymous_359)
FN:6022,(anonymous_360)
FN:6023,(anonymous_361)
FN:6044,(anonymous_362)
FN:6062,(anonymous_363)
FN:6066,computeStyleTests
FN:6108,roundPixelMeasures
FN:6129,(anonymous_366)
FN:6133,(anonymous_367)
FN:6137,(anonymous_368)
FN:6141,(anonymous_369)
FN:6145,(anonymous_370)
FN:6153,curCSS
FN:6206,addGetHookIf
FN:6210,(anonymous_373)
FN:6243,vendorPropName
FN:6264,finalPropName
FN:6272,setPositiveNumber
FN:6284,boxModelAdjustment
FN:6349,getWidthOrHeight
FN:6408,(anonymous_379)
FN:6441,(anonymous_380)
FN:6516,(anonymous_381)
FN:6556,(anonymous_382)
FN:6558,(anonymous_383)
FN:6572,(anonymous_384)
FN:6579,(anonymous_385)
FN:6616,(anonymous_386)
FN:6620,(anonymous_387)
FN:6633,(anonymous_388)
FN:6635,(anonymous_389)
FN:6657,(anonymous_390)
FN:6658,(anonymous_391)
FN:6682,Tween
FN:6689,(anonymous_393)
FN:6698,(anonymous_394)
FN:6705,(anonymous_395)
FN:6735,(anonymous_396)
FN:6754,(anonymous_397)
FN:6775,(anonymous_398)
FN:6783,(anonymous_399)
FN:6786,(anonymous_400)
FN:6805,schedule
FN:6818,createFxNow
FN:6819,(anonymous_403)
FN:6826,genFx
FN:6846,createTween
FN:6860,defaultPrefilter
FN:6875,(anonymous_407)
FN:6883,(anonymous_408)
FN:6886,(anonymous_409)
FN:6957,(anonymous_410)
FN:6972,(anonymous_411)
FN:7005,(anonymous_412)
FN:7032,propFilter
FN:7069,Animation
FN:7074,(anonymous_415)
FN:7079,(anonymous_416)
FN:7125,(anonymous_417)
FN:7131,(anonymous_418)
FN:7197,(anonymous_419)
FN:7204,(anonymous_420)
FN:7225,(anonymous_421)
FN:7234,(anonymous_422)
FN:7265,(anonymous_423)
FN:7279,(anonymous_424)
FN:7287,(anonymous_425)
FN:7290,(anonymous_426)
FN:7306,(anonymous_427)
FN:7307,(anonymous_428)
FN:7322,(anonymous_429)
FN:7358,(anonymous_430)
FN:7362,(anonymous_431)
FN:7401,(anonymous_432)
FN:7403,(anonymous_433)
FN:7418,(anonymous_434)
FN:7419,(anonymous_435)
FN:7425,(anonymous_436)
FN:7447,(anonymous_437)
FN:7453,(anonymous_438)
FN:7462,(anonymous_439)
FN:7477,(anonymous_440)
FN:7481,(anonymous_441)
FN:7483,(anonymous_442)
FN:7490,(anonymous_443)
FN:7518,(anonymous_444)
FN:7522,(anonymous_445)
FN:7523,(anonymous_446)
FN:7530,(anonymous_447)
FN:7578,(anonymous_448)
FN:7592,(anonymous_449)
FN:7610,(anonymous_450)
FN:7622,(anonymous_451)
FN:7625,(anonymous_452)
FN:7650,(anonymous_453)
FN:7654,(anonymous_454)
FN:7655,(anonymous_455)
FN:7662,(anonymous_456)
FN:7696,(anonymous_457)
FN:7738,(anonymous_458)
FN:7748,(anonymous_459)
FN:7775,(anonymous_460)
FN:7784,stripAndCollapse
FN:7790,getClass
FN:7794,classesToArray
FN:7805,(anonymous_464)
FN:7810,(anonymous_465)
FN:7842,(anonymous_466)
FN:7847,(anonymous_467)
FN:7887,(anonymous_468)
FN:7896,(anonymous_469)
FN:7904,(anonymous_470)
FN:7948,(anonymous_471)
FN:7970,(anonymous_472)
FN:8002,(anonymous_473)
FN:8023,(anonymous_474)
FN:8041,(anonymous_475)
FN:8055,(anonymous_476)
FN:8099,(anonymous_477)
FN:8130,(anonymous_478)
FN:8132,(anonymous_479)
FN:8139,(anonymous_480)
FN:8155,(anonymous_481)
FN:8161,(anonymous_482)
FN:8308,(anonymous_483)
FN:8325,(anonymous_484)
FN:8326,(anonymous_485)
FN:8330,(anonymous_486)
FN:8348,(anonymous_487)
FN:8351,(anonymous_488)
FN:8356,(anonymous_489)
FN:8365,(anonymous_490)
FN:8389,(anonymous_491)
FN:8416,buildParams
FN:8422,(anonymous_493)
FN:8456,(anonymous_494)
FN:8459,(anonymous_495)
FN:8474,(anonymous_496)
FN:8492,(anonymous_497)
FN:8495,(anonymous_498)
FN:8496,(anonymous_499)
FN:8502,(anonymous_500)
FN:8510,(anonymous_501)
FN:8518,(anonymous_502)
FN:8566,addToPrefiltersOrTransports
FN:8569,(anonymous_504)
FN:8600,inspectPrefiltersOrTransports
FN:8605,inspect
FN:8608,(anonymous_507)
FN:8629,ajaxExtend
FN:8649,ajaxHandleResponses
FN:8707,ajaxConvert
FN:8883,(anonymous_511)
FN:8897,(anonymous_512)
FN:8966,(anonymous_513)
FN:8981,(anonymous_514)
FN:8986,(anonymous_515)
FN:8996,(anonymous_516)
FN:9004,(anonymous_517)
FN:9023,(anonymous_518)
FN:9199,(anonymous_519)
FN:9220,done
FN:9335,(anonymous_521)
FN:9339,(anonymous_522)
FN:9344,(anonymous_523)
FN:9345,(anonymous_524)
FN:9366,(anonymous_525)
FN:9382,(anonymous_526)
FN:9397,(anonymous_527)
FN:9411,(anonymous_528)
FN:9413,(anonymous_529)
FN:9418,(anonymous_530)
FN:9431,(anonymous_531)
FN:9434,(anonymous_532)
FN:9439,(anonymous_533)
FN:9440,(anonymous_534)
FN:9448,(anonymous_535)
FN:9451,(anonymous_536)
FN:9458,(anonymous_537)
FN:9478,(anonymous_538)
FN:9484,(anonymous_539)
FN:9523,(anonymous_540)
FN:9524,(anonymous_541)
FN:9576,(anonymous_542)
FN:9585,(anonymous_543)
FN:9610,(anonymous_544)
FN:9623,(anonymous_545)
FN:9639,(anonymous_546)
FN:9647,(anonymous_547)
FN:9657,(anonymous_548)
FN:9663,(anonymous_549)
FN:9669,(anonymous_550)
FN:9681,(anonymous_551)
FN:9699,(anonymous_552)
FN:9707,(anonymous_553)
FN:9734,(anonymous_554)
FN:9746,(anonymous_555)
FN:9751,(anonymous_556)
FN:9793,(anonymous_557)
FN:9804,(anonymous_558)
FN:9854,(anonymous_559)
FN:9887,(anonymous_560)
FN:9904,(anonymous_561)
FN:9905,(anonymous_562)
FN:9925,(anonymous_563)
FN:9926,(anonymous_564)
FN:9934,(anonymous_565)
FN:9935,(anonymous_566)
FN:9944,(anonymous_567)
FN:9998,(anonymous_568)
FN:10004,(anonymous_569)
FN:10035,(anonymous_570)
FN:10089,(anonymous_571)
FN:10090,(anonymous_572)
FN:10103,(anonymous_573)
FN:10106,(anonymous_574)
FN:10107,(anonymous_575)
FN:10140,(anonymous_576)
FN:10142,(anonymous_577)
FN:10157,(anonymous_578)
FN:10159,(anonymous_579)
FN:10162,(anonymous_580)
FN:10166,(anonymous_581)
FN:10206,(anonymous_582)
FN:10209,(anonymous_583)
FN:10217,(anonymous_584)
FN:10227,(anonymous_585)
FN:10230,(anonymous_586)
FN:10234,(anonymous_587)
FN:10237,(anonymous_588)
FN:10250,(anonymous_589)
FN:10267,(anonymous_590)
FN:10277,(anonymous_591)
FN:10294,(anonymous_592)
FN:10325,(anonymous_593)
FN:10341,(anonymous_594)
FNF:595
FNH:0
FNDA:0,(anonymous_0)
FNDA:0,(anonymous_1)
FNDA:0,(anonymous_2)
FNDA:0,isFunction
FNDA:0,isWindow
FNDA:0,DOMEval
FNDA:0,toType
FNDA:0,(anonymous_7)
FNDA:0,(anonymous_8)
FNDA:0,(anonymous_9)
FNDA:0,(anonymous_10)
FNDA:0,(anonymous_11)
FNDA:0,(anonymous_12)
FNDA:0,(anonymous_13)
FNDA:0,(anonymous_14)
FNDA:0,(anonymous_15)
FNDA:0,(anonymous_16)
FNDA:0,(anonymous_17)
FNDA:0,(anonymous_18)
FNDA:0,(anonymous_19)
FNDA:0,(anonymous_20)
FNDA:0,(anonymous_21)
FNDA:0,(anonymous_22)
FNDA:0,(anonymous_23)
FNDA:0,(anonymous_24)
FNDA:0,(anonymous_25)
FNDA:0,(anonymous_26)
FNDA:0,(anonymous_27)
FNDA:0,(anonymous_28)
FNDA:0,(anonymous_29)
FNDA:0,(anonymous_30)
FNDA:0,(anonymous_31)
FNDA:0,(anonymous_32)
FNDA:0,isArrayLike
FNDA:0,(anonymous_34)
FNDA:0,(anonymous_35)
FNDA:0,(anonymous_36)
FNDA:0,(anonymous_37)
FNDA:0,(anonymous_38)
FNDA:0,(anonymous_39)
FNDA:0,(anonymous_40)
FNDA:0,(anonymous_41)
FNDA:0,(anonymous_42)
FNDA:0,Sizzle
FNDA:0,createCache
FNDA:0,cache
FNDA:0,markFunction
FNDA:0,assert
FNDA:0,addHandle
FNDA:0,siblingCheck
FNDA:0,createInputPseudo
FNDA:0,(anonymous_51)
FNDA:0,createButtonPseudo
FNDA:0,(anonymous_53)
FNDA:0,createDisabledPseudo
FNDA:0,(anonymous_55)
FNDA:0,createPositionalPseudo
FNDA:0,(anonymous_57)
FNDA:0,(anonymous_58)
FNDA:0,testContext
FNDA:0,(anonymous_60)
FNDA:0,(anonymous_61)
FNDA:0,(anonymous_62)
FNDA:0,(anonymous_63)
FNDA:0,(anonymous_64)
FNDA:0,(anonymous_65)
FNDA:0,(anonymous_66)
FNDA:0,(anonymous_67)
FNDA:0,(anonymous_68)
FNDA:0,(anonymous_69)
FNDA:0,(anonymous_70)
FNDA:0,(anonymous_71)
FNDA:0,(anonymous_72)
FNDA:0,(anonymous_73)
FNDA:0,(anonymous_74)
FNDA:0,(anonymous_75)
FNDA:0,(anonymous_76)
FNDA:0,(anonymous_77)
FNDA:0,(anonymous_78)
FNDA:0,(anonymous_79)
FNDA:0,(anonymous_80)
FNDA:0,(anonymous_81)
FNDA:0,(anonymous_82)
FNDA:0,(anonymous_83)
FNDA:0,(anonymous_84)
FNDA:0,(anonymous_85)
FNDA:0,(anonymous_86)
FNDA:0,(anonymous_87)
FNDA:0,(anonymous_88)
FNDA:0,(anonymous_89)
FNDA:0,(anonymous_90)
FNDA:0,(anonymous_91)
FNDA:0,(anonymous_92)
FNDA:0,(anonymous_93)
FNDA:0,(anonymous_94)
FNDA:0,(anonymous_95)
FNDA:0,(anonymous_96)
FNDA:0,(anonymous_97)
FNDA:0,(anonymous_98)
FNDA:0,(anonymous_99)
FNDA:0,(anonymous_100)
FNDA:0,(anonymous_101)
FNDA:0,(anonymous_102)
FNDA:0,(anonymous_103)
FNDA:0,(anonymous_104)
FNDA:0,(anonymous_105)
FNDA:0,(anonymous_106)
FNDA:0,(anonymous_107)
FNDA:0,(anonymous_108)
FNDA:0,(anonymous_109)
FNDA:0,(anonymous_110)
FNDA:0,(anonymous_111)
FNDA:0,(anonymous_112)
FNDA:0,(anonymous_113)
FNDA:0,(anonymous_114)
FNDA:0,(anonymous_115)
FNDA:0,(anonymous_116)
FNDA:0,(anonymous_117)
FNDA:0,(anonymous_118)
FNDA:0,(anonymous_119)
FNDA:0,(anonymous_120)
FNDA:0,(anonymous_121)
FNDA:0,(anonymous_122)
FNDA:0,(anonymous_123)
FNDA:0,(anonymous_124)
FNDA:0,(anonymous_125)
FNDA:0,(anonymous_126)
FNDA:0,(anonymous_127)
FNDA:0,(anonymous_128)
FNDA:0,(anonymous_129)
FNDA:0,(anonymous_130)
FNDA:0,(anonymous_131)
FNDA:0,setFilters
FNDA:0,(anonymous_133)
FNDA:0,toSelector
FNDA:0,addCombinator
FNDA:0,(anonymous_136)
FNDA:0,(anonymous_137)
FNDA:0,elementMatcher
FNDA:0,(anonymous_139)
FNDA:0,multipleContexts
FNDA:0,condense
FNDA:0,setMatcher
FNDA:0,(anonymous_143)
FNDA:0,matcherFromTokens
FNDA:0,(anonymous_145)
FNDA:0,(anonymous_146)
FNDA:0,(anonymous_147)
FNDA:0,matcherFromGroupMatchers
FNDA:0,(anonymous_149)
FNDA:0,(anonymous_150)
FNDA:0,(anonymous_151)
FNDA:0,(anonymous_152)
FNDA:0,(anonymous_153)
FNDA:0,(anonymous_154)
FNDA:0,(anonymous_155)
FNDA:0,(anonymous_156)
FNDA:0,(anonymous_157)
FNDA:0,(anonymous_158)
FNDA:0,(anonymous_159)
FNDA:0,(anonymous_160)
FNDA:0,nodeName
FNDA:0,winnow
FNDA:0,(anonymous_163)
FNDA:0,(anonymous_164)
FNDA:0,(anonymous_165)
FNDA:0,(anonymous_166)
FNDA:0,(anonymous_167)
FNDA:0,(anonymous_168)
FNDA:0,(anonymous_169)
FNDA:0,(anonymous_170)
FNDA:0,(anonymous_171)
FNDA:0,(anonymous_172)
FNDA:0,(anonymous_173)
FNDA:0,(anonymous_174)
FNDA:0,(anonymous_175)
FNDA:0,(anonymous_176)
FNDA:0,(anonymous_177)
FNDA:0,(anonymous_178)
FNDA:0,(anonymous_179)
FNDA:0,sibling
FNDA:0,(anonymous_181)
FNDA:0,(anonymous_182)
FNDA:0,(anonymous_183)
FNDA:0,(anonymous_184)
FNDA:0,(anonymous_185)
FNDA:0,(anonymous_186)
FNDA:0,(anonymous_187)
FNDA:0,(anonymous_188)
FNDA:0,(anonymous_189)
FNDA:0,(anonymous_190)
FNDA:0,(anonymous_191)
FNDA:0,(anonymous_192)
FNDA:0,(anonymous_193)
FNDA:0,(anonymous_194)
FNDA:0,createOptions
FNDA:0,(anonymous_196)
FNDA:0,(anonymous_197)
FNDA:0,(anonymous_198)
FNDA:0,(anonymous_199)
FNDA:0,add
FNDA:0,(anonymous_201)
FNDA:0,(anonymous_202)
FNDA:0,(anonymous_203)
FNDA:0,(anonymous_204)
FNDA:0,(anonymous_205)
FNDA:0,(anonymous_206)
FNDA:0,(anonymous_207)
FNDA:0,(anonymous_208)
FNDA:0,(anonymous_209)
FNDA:0,(anonymous_210)
FNDA:0,(anonymous_211)
FNDA:0,(anonymous_212)
FNDA:0,Identity
FNDA:0,Thrower
FNDA:0,adoptValue
FNDA:0,(anonymous_216)
FNDA:0,(anonymous_217)
FNDA:0,(anonymous_218)
FNDA:0,(anonymous_219)
FNDA:0,(anonymous_220)
FNDA:0,(anonymous_221)
FNDA:0,(anonymous_222)
FNDA:0,(anonymous_223)
FNDA:0,(anonymous_224)
FNDA:0,resolve
FNDA:0,(anonymous_226)
FNDA:0,(anonymous_227)
FNDA:0,(anonymous_228)
FNDA:0,(anonymous_229)
FNDA:0,(anonymous_230)
FNDA:0,(anonymous_231)
FNDA:0,(anonymous_232)
FNDA:0,(anonymous_233)
FNDA:0,(anonymous_234)
FNDA:0,(anonymous_235)
FNDA:0,(anonymous_236)
FNDA:0,(anonymous_237)
FNDA:0,(anonymous_238)
FNDA:0,(anonymous_239)
FNDA:0,(anonymous_240)
FNDA:0,(anonymous_241)
FNDA:0,(anonymous_242)
FNDA:0,completed
FNDA:0,(anonymous_244)
FNDA:0,(anonymous_245)
FNDA:0,fcamelCase
FNDA:0,camelCase
FNDA:0,(anonymous_248)
FNDA:0,Data
FNDA:0,(anonymous_250)
FNDA:0,(anonymous_251)
FNDA:0,(anonymous_252)
FNDA:0,(anonymous_253)
FNDA:0,(anonymous_254)
FNDA:0,(anonymous_255)
FNDA:0,getData
FNDA:0,dataAttr
FNDA:0,(anonymous_258)
FNDA:0,(anonymous_259)
FNDA:0,(anonymous_260)
FNDA:0,(anonymous_261)
FNDA:0,(anonymous_262)
FNDA:0,(anonymous_263)
FNDA:0,(anonymous_264)
FNDA:0,(anonymous_265)
FNDA:0,(anonymous_266)
FNDA:0,(anonymous_267)
FNDA:0,(anonymous_268)
FNDA:0,(anonymous_269)
FNDA:0,(anonymous_270)
FNDA:0,(anonymous_271)
FNDA:0,(anonymous_272)
FNDA:0,(anonymous_273)
FNDA:0,(anonymous_274)
FNDA:0,(anonymous_275)
FNDA:0,(anonymous_276)
FNDA:0,(anonymous_277)
FNDA:0,(anonymous_278)
FNDA:0,(anonymous_279)
FNDA:0,(anonymous_280)
FNDA:0,(anonymous_281)
FNDA:0,(anonymous_282)
FNDA:0,adjustCSS
FNDA:0,(anonymous_284)
FNDA:0,(anonymous_285)
FNDA:0,getDefaultDisplay
FNDA:0,showHide
FNDA:0,(anonymous_288)
FNDA:0,(anonymous_289)
FNDA:0,(anonymous_290)
FNDA:0,(anonymous_291)
FNDA:0,getAll
FNDA:0,setGlobalEval
FNDA:0,buildFragment
FNDA:0,(anonymous_295)
FNDA:0,returnTrue
FNDA:0,returnFalse
FNDA:0,safeActiveElement
FNDA:0,on
FNDA:0,(anonymous_300)
FNDA:0,(anonymous_301)
FNDA:0,(anonymous_302)
FNDA:0,(anonymous_303)
FNDA:0,(anonymous_304)
FNDA:0,(anonymous_305)
FNDA:0,(anonymous_306)
FNDA:0,(anonymous_307)
FNDA:0,(anonymous_308)
FNDA:0,(anonymous_309)
FNDA:0,(anonymous_310)
FNDA:0,(anonymous_311)
FNDA:0,(anonymous_312)
FNDA:0,(anonymous_313)
FNDA:0,(anonymous_314)
FNDA:0,(anonymous_315)
FNDA:0,(anonymous_316)
FNDA:0,(anonymous_317)
FNDA:0,(anonymous_318)
FNDA:0,(anonymous_319)
FNDA:0,(anonymous_320)
FNDA:0,(anonymous_321)
FNDA:0,(anonymous_322)
FNDA:0,(anonymous_323)
FNDA:0,(anonymous_324)
FNDA:0,(anonymous_325)
FNDA:0,(anonymous_326)
FNDA:0,(anonymous_327)
FNDA:0,(anonymous_328)
FNDA:0,manipulationTarget
FNDA:0,disableScript
FNDA:0,restoreScript
FNDA:0,cloneCopyEvent
FNDA:0,fixInput
FNDA:0,domManip
FNDA:0,(anonymous_335)
FNDA:0,remove
FNDA:0,(anonymous_337)
FNDA:0,(anonymous_338)
FNDA:0,(anonymous_339)
FNDA:0,(anonymous_340)
FNDA:0,(anonymous_341)
FNDA:0,(anonymous_342)
FNDA:0,(anonymous_343)
FNDA:0,(anonymous_344)
FNDA:0,(anonymous_345)
FNDA:0,(anonymous_346)
FNDA:0,(anonymous_347)
FNDA:0,(anonymous_348)
FNDA:0,(anonymous_349)
FNDA:0,(anonymous_350)
FNDA:0,(anonymous_351)
FNDA:0,(anonymous_352)
FNDA:0,(anonymous_353)
FNDA:0,(anonymous_354)
FNDA:0,(anonymous_355)
FNDA:0,(anonymous_356)
FNDA:0,(anonymous_357)
FNDA:0,(anonymous_358)
FNDA:0,(anonymous_359)
FNDA:0,(anonymous_360)
FNDA:0,(anonymous_361)
FNDA:0,(anonymous_362)
FNDA:0,(anonymous_363)
FNDA:0,computeStyleTests
FNDA:0,roundPixelMeasures
FNDA:0,(anonymous_366)
FNDA:0,(anonymous_367)
FNDA:0,(anonymous_368)
FNDA:0,(anonymous_369)
FNDA:0,(anonymous_370)
FNDA:0,curCSS
FNDA:0,addGetHookIf
FNDA:0,(anonymous_373)
FNDA:0,vendorPropName
FNDA:0,finalPropName
FNDA:0,setPositiveNumber
FNDA:0,boxModelAdjustment
FNDA:0,getWidthOrHeight
FNDA:0,(anonymous_379)
FNDA:0,(anonymous_380)
FNDA:0,(anonymous_381)
FNDA:0,(anonymous_382)
FNDA:0,(anonymous_383)
FNDA:0,(anonymous_384)
FNDA:0,(anonymous_385)
FNDA:0,(anonymous_386)
FNDA:0,(anonymous_387)
FNDA:0,(anonymous_388)
FNDA:0,(anonymous_389)
FNDA:0,(anonymous_390)
FNDA:0,(anonymous_391)
FNDA:0,Tween
FNDA:0,(anonymous_393)
FNDA:0,(anonymous_394)
FNDA:0,(anonymous_395)
FNDA:0,(anonymous_396)
FNDA:0,(anonymous_397)
FNDA:0,(anonymous_398)
FNDA:0,(anonymous_399)
FNDA:0,(anonymous_400)
FNDA:0,schedule
FNDA:0,createFxNow
FNDA:0,(anonymous_403)
FNDA:0,genFx
FNDA:0,createTween
FNDA:0,defaultPrefilter
FNDA:0,(anonymous_407)
FNDA:0,(anonymous_408)
FNDA:0,(anonymous_409)
FNDA:0,(anonymous_410)
FNDA:0,(anonymous_411)
FNDA:0,(anonymous_412)
FNDA:0,propFilter
FNDA:0,Animation
FNDA:0,(anonymous_415)
FNDA:0,(anonymous_416)
FNDA:0,(anonymous_417)
FNDA:0,(anonymous_418)
FNDA:0,(anonymous_419)
FNDA:0,(anonymous_420)
FNDA:0,(anonymous_421)
FNDA:0,(anonymous_422)
FNDA:0,(anonymous_423)
FNDA:0,(anonymous_424)
FNDA:0,(anonymous_425)
FNDA:0,(anonymous_426)
FNDA:0,(anonymous_427)
FNDA:0,(anonymous_428)
FNDA:0,(anonymous_429)
FNDA:0,(anonymous_430)
FNDA:0,(anonymous_431)
FNDA:0,(anonymous_432)
FNDA:0,(anonymous_433)
FNDA:0,(anonymous_434)
FNDA:0,(anonymous_435)
FNDA:0,(anonymous_436)
FNDA:0,(anonymous_437)
FNDA:0,(anonymous_438)
FNDA:0,(anonymous_439)
FNDA:0,(anonymous_440)
FNDA:0,(anonymous_441)
FNDA:0,(anonymous_442)
FNDA:0,(anonymous_443)
FNDA:0,(anonymous_444)
FNDA:0,(anonymous_445)
FNDA:0,(anonymous_446)
FNDA:0,(anonymous_447)
FNDA:0,(anonymous_448)
FNDA:0,(anonymous_449)
FNDA:0,(anonymous_450)
FNDA:0,(anonymous_451)
FNDA:0,(anonymous_452)
FNDA:0,(anonymous_453)
FNDA:0,(anonymous_454)
FNDA:0,(anonymous_455)
FNDA:0,(anonymous_456)
FNDA:0,(anonymous_457)
FNDA:0,(anonymous_458)
FNDA:0,(anonymous_459)
FNDA:0,(anonymous_460)
FNDA:0,stripAndCollapse
FNDA:0,getClass
FNDA:0,classesToArray
FNDA:0,(anonymous_464)
FNDA:0,(anonymous_465)
FNDA:0,(anonymous_466)
FNDA:0,(anonymous_467)
FNDA:0,(anonymous_468)
FNDA:0,(anonymous_469)
FNDA:0,(anonymous_470)
FNDA:0,(anonymous_471)
FNDA:0,(anonymous_472)
FNDA:0,(anonymous_473)
FNDA:0,(anonymous_474)
FNDA:0,(anonymous_475)
FNDA:0,(anonymous_476)
FNDA:0,(anonymous_477)
FNDA:0,(anonymous_478)
FNDA:0,(anonymous_479)
FNDA:0,(anonymous_480)
FNDA:0,(anonymous_481)
FNDA:0,(anonymous_482)
FNDA:0,(anonymous_483)
FNDA:0,(anonymous_484)
FNDA:0,(anonymous_485)
FNDA:0,(anonymous_486)
FNDA:0,(anonymous_487)
FNDA:0,(anonymous_488)
FNDA:0,(anonymous_489)
FNDA:0,(anonymous_490)
FNDA:0,(anonymous_491)
FNDA:0,buildParams
FNDA:0,(anonymous_493)
FNDA:0,(anonymous_494)
FNDA:0,(anonymous_495)
FNDA:0,(anonymous_496)
FNDA:0,(anonymous_497)
FNDA:0,(anonymous_498)
FNDA:0,(anonymous_499)
FNDA:0,(anonymous_500)
FNDA:0,(anonymous_501)
FNDA:0,(anonymous_502)
FNDA:0,addToPrefiltersOrTransports
FNDA:0,(anonymous_504)
FNDA:0,inspectPrefiltersOrTransports
FNDA:0,inspect
FNDA:0,(anonymous_507)
FNDA:0,ajaxExtend
FNDA:0,ajaxHandleResponses
FNDA:0,ajaxConvert
FNDA:0,(anonymous_511)
FNDA:0,(anonymous_512)
FNDA:0,(anonymous_513)
FNDA:0,(anonymous_514)
FNDA:0,(anonymous_515)
FNDA:0,(anonymous_516)
FNDA:0,(anonymous_517)
FNDA:0,(anonymous_518)
FNDA:0,(anonymous_519)
FNDA:0,done
FNDA:0,(anonymous_521)
FNDA:0,(anonymous_522)
FNDA:0,(anonymous_523)
FNDA:0,(anonymous_524)
FNDA:0,(anonymous_525)
FNDA:0,(anonymous_526)
FNDA:0,(anonymous_527)
FNDA:0,(anonymous_528)
FNDA:0,(anonymous_529)
FNDA:0,(anonymous_530)
FNDA:0,(anonymous_531)
FNDA:0,(anonymous_532)
FNDA:0,(anonymous_533)
FNDA:0,(anonymous_534)
FNDA:0,(anonymous_535)
FNDA:0,(anonymous_536)
FNDA:0,(anonymous_537)
FNDA:0,(anonymous_538)
FNDA:0,(anonymous_539)
FNDA:0,(anonymous_540)
FNDA:0,(anonymous_541)
FNDA:0,(anonymous_542)
FNDA:0,(anonymous_543)
FNDA:0,(anonymous_544)
FNDA:0,(anonymous_545)
FNDA:0,(anonymous_546)
FNDA:0,(anonymous_547)
FNDA:0,(anonymous_548)
FNDA:0,(anonymous_549)
FNDA:0,(anonymous_550)
FNDA:0,(anonymous_551)
FNDA:0,(anonymous_552)
FNDA:0,(anonymous_553)
FNDA:0,(anonymous_554)
FNDA:0,(anonymous_555)
FNDA:0,(anonymous_556)
FNDA:0,(anonymous_557)
FNDA:0,(anonymous_558)
FNDA:0,(anonymous_559)
FNDA:0,(anonymous_560)
FNDA:0,(anonymous_561)
FNDA:0,(anonymous_562)
FNDA:0,(anonymous_563)
FNDA:0,(anonymous_564)
FNDA:0,(anonymous_565)
FNDA:0,(anonymous_566)
FNDA:0,(anonymous_567)
FNDA:0,(anonymous_568)
FNDA:0,(anonymous_569)
FNDA:0,(anonymous_570)
FNDA:0,(anonymous_571)
FNDA:0,(anonymous_572)
FNDA:0,(anonymous_573)
FNDA:0,(anonymous_574)
FNDA:0,(anonymous_575)
FNDA:0,(anonymous_576)
FNDA:0,(anonymous_577)
FNDA:0,(anonymous_578)
FNDA:0,(anonymous_579)
FNDA:0,(anonymous_580)
FNDA:0,(anonymous_581)
FNDA:0,(anonymous_582)
FNDA:0,(anonymous_583)
FNDA:0,(anonymous_584)
FNDA:0,(anonymous_585)
FNDA:0,(anonymous_586)
FNDA:0,(anonymous_587)
FNDA:0,(anonymous_588)
FNDA:0,(anonymous_589)
FNDA:0,(anonymous_590)
FNDA:0,(anonymous_591)
FNDA:0,(anonymous_592)
FNDA:0,(anonymous_593)
FNDA:0,(anonymous_594)
DA:14,0
DA:18,0
DA:27,0
DA:30,0
DA:31,0
DA:33,0
DA:36,0
DA:48,0
DA:50,0
DA:52,0
DA:54,0
DA:56,0
DA:58,0
DA:60,0
DA:62,0
DA:64,0
DA:66,0
DA:68,0
DA:70,0
DA:72,0
DA:74,0
DA:80,0
DA:84,0
DA:85,0
DA:91,0
DA:98,0
DA:101,0
DA:103,0
DA:104,0
DA:105,0
DA:106,0
DA:107,0
DA:111,0
DA:116,0
DA:117,0
DA:121,0
DA:132,0
DA:135,0
DA:139,0
DA:144,0
DA:146,0
DA:157,0
DA:165,0
DA:166,0
DA:170,0
DA:178,0
DA:181,0
DA:184,0
DA:189,0
DA:193,0
DA:194,0
DA:199,0
DA:203,0
DA:207,0
DA:211,0
DA:212,0
DA:213,0
DA:217,0
DA:227,0
DA:229,0
DA:230,0
DA:231,0
DA:232,0
DA:235,0
DA:236,0
DA:239,0
DA:240,0
DA:244,0
DA:245,0
DA:249,0
DA:250,0
DA:251,0
DA:254,0
DA:257,0
DA:260,0
DA:261,0
DA:262,0
DA:265,0
DA:266,0
DA:270,0
DA:273,0
DA:274,0
DA:275,0
DA:278,0
DA:282,0
DA:285,0
DA:286,0
DA:293,0
DA:296,0
DA:305,0
DA:315,0
DA:316,0
DA:319,0
DA:322,0
DA:323,0
DA:327,0
DA:328,0
DA:337,0
DA:338,0
DA:340,0
DA:345,0
DA:349,0
DA:351,0
DA:352,0
DA:353,0
DA:354,0
DA:355,0
DA:359,0
DA:360,0
DA:361,0
DA:366,0
DA:371,0
DA:378,0
DA:380,0
DA:381,0
DA:382,0
DA:387,0
DA:391,0
DA:395,0
DA:401,0
DA:402,0
DA:403,0
DA:405,0
DA:406,0
DA:409,0
DA:411,0
DA:416,0
DA:417,0
DA:418,0
DA:419,0
DA:423,0
DA:424,0
DA:425,0
DA:426,0
DA:430,0
DA:436,0
DA:437,0
DA:440,0
DA:441,0
DA:442,0
DA:443,0
DA:445,0
DA:446,0
DA:452,0
DA:453,0
DA:455,0
DA:456,0
DA:462,0
DA:473,0
DA:474,0
DA:478,0
DA:480,0
DA:489,0
DA:490,0
DA:492,0
DA:493,0
DA:496,0
DA:510,0
DA:535,0
DA:536,0
DA:537,0
DA:538,0
DA:539,0
DA:540,0
DA:541,0
DA:542,0
DA:543,0
DA:544,0
DA:546,0
DA:550,0
DA:551,0
DA:552,0
DA:553,0
DA:554,0
DA:555,0
DA:558,0
DA:559,0
DA:560,0
DA:561,0
DA:562,0
DA:563,0
DA:566,0
DA:569,0
DA:574,0
DA:577,0
DA:580,0
DA:587,0
DA:598,0
DA:599,0
DA:601,0
DA:602,0
DA:604,0
DA:606,0
DA:607,0
DA:609,0
DA:625,0
DA:626,0
DA:628,0
DA:631,0
DA:633,0
DA:637,0
DA:638,0
DA:639,0
DA:643,0
DA:654,0
DA:655,0
DA:656,0
DA:659,0
DA:660,0
DA:664,0
DA:668,0
DA:675,0
DA:676,0
DA:679,0
DA:681,0
DA:687,0
DA:688,0
DA:694,0
DA:696,0
DA:700,0
DA:706,0
DA:707,0
DA:709,0
DA:710,0
DA:717,0
DA:720,0
DA:722,0
DA:725,0
DA:728,0
DA:732,0
DA:734,0
DA:735,0
DA:737,0
DA:739,0
DA:743,0
DA:746,0
DA:749,0
DA:750,0
DA:755,0
DA:756,0
DA:757,0
DA:760,0
DA:769,0
DA:773,0
DA:774,0
DA:779,0
DA:780,0
DA:781,0
DA:784,0
DA:787,0
DA:788,0
DA:793,0
DA:797,0
DA:798,0
DA:799,0
DA:805,0
DA:808,0
DA:809,0
DA:811,0
DA:815,0
DA:816,0
DA:817,0
DA:818,0
DA:820,0
DA:823,0
DA:827,0
DA:828,0
DA:829,0
DA:832,0
DA:835,0
DA:836,0
DA:845,0
DA:855,0
DA:859,0
DA:861,0
DA:863,0
DA:865,0
DA:873,0
DA:874,0
DA:882,0
DA:884,0
DA:885,0
DA:887,0
DA:890,0
DA:891,0
DA:894,0
DA:904,0
DA:905,0
DA:907,0
DA:908,0
DA:919,0
DA:920,0
DA:924,0
DA:925,0
DA:929,0
DA:930,0
DA:931,0
DA:932,0
DA:937,0
DA:945,0
DA:946,0
DA:947,0
DA:956,0
DA:957,0
DA:958,0
DA:969,0
DA:974,0
DA:983,0
DA:986,0
DA:987,0
DA:988,0
DA:990,0
DA:996,0
DA:1004,0
DA:1009,0
DA:1010,0
DA:1014,0
DA:1023,0
DA:1024,0
DA:1025,0
DA:1027,0
DA:1028,0
DA:1031,0
DA:1032,0
DA:1033,0
DA:1046,0
DA:1050,0
DA:1057,0
DA:1060,0
DA:1061,0
DA:1069,0
DA:1071,0
DA:1074,0
DA:1075,0
DA:1079,0
DA:1080,0
DA:1081,0
DA:1085,0
DA:1089,0
DA:1090,0
DA:1093,0
DA:1094,0
DA:1104,0
DA:1105,0
DA:1106,0
DA:1113,0
DA:1114,0
DA:1115,0
DA:1119,0
DA:1125,0
DA:1126,0
DA:1127,0
DA:1131,0
DA:1132,0
DA:1133,0
DA:1134,0
DA:1135,0
DA:1138,0
DA:1139,0
DA:1140,0
DA:1141,0
DA:1145,0
DA:1146,0
DA:1147,0
DA:1148,0
DA:1150,0
DA:1156,0
DA:1157,0
DA:1159,0
DA:1161,0
DA:1164,0
DA:1165,0
DA:1166,0
DA:1170,0
DA:1171,0
DA:1172,0
DA:1173,0
DA:1174,0
DA:1175,0
DA:1180,0
DA:1186,0
DA:1188,0
DA:1189,0
DA:1192,0
DA:1193,0
DA:1199,0
DA:1200,0
DA:1202,0
DA:1205,0
DA:1206,0
DA:1207,0
DA:1208,0
DA:1212,0
DA:1214,0
DA:1218,0
DA:1219,0
DA:1220,0
DA:1230,0
DA:1237,0
DA:1239,0
DA:1242,0
DA:1248,0
DA:1256,0
DA:1257,0
DA:1262,0
DA:1263,0
DA:1267,0
DA:1268,0
DA:1274,0
DA:1275,0
DA:1281,0
DA:1282,0
DA:1286,0
DA:1287,0
DA:1292,0
DA:1293,0
DA:1294,0
DA:1298,0
DA:1299,0
DA:1304,0
DA:1305,0
DA:1310,0
DA:1311,0
DA:1312,0
DA:1316,0
DA:1317,0
DA:1321,0
DA:1327,0
DA:1330,0
DA:1334,0
DA:1335,0
DA:1339,0
DA:1340,0
DA:1344,0
DA:1349,0
DA:1351,0
DA:1352,0
DA:1353,0
DA:1360,0
DA:1361,0
DA:1362,0
DA:1363,0
DA:1367,0
DA:1374,0
DA:1378,0
DA:1379,0
DA:1380,0
DA:1384,0
DA:1385,0
DA:1386,0
DA:1390,0
DA:1397,0
DA:1401,0
DA:1402,0
DA:1404,0
DA:1405,0
DA:1409,0
DA:1414,0
DA:1418,0
DA:1419,0
DA:1420,0
DA:1424,0
DA:1425,0
DA:1426,0
DA:1427,0
DA:1428,0
DA:1431,0
DA:1432,0
DA:1441,0
DA:1442,0
DA:1446,0
DA:1447,0
DA:1448,0
DA:1450,0
DA:1451,0
DA:1452,0
DA:1456,0
DA:1457,0
DA:1460,0
DA:1470,0
DA:1473,0
DA:1474,0
DA:1477,0
DA:1479,0
DA:1480,0
DA:1484,0
DA:1486,0
DA:1491,0
DA:1492,0
DA:1495,0
DA:1499,0
DA:1504,0
DA:1507,0
DA:1509,0
DA:1510,0
DA:1512,0
DA:1515,0
DA:1517,0
DA:1518,0
DA:1521,0
DA:1523,0
DA:1527,0
DA:1536,0
DA:1537,0
DA:1540,0
DA:1541,0
DA:1548,0
DA:1550,0
DA:1551,0
DA:1552,0
DA:1555,0
DA:1556,0
DA:1557,0
DA:1559,0
DA:1560,0
DA:1561,0
DA:1562,0
DA:1565,0
DA:1566,0
DA:1572,0
DA:1574,0
DA:1581,0
DA:1583,0
DA:1584,0
DA:1585,0
DA:1587,0
DA:1589,0
DA:1591,0
DA:1593,0
DA:1596,0
DA:1597,0
DA:1600,0
DA:1601,0
DA:1604,0
DA:1605,0
DA:1609,0
DA:1612,0
DA:1634,0
DA:1637,0
DA:1639,0
DA:1640,0
DA:1643,0
DA:1657,0
DA:1659,0
DA:1661,0
DA:1662,0
DA:1667,0
DA:1668,0
DA:1671,0
DA:1672,0
DA:1675,0
DA:1680,0
DA:1682,0
DA:1683,0
DA:1687,0
DA:1688,0
DA:1691,0
DA:1698,0
DA:1699,0
DA:1703,0
DA:1710,0
DA:1711,0
DA:1712,0
DA:1714,0
DA:1719,0
DA:1721,0
DA:1724,0
DA:1729,0
DA:1730,0
DA:1732,0
DA:1733,0
DA:1735,0
DA:1736,0
DA:1739,0
DA:1741,0
DA:1753,0
DA:1754,0
DA:1755,0
DA:1757,0
DA:1761,0
DA:1766,0
DA:1767,0
DA:1768,0
DA:1769,0
DA:1770,0
DA:1772,0
DA:1775,0
DA:1776,0
DA:1777,0
DA:1778,0
DA:1779,0
DA:1783,0
DA:1787,0
DA:1789,0
DA:1792,0
DA:1795,0
DA:1800,0
DA:1801,0
DA:1805,0
DA:1808,0
DA:1809,0
DA:1810,0
DA:1811,0
DA:1813,0
DA:1819,0
DA:1820,0
DA:1821,0
DA:1827,0
DA:1829,0
DA:1830,0
DA:1834,0
DA:1837,0
DA:1838,0
DA:1839,0
DA:1844,0
DA:1846,0
DA:1849,0
DA:1855,0
DA:1856,0
DA:1860,0
DA:1863,0
DA:1866,0
DA:1867,0
DA:1875,0
DA:1876,0
DA:1887,0
DA:1893,0
DA:1894,0
DA:1898,0
DA:1899,0
DA:1900,0
DA:1903,0
DA:1904,0
DA:1905,0
DA:1906,0
DA:1907,0
DA:1911,0
DA:1915,0
DA:1925,0
DA:1926,0
DA:1927,0
DA:1929,0
DA:1932,0
DA:1933,0
DA:1936,0
DA:1937,0
DA:1938,0
DA:1943,0
DA:1944,0
DA:1946,0
DA:1947,0
DA:1952,0
DA:1953,0
DA:1958,0
DA:1959,0
DA:1960,0
DA:1973,0
DA:1974,0
DA:1976,0
DA:1977,0
DA:1979,0
DA:1980,0
DA:1984,0
DA:1985,0
DA:1988,0
DA:1994,0
DA:1995,0
DA:1999,0
DA:2003,0
DA:2013,0
DA:2014,0
DA:2020,0
DA:2021,0
DA:2024,0
DA:2033,0
DA:2034,0
DA:2035,0
DA:2038,0
DA:2042,0
DA:2047,0
DA:2051,0
DA:2055,0
DA:2056,0
DA:2061,0
DA:2071,0
DA:2075,0
DA:2079,0
DA:2083,0
DA:2084,0
DA:2085,0
DA:2087,0
DA:2091,0
DA:2092,0
DA:2093,0
DA:2095,0
DA:2099,0
DA:2100,0
DA:2101,0
DA:2103,0
DA:2107,0
DA:2108,0
DA:2109,0
DA:2111,0
DA:2116,0
DA:2119,0
DA:2120,0
DA:2122,0
DA:2123,0
DA:2128,0
DA:2129,0
DA:2131,0
DA:2134,0
DA:2136,0
DA:2137,0
DA:2140,0
DA:2141,0
DA:2142,0
DA:2144,0
DA:2147,0
DA:2148,0
DA:2150,0
DA:2152,0
DA:2155,0
DA:2158,0
DA:2159,0
DA:2160,0
DA:2165,0
DA:2169,0
DA:2170,0
DA:2172,0
DA:2173,0
DA:2178,0
DA:2182,0
DA:2183,0
DA:2190,0
DA:2199,0
DA:2200,0
DA:2201,0
DA:2202,0
DA:2203,0
DA:2205,0
DA:2209,0
DA:2210,0
DA:2211,0
DA:2212,0
DA:2213,0
DA:2215,0
DA:2218,0
DA:2219,0
DA:2220,0
DA:2223,0
DA:2229,0
DA:2232,0
DA:2233,0
DA:2234,0
DA:2235,0
DA:2236,0
DA:2241,0
DA:2242,0
DA:2243,0
DA:2247,0
DA:2249,0
DA:2250,0
DA:2251,0
DA:2255,0
DA:2258,0
DA:2261,0
DA:2262,0
DA:2268,0
DA:2273,0
DA:2275,0
DA:2276,0
DA:2277,0
DA:2278,0
DA:2281,0
DA:2287,0
DA:2288,0
DA:2289,0
DA:2290,0
DA:2292,0
DA:2297,0
DA:2298,0
DA:2299,0
DA:2300,0
DA:2302,0
DA:2303,0
DA:2304,0
DA:2305,0
DA:2306,0
DA:2307,0
DA:2313,0
DA:2317,0
DA:2318,0
DA:2320,0
DA:2321,0
DA:2323,0
DA:2325,0
DA:2326,0
DA:2327,0
DA:2330,0
DA:2333,0
DA:2337,0
DA:2349,0
DA:2350,0
DA:2354,0
DA:2355,0
DA:2356,0
DA:2359,0
DA:2360,0
DA:2361,0
DA:2362,0
DA:2367,0
DA:2368,0
DA:2369,0
DA:2371,0
DA:2372,0
DA:2373,0
DA:2374,0
DA:2376,0
DA:2379,0
DA:2383,0
DA:2384,0
DA:2385,0
DA:2388,0
DA:2395,0
DA:2400,0
DA:2401,0
DA:2403,0
DA:2411,0
DA:2412,0
DA:2413,0
DA:2414,0
DA:2417,0
DA:2418,0
DA:2420,0
DA:2421,0
DA:2423,0
DA:2424,0
DA:2429,0
DA:2430,0
DA:2433,0
DA:2434,0
DA:2435,0
DA:2437,0
DA:2440,0
DA:2442,0
DA:2443,0
DA:2444,0
DA:2445,0
DA:2448,0
DA:2460,0
DA:2464,0
DA:2468,0
DA:2469,0
DA:2470,0
DA:2472,0
DA:2473,0
DA:2474,0
DA:2475,0
DA:2476,0
DA:2478,0
DA:2480,0
DA:2481,0
DA:2483,0
DA:2484,0
DA:2490,0
DA:2491,0
DA:2492,0
DA:2493,0
DA:2494,0
DA:2495,0
DA:2497,0
DA:2498,0
DA:2499,0
DA:2500,0
DA:2503,0
DA:2504,0
DA:2509,0
DA:2511,0
DA:2512,0
DA:2516,0
DA:2517,0
DA:2524,0
DA:2533,0
DA:2534,0
DA:2535,0
DA:2536,0
DA:2539,0
DA:2541,0
DA:2542,0
DA:2543,0
DA:2544,0
DA:2550,0
DA:2554,0
DA:2557,0
DA:2560,0
DA:2565,0
DA:2566,0
DA:2567,0
DA:2570,0
DA:2573,0
DA:2578,0
DA:2580,0
DA:2581,0
DA:2582,0
DA:2584,0
DA:2586,0
DA:2587,0
DA:2589,0
DA:2590,0
DA:2591,0
DA:2592,0
DA:2593,0
DA:2595,0
DA:2600,0
DA:2603,0
DA:2605,0
DA:2617,0
DA:2619,0
DA:2620,0
DA:2622,0
DA:2626,0
DA:2629,0
DA:2630,0
DA:2633,0
DA:2634,0
DA:2635,0
DA:2638,0
DA:2639,0
DA:2642,0
DA:2646,0
DA:2647,0
DA:2648,0
DA:2651,0
DA:2652,0
DA:2654,0
DA:2656,0
DA:2662,0
DA:2663,0
DA:2664,0
DA:2665,0
DA:2666,0
DA:2669,0
DA:2677,0
DA:2684,0
DA:2690,0
DA:2694,0
DA:2697,0
DA:2701,0
DA:2703,0
DA:2709,0
DA:2710,0
DA:2711,0
DA:2713,0
DA:2714,0
DA:2715,0
DA:2722,0
DA:2723,0
DA:2724,0
DA:2725,0
DA:2727,0
DA:2728,0
DA:2729,0
DA:2736,0
DA:2737,0
DA:2739,0
DA:2741,0
DA:2742,0
DA:2750,0
DA:2756,0
DA:2757,0
DA:2760,0
DA:2761,0
DA:2762,0
DA:2763,0
DA:2764,0
DA:2765,0
DA:2770,0
DA:2771,0
DA:2772,0
DA:2774,0
DA:2775,0
DA:2776,0
DA:2777,0
DA:2779,0
DA:2782,0
DA:2786,0
DA:2787,0
DA:2789,0
DA:2790,0
DA:2791,0
DA:2795,0
DA:2799,0
DA:2805,0
DA:2808,0
DA:2814,0
DA:2815,0
DA:2816,0
DA:2821,0
DA:2822,0
DA:2823,0
DA:2828,0
DA:2829,0
DA:2830,0
DA:2835,0
DA:2838,0
DA:2839,0
DA:2841,0
DA:2842,0
DA:2845,0
DA:2846,0
DA:2849,0
DA:2850,0
DA:2854,0
DA:2857,0
DA:2858,0
DA:2860,0
DA:2861,0
DA:2862,0
DA:2863,0
DA:2864,0
DA:2870,0
DA:2872,0
DA:2873,0
DA:2876,0
DA:2879,0
DA:2882,0
DA:2885,0
DA:2909,0
DA:2911,0
DA:2915,0
DA:2916,0
DA:2921,0
DA:2924,0
DA:2925,0
DA:2930,0
DA:2933,0
DA:2937,0
DA:2940,0
DA:2941,0
DA:2945,0
DA:2952,0
DA:2953,0
DA:2956,0
DA:2957,0
DA:2961,0
DA:2966,0
DA:2970,0
DA:2972,0
DA:2975,0
DA:2976,0
DA:2978,0
DA:2982,0
DA:2983,0
DA:2988,0
DA:2992,0
DA:2993,0
DA:2994,0
DA:2995,0
DA:2999,0
DA:3000,0
DA:3007,0
DA:3011,0
DA:3014,0
DA:3017,0
DA:3020,0
DA:3027,0
DA:3029,0
DA:3030,0
DA:3032,0
DA:3033,0
DA:3034,0
DA:3035,0
DA:3036,0
DA:3044,0
DA:3045,0
DA:3046,0
DA:3047,0
DA:3050,0
DA:3051,0
DA:3052,0
DA:3055,0
DA:3062,0
DA:3063,0
DA:3069,0
DA:3076,0
DA:3077,0
DA:3081,0
DA:3082,0
DA:3086,0
DA:3094,0
DA:3102,0
DA:3109,0
DA:3110,0
DA:3113,0
DA:3115,0
DA:3116,0
DA:3119,0
DA:3122,0
DA:3125,0
DA:3128,0
DA:3131,0
DA:3134,0
DA:3137,0
DA:3140,0
DA:3143,0
DA:3146,0
DA:3149,0
DA:3150,0
DA:3156,0
DA:3157,0
DA:3160,0
DA:3163,0
DA:3164,0
DA:3166,0
DA:3167,0
DA:3170,0
DA:3171,0
DA:3174,0
DA:3177,0
DA:3178,0
DA:3182,0
DA:3183,0
DA:3187,0
DA:3190,0
DA:3196,0
DA:3197,0
DA:3198,0
DA:3200,0
DA:3225,0
DA:3229,0
DA:3246,0
DA:3249,0
DA:3252,0
DA:3255,0
DA:3258,0
DA:3262,0
DA:3263,0
DA:3264,0
DA:3265,0
DA:3268,0
DA:3272,0
DA:3273,0
DA:3279,0
DA:3280,0
DA:3283,0
DA:3286,0
DA:3289,0
DA:3290,0
DA:3294,0
DA:3300,0
DA:3304,0
DA:3307,0
DA:3308,0
DA:3309,0
DA:3312,0
DA:3313,0
DA:3314,0
DA:3315,0
DA:3316,0
DA:3318,0
DA:3321,0
DA:3326,0
DA:3327,0
DA:3330,0
DA:3335,0
DA:3337,0
DA:3338,0
DA:3341,0
DA:3342,0
DA:3346,0
DA:3352,0
DA:3359,0
DA:3360,0
DA:3362,0
DA:3369,0
DA:3370,0
DA:3371,0
DA:3374,0
DA:3381,0
DA:3382,0
DA:3383,0
DA:3385,0
DA:3388,0
DA:3393,0
DA:3394,0
DA:3395,0
DA:3396,0
DA:3397,0
DA:3398,0
DA:3401,0
DA:3406,0
DA:3407,0
DA:3412,0
DA:3416,0
DA:3421,0
DA:3424,0
DA:3430,0
DA:3433,0
DA:3434,0
DA:3437,0
DA:3438,0
DA:3446,0
DA:3456,0
DA:3460,0
DA:3463,0
DA:3474,0
DA:3475,0
DA:3477,0
DA:3480,0
DA:3481,0
DA:3484,0
DA:3489,0
DA:3491,0
DA:3492,0
DA:3495,0
DA:3500,0
DA:3501,0
DA:3502,0
DA:3503,0
DA:3508,0
DA:3515,0
DA:3519,0
DA:3521,0
DA:3522,0
DA:3523,0
DA:3524,0
DA:3530,0
DA:3531,0
DA:3534,0
DA:3538,0
DA:3539,0
DA:3546,0
DA:3556,0
DA:3559,0
DA:3560,0
DA:3570,0
DA:3572,0
DA:3586,0
DA:3587,0
DA:3588,0
DA:3593,0
DA:3598,0
DA:3601,0
DA:3602,0
DA:3605,0
DA:3606,0
DA:3613,0
DA:3617,0
DA:3618,0
DA:3619,0
DA:3622,0
DA:3631,0
DA:3632,0
DA:3637,0
DA:3638,0
DA:3640,0
DA:3645,0
DA:3648,0
DA:3660,0
DA:3671,0
DA:3686,0
DA:3689,0
DA:3692,0
DA:3693,0
DA:3694,0
DA:3699,0
DA:3702,0
DA:3703,0
DA:3708,0
DA:3730,0
DA:3735,0
DA:3736,0
DA:3737,0
DA:3743,0
DA:3747,0
DA:3750,0
DA:3751,0
DA:3755,0
DA:3763,0
DA:3766,0
DA:3769,0
DA:3770,0
DA:3773,0
DA:3776,0
DA:3777,0
DA:3778,0
DA:3779,0
DA:3780,0
DA:3781,0
DA:3787,0
DA:3788,0
DA:3792,0
DA:3795,0
DA:3800,0
DA:3801,0
DA:3804,0
DA:3811,0
DA:3813,0
DA:3817,0
DA:3818,0
DA:3825,0
DA:3826,0
DA:3827,0
DA:3835,0
DA:3837,0
DA:3839,0
DA:3846,0
DA:3849,0
DA:3852,0
DA:3865,0
DA:3866,0
DA:3870,0
DA:3873,0
DA:3874,0
DA:3878,0
DA:3882,0
DA:3886,0
DA:3887,0
DA:3888,0
DA:3895,0
DA:3899,0
DA:3904,0
DA:3907,0
DA:3915,0
DA:3916,0
DA:3917,0
DA:3918,0
DA:3921,0
DA:3922,0
DA:3923,0
DA:3924,0
DA:3928,0
DA:3929,0
DA:3931,0
DA:3932,0
DA:3935,0
DA:3938,0
DA:3939,0
DA:3940,0
DA:3944,0
DA:3945,0
DA:3946,0
DA:3951,0
DA:3952,0
DA:3953,0
DA:3962,0
DA:3963,0
DA:3967,0
DA:3968,0
DA:3971,0
DA:3976,0
DA:3977,0
DA:3981,0
DA:3988,0
DA:3990,0
DA:3998,0
DA:4005,0
DA:4008,0
DA:4010,0
DA:4015,0
DA:4018,0
DA:4019,0
DA:4024,0
DA:4028,0
DA:4029,0
DA:4035,0
DA:4043,0
DA:4047,0
DA:4051,0
DA:4052,0
DA:4058,0
DA:4059,0
DA:4062,0
DA:4065,0
DA:4084,0
DA:4087,0
DA:4096,0
DA:4100,0
DA:4104,0
DA:4106,0
DA:4107,0
DA:4110,0
DA:4113,0
DA:4117,0
DA:4119,0
DA:4123,0
DA:4128,0
DA:4130,0
DA:4131,0
DA:4136,0
DA:4142,0
DA:4143,0
DA:4145,0
DA:4150,0
DA:4151,0
DA:4154,0
DA:4156,0
DA:4170,0
DA:4171,0
DA:4174,0
DA:4175,0
DA:4178,0
DA:4179,0
DA:4182,0
DA:4183,0
DA:4187,0
DA:4188,0
DA:4191,0
DA:4192,0
DA:4195,0
DA:4203,0
DA:4204,0
DA:4205,0
DA:4207,0
DA:4208,0
DA:4209,0
DA:4213,0
DA:4215,0
DA:4218,0
DA:4221,0
DA:4223,0
DA:4227,0
DA:4231,0
DA:4237,0
DA:4241,0
DA:4245,0
DA:4248,0
DA:4249,0
DA:4252,0
DA:4253,0
DA:4254,0
DA:4256,0
DA:4257,0
DA:4258,0
DA:4262,0
DA:4263,0
DA:4264,0
DA:4265,0
DA:4266,0
DA:4270,0
DA:4274,0
DA:4278,0
DA:4279,0
DA:4280,0
DA:4284,0
DA:4292,0
DA:4296,0
DA:4297,0
DA:4298,0
DA:4303,0
DA:4304,0
DA:4305,0
DA:4309,0
DA:4313,0
DA:4316,0
DA:4322,0
DA:4323,0
DA:4329,0
DA:4333,0
DA:4334,0
DA:4335,0
DA:4338,0
DA:4339,0
DA:4340,0
DA:4342,0
DA:4345,0
DA:4350,0
DA:4352,0
DA:4353,0
DA:4354,0
DA:4355,0
DA:4356,0
DA:4357,0
DA:4361,0
DA:4362,0
DA:4363,0
DA:4366,0
DA:4370,0
DA:4371,0
DA:4375,0
DA:4376,0
DA:4379,0
DA:4380,0
DA:4386,0
DA:4387,0
DA:4389,0
DA:4395,0
DA:4397,0
DA:4399,0
DA:4400,0
DA:4401,0
DA:4402,0
DA:4405,0
DA:4406,0
DA:4409,0
DA:4412,0
DA:4415,0
DA:4417,0
DA:4418,0
DA:4423,0
DA:4424,0
DA:4428,0
DA:4435,0
DA:4436,0
DA:4437,0
DA:4438,0
DA:4439,0
DA:4440,0
DA:4441,0
DA:4445,0
DA:4446,0
DA:4447,0
DA:4449,0
DA:4451,0
DA:4452,0
DA:4453,0
DA:4454,0
DA:4455,0
DA:4458,0
DA:4459,0
DA:4462,0
DA:4464,0
DA:4467,0
DA:4469,0
DA:4473,0
DA:4476,0
DA:4488,0
DA:4490,0
DA:4493,0
DA:4494,0
DA:4495,0
DA:4498,0
DA:4501,0
DA:4502,0
DA:4505,0
DA:4513,0
DA:4514,0
DA:4516,0
DA:4519,0
DA:4521,0
DA:4522,0
DA:4525,0
DA:4528,0
DA:4532,0
DA:4535,0
DA:4538,0
DA:4540,0
DA:4544,0
DA:4545,0
DA:4546,0
DA:4548,0
DA:4552,0
DA:4553,0
DA:4556,0
DA:4559,0
DA:4560,0
DA:4563,0
DA:4566,0
DA:4567,0
DA:4568,0
DA:4569,0
DA:4572,0
DA:4576,0
DA:4580,0
DA:4581,0
DA:4582,0
DA:4584,0
DA:4585,0
DA:4588,0
DA:4589,0
DA:4591,0
DA:4593,0
DA:4594,0
DA:4596,0
DA:4598,0
DA:4603,0
DA:4604,0
DA:4605,0
DA:4608,0
DA:4609,0
DA:4610,0
DA:4611,0
DA:4614,0
DA:4615,0
DA:4620,0
DA:4621,0
DA:4622,0
DA:4623,0
DA:4626,0
DA:4627,0
DA:4630,0
DA:4631,0
DA:4634,0
DA:4640,0
DA:4641,0
DA:4642,0
DA:4646,0
DA:4649,0
DA:4651,0
DA:4654,0
DA:4657,0
DA:4658,0
DA:4661,0
DA:4662,0
DA:4663,0
DA:4665,0
DA:4670,0
DA:4672,0
DA:4674,0
DA:4679,0
DA:4696,0
DA:4698,0
DA:4699,0
DA:4708,0
DA:4709,0
DA:4711,0
DA:4712,0
DA:4715,0
DA:4718,0
DA:4719,0
DA:4722,0
DA:4728,0
DA:4729,0
DA:4731,0
DA:4732,0
DA:4741,0
DA:4745,0
DA:4746,0
DA:4747,0
DA:4748,0
DA:4750,0
DA:4751,0
DA:4753,0
DA:4756,0
DA:4760,0
DA:4763,0
DA:4764,0
DA:4768,0
DA:4771,0
DA:4772,0
DA:4773,0
DA:4776,0
DA:4777,0
DA:4778,0
DA:4783,0
DA:4786,0
DA:4789,0
DA:4795,0
DA:4797,0
DA:4798,0
DA:4801,0
DA:4802,0
DA:4803,0
DA:4805,0
DA:4808,0
DA:4811,0
DA:4814,0
DA:4815,0
DA:4819,0
DA:4820,0
DA:4821,0
DA:4822,0
DA:4823,0
DA:4829,0
DA:4833,0
DA:4834,0
DA:4835,0
DA:4836,0
DA:4842,0
DA:4843,0
DA:4844,0
DA:4846,0
DA:4850,0
DA:4854,0
DA:4855,0
DA:4857,0
DA:4862,0
DA:4863,0
DA:4864,0
DA:4867,0
DA:4871,0
DA:4877,0
DA:4878,0
DA:4886,0
DA:4889,0
DA:4892,0
DA:4893,0
DA:4895,0
DA:4896,0
DA:4898,0
DA:4901,0
DA:4904,0
DA:4905,0
DA:4906,0
DA:4907,0
DA:4910,0
DA:4911,0
DA:4915,0
DA:4916,0
DA:4917,0
DA:4920,0
DA:4921,0
DA:4922,0
DA:4923,0
DA:4926,0
DA:4927,0
DA:4928,0
DA:4931,0
DA:4932,0
DA:4936,0
DA:4938,0
DA:4939,0
DA:4947,0
DA:4956,0
DA:4959,0
DA:4960,0
DA:4964,0
DA:4965,0
DA:4966,0
DA:4967,0
DA:4972,0
DA:4973,0
DA:4977,0
DA:4978,0
DA:4982,0
DA:4983,0
DA:4985,0
DA:4986,0
DA:4990,0
DA:4996,0
DA:4997,0
DA:4998,0
DA:4999,0
DA:5000,0
DA:5001,0
DA:5004,0
DA:5005,0
DA:5009,0
DA:5012,0
DA:5015,0
DA:5018,0
DA:5030,0
DA:5031,0
DA:5032,0
DA:5035,0
DA:5038,0
DA:5039,0
DA:5044,0
DA:5045,0
DA:5047,0
DA:5048,0
DA:5053,0
DA:5054,0
DA:5056,0
DA:5060,0
DA:5071,0
DA:5073,0
DA:5074,0
DA:5078,0
DA:5079,0
DA:5080,0
DA:5081,0
DA:5082,0
DA:5083,0
DA:5086,0
DA:5087,0
DA:5088,0
DA:5090,0
DA:5093,0
DA:5094,0
DA:5095,0
DA:5096,0
DA:5100,0
DA:5101,0
DA:5102,0
DA:5104,0
DA:5109,0
DA:5111,0
DA:5112,0
DA:5114,0
DA:5115,0
DA:5122,0
DA:5123,0
DA:5126,0
DA:5129,0
DA:5134,0
DA:5135,0
DA:5142,0
DA:5145,0
DA:5146,0
DA:5147,0
DA:5150,0
DA:5152,0
DA:5153,0
DA:5156,0
DA:5159,0
DA:5160,0
DA:5164,0
DA:5167,0
DA:5168,0
DA:5169,0
DA:5171,0
DA:5172,0
DA:5177,0
DA:5179,0
DA:5180,0
DA:5182,0
DA:5185,0
DA:5186,0
DA:5187,0
DA:5188,0
DA:5196,0
DA:5197,0
DA:5200,0
DA:5205,0
DA:5206,0
DA:5207,0
DA:5210,0
DA:5223,0
DA:5227,0
DA:5228,0
DA:5229,0
DA:5230,0
DA:5231,0
DA:5234,0
DA:5236,0
DA:5237,0
DA:5241,0
DA:5242,0
DA:5245,0
DA:5246,0
DA:5253,0
DA:5254,0
DA:5255,0
DA:5258,0
DA:5262,0
DA:5268,0
DA:5269,0
DA:5273,0
DA:5274,0
DA:5279,0
DA:5290,0
DA:5305,0
DA:5306,0
DA:5307,0
DA:5314,0
DA:5315,0
DA:5316,0
DA:5325,0
DA:5326,0
DA:5327,0
DA:5333,0
DA:5342,0
DA:5343,0
DA:5350,0
DA:5353,0
DA:5354,0
DA:5358,0
DA:5361,0
DA:5362,0
DA:5366,0
DA:5367,0
DA:5368,0
DA:5372,0
DA:5383,0
DA:5387,0
DA:5388,0
DA:5392,0
DA:5396,0
DA:5397,0
DA:5401,0
DA:5404,0
DA:5409,0
DA:5417,0
DA:5419,0
DA:5421,0
DA:5422,0
DA:5426,0
DA:5428,0
DA:5430,0
DA:5431,0
DA:5435,0
DA:5437,0
DA:5439,0
DA:5440,0
DA:5443,0
DA:5448,0
DA:5480,0
DA:5483,0
DA:5484,0
DA:5488,0
DA:5489,0
DA:5490,0
DA:5493,0
DA:5494,0
DA:5497,0
DA:5498,0
DA:5501,0
DA:5504,0
DA:5516,0
DA:5522,0
DA:5528,0
DA:5529,0
DA:5530,0
DA:5534,0
DA:5535,0
DA:5536,0
DA:5537,0
DA:5539,0
DA:5544,0
DA:5547,0
DA:5550,0
DA:5554,0
DA:5557,0
DA:5558,0
DA:5565,0
DA:5567,0
DA:5570,0
DA:5571,0
DA:5573,0
DA:5575,0
DA:5578,0
DA:5579,0
DA:5581,0
DA:5582,0
DA:5584,0
DA:5585,0
DA:5596,0
DA:5603,0
DA:5606,0
DA:5607,0
DA:5611,0
DA:5614,0
DA:5617,0
DA:5622,0
DA:5623,0
DA:5626,0
DA:5627,0
DA:5629,0
DA:5632,0
DA:5638,0
DA:5639,0
DA:5643,0
DA:5644,0
DA:5645,0
DA:5646,0
DA:5648,0
DA:5649,0
DA:5650,0
DA:5652,0
DA:5653,0
DA:5654,0
DA:5661,0
DA:5662,0
DA:5663,0
DA:5665,0
DA:5671,0
DA:5674,0
DA:5675,0
DA:5678,0
DA:5679,0
DA:5686,0
DA:5689,0
DA:5690,0
DA:5691,0
DA:5692,0
DA:5693,0
DA:5696,0
DA:5699,0
DA:5700,0
DA:5701,0
DA:5702,0
DA:5704,0
DA:5708,0
DA:5709,0
DA:5710,0
DA:5712,0
DA:5713,0
DA:5717,0
DA:5718,0
DA:5719,0
DA:5724,0
DA:5725,0
DA:5727,0
DA:5728,0
DA:5731,0
DA:5735,0
DA:5739,0
DA:5742,0
DA:5743,0
DA:5746,0
DA:5749,0
DA:5750,0
DA:5751,0
DA:5755,0
DA:5758,0
DA:5759,0
DA:5762,0
DA:5770,0
DA:5775,0
DA:5776,0
DA:5778,0
DA:5779,0
DA:5780,0
DA:5783,0
DA:5784,0
DA:5785,0
DA:5787,0
DA:5791,0
DA:5794,0
DA:5796,0
DA:5801,0
DA:5802,0
DA:5805,0
DA:5809,0
DA:5810,0
DA:5812,0
DA:5813,0
DA:5818,0
DA:5819,0
DA:5820,0
DA:5821,0
DA:5823,0
DA:5824,0
DA:5827,0
DA:5832,0
DA:5833,0
DA:5834,0
DA:5838,0
DA:5843,0
DA:5844,0
DA:5846,0
DA:5847,0
DA:5848,0
DA:5849,0
DA:5850,0
DA:5851,0
DA:5852,0
DA:5856,0
DA:5863,0
DA:5865,0
DA:5869,0
DA:5876,0
DA:5878,0
DA:5882,0
DA:5886,0
DA:5887,0
DA:5890,0
DA:5891,0
DA:5898,0
DA:5899,0
DA:5900,0
DA:5901,0
DA:5907,0
DA:5908,0
DA:5909,0
DA:5910,0
DA:5916,0
DA:5917,0
DA:5918,0
DA:5924,0
DA:5925,0
DA:5926,0
DA:5933,0
DA:5935,0
DA:5936,0
DA:5939,0
DA:5942,0
DA:5946,0
DA:5950,0
DA:5951,0
DA:5953,0
DA:5954,0
DA:5959,0
DA:5960,0
DA:5961,0
DA:5962,0
DA:5964,0
DA:5965,0
DA:5969,0
DA:5972,0
DA:5974,0
DA:5975,0
DA:5976,0
DA:5979,0
DA:5980,0
DA:5981,0
DA:5985,0
DA:5991,0
DA:5992,0
DA:5998,0
DA:6001,0
DA:6002,0
DA:6004,0
DA:6005,0
DA:6006,0
DA:6007,0
DA:6016,0
DA:6023,0
DA:6025,0
DA:6026,0
DA:6027,0
DA:6028,0
DA:6030,0
DA:6031,0
DA:6032,0
DA:6036,0
DA:6039,0
DA:6042,0
DA:6044,0
DA:6049,0
DA:6051,0
DA:6052,0
DA:6055,0
DA:6058,0
DA:6062,0
DA:6069,0
DA:6070,0
DA:6073,0
DA:6075,0
DA:6079,0
DA:6081,0
DA:6082,0
DA:6085,0
DA:6089,0
DA:6090,0
DA:6094,0
DA:6098,0
DA:6099,0
DA:6101,0
DA:6105,0
DA:6109,0
DA:6114,0
DA:6115,0
DA:6118,0
DA:6119,0
DA:6124,0
DA:6125,0
DA:6126,0
DA:6128,0
DA:6130,0
DA:6131,0
DA:6134,0
DA:6135,0
DA:6138,0
DA:6139,0
DA:6142,0
DA:6143,0
DA:6146,0
DA:6147,0
DA:6160,0
DA:6162,0
DA:6167,0
DA:6168,0
DA:6170,0
DA:6171,0
DA:6179,0
DA:6182,0
DA:6183,0
DA:6184,0
DA:6187,0
DA:6188,0
DA:6191,0
DA:6192,0
DA:6193,0
DA:6197,0
DA:6209,0
DA:6211,0
DA:6215,0
DA:6216,0
DA:6220,0
DA:6231,0
DA:6232,0
DA:6233,0
DA:6234,0
DA:6239,0
DA:6240,0
DA:6246,0
DA:6247,0
DA:6251,0
DA:6252,0
DA:6254,0
DA:6255,0
DA:6256,0
DA:6257,0
DA:6265,0
DA:6266,0
DA:6267,0
DA:6269,0
DA:6276,0
DA:6277,0
DA:6285,0
DA:6286,0
DA:6287,0
DA:6290,0
DA:6291,0
DA:6294,0
DA:6297,0
DA:6298,0
DA:6302,0
DA:6305,0
DA:6308,0
DA:6309,0
DA:6313,0
DA:6321,0
DA:6322,0
DA:6326,0
DA:6327,0
DA:6333,0
DA:6337,0
DA:6346,0
DA:6352,0
DA:6353,0
DA:6354,0
DA:6355,0
DA:6359,0
DA:6360,0
DA:6361,0
DA:6363,0
DA:6368,0
DA:6375,0
DA:6378,0
DA:6381,0
DA:6385,0
DA:6388,0
DA:6402,0
DA:6409,0
DA:6412,0
DA:6413,0
DA:6444,0
DA:6445,0
DA:6450,0
DA:6451,0
DA:6452,0
DA:6457,0
DA:6458,0
DA:6462,0
DA:6465,0
DA:6466,0
DA:6469,0
DA:6470,0
DA:6473,0
DA:6477,0
DA:6478,0
DA:6482,0
DA:6483,0
DA:6487,0
DA:6488,0
DA:6492,0
DA:6495,0
DA:6496,0
DA:6498,0
DA:6505,0
DA:6508,0
DA:6512,0
DA:6518,0
DA:6519,0
DA:6524,0
DA:6525,0
DA:6529,0
DA:6532,0
DA:6533,0
DA:6537,0
DA:6538,0
DA:6542,0
DA:6543,0
DA:6547,0
DA:6548,0
DA:6549,0
DA:6552,0
DA:6556,0
DA:6557,0
DA:6559,0
DA:6563,0
DA:6573,0
DA:6581,0
DA:6582,0
DA:6583,0
DA:6593,0
DA:6594,0
DA:6603,0
DA:6606,0
DA:6607,0
DA:6610,0
DA:6615,0
DA:6617,0
DA:6618,0
DA:6621,0
DA:6629,0
DA:6634,0
DA:6636,0
DA:6637,0
DA:6640,0
DA:6642,0
DA:6643,0
DA:6647,0
DA:6651,0
DA:6652,0
DA:6656,0
DA:6658,0
DA:6660,0
DA:6661,0
DA:6663,0
DA:6664,0
DA:6665,0
DA:6667,0
DA:6668,0
DA:6671,0
DA:6674,0
DA:6683,0
DA:6685,0
DA:6687,0
DA:6690,0
DA:6691,0
DA:6692,0
DA:6693,0
DA:6694,0
DA:6695,0
DA:6696,0
DA:6699,0
DA:6701,0
DA:6707,0
DA:6709,0
DA:6710,0
DA:6714,0
DA:6716,0
DA:6718,0
DA:6719,0
DA:6722,0
DA:6723,0
DA:6725,0
DA:6727,0
DA:6731,0
DA:6733,0
DA:6740,0
DA:6742,0
DA:6749,0
DA:6752,0
DA:6759,0
DA:6760,0
DA:6761,0
DA:6764,0
DA:6766,0
DA:6774,0
DA:6776,0
DA:6777,0
DA:6782,0
DA:6784,0
DA:6787,0
DA:6792,0
DA:6795,0
DA:6802,0
DA:6803,0
DA:6806,0
DA:6807,0
DA:6808,0
DA:6810,0
DA:6813,0
DA:6819,0
DA:6820,0
DA:6822,0
DA:6828,0
DA:6829,0
DA:6833,0
DA:6834,0
DA:6835,0
DA:6836,0
DA:6839,0
DA:6840,0
DA:6843,0
DA:6848,0
DA:6849,0
DA:6850,0
DA:6851,0
DA:6852,0
DA:6855,0
DA:6862,0
DA:6863,0
DA:6864,0
DA:6865,0
DA:6866,0
DA:6867,0
DA:6870,0
DA:6871,0
DA:6872,0
DA:6873,0
DA:6874,0
DA:6875,0
DA:6876,0
DA:6877,0
DA:6881,0
DA:6883,0
DA:6886,0
DA:6887,0
DA:6888,0
DA:6889,0
DA:6896,0
DA:6897,0
DA:6898,0
DA:6899,0
DA:6900,0
DA:6901,0
DA:6905,0
DA:6906,0
DA:6910,0
DA:6913,0
DA:6918,0
DA:6919,0
DA:6920,0
DA:6924,0
DA:6930,0
DA:6933,0
DA:6934,0
DA:6935,0
DA:6937,0
DA:6938,0
DA:6939,0
DA:6940,0
DA:6944,0
DA:6945,0
DA:6946,0
DA:6947,0
DA:6952,0
DA:6953,0
DA:6956,0
DA:6957,0
DA:6958,0
DA:6960,0
DA:6961,0
DA:6962,0
DA:6965,0
DA:6970,0
DA:6971,0
DA:6972,0
DA:6973,0
DA:6974,0
DA:6975,0
DA:6980,0
DA:6981,0
DA:6984,0
DA:6985,0
DA:6986,0
DA:6987,0
DA:6990,0
DA:6994,0
DA:6995,0
DA:6999,0
DA:7000,0
DA:7005,0
DA:7010,0
DA:7011,0
DA:7013,0
DA:7014,0
DA:7015,0
DA:7021,0
DA:7022,0
DA:7023,0
DA:7024,0
DA:7025,0
DA:7026,0
DA:7036,0
DA:7037,0
DA:7038,0
DA:7039,0
DA:7040,0
DA:7041,0
DA:7042,0
DA:7045,0
DA:7046,0
DA:7047,0
DA:7050,0
DA:7051,0
DA:7052,0
DA:7053,0
DA:7057,0
DA:7058,0
DA:7059,0
DA:7060,0
DA:7064,0
DA:7072,0
DA:7073,0
DA:7074,0
DA:7077,0
DA:7079,0
DA:7080,0
DA:7081,0
DA:7083,0
DA:7084,0
DA:7088,0
DA:7089,0
DA:7090,0
DA:7091,0
DA:7093,0
DA:7094,0
DA:7097,0
DA:7100,0
DA:7101,0
DA:7105,0
DA:7106,0
DA:7110,0
DA:7111,0
DA:7113,0
DA:7126,0
DA:7128,0
DA:7129,0
DA:7132,0
DA:7136,0
DA:7137,0
DA:7138,0
DA:7140,0
DA:7141,0
DA:7142,0
DA:7146,0
DA:7147,0
DA:7148,0
DA:7150,0
DA:7152,0
DA:7155,0
DA:7157,0
DA:7159,0
DA:7160,0
DA:7161,0
DA:7162,0
DA:7163,0
DA:7166,0
DA:7170,0
DA:7172,0
DA:7173,0
DA:7177,0
DA:7183,0
DA:7191,0
DA:7194,0
DA:7198,0
DA:7199,0
DA:7200,0
DA:7205,0
DA:7206,0
DA:7207,0
DA:7209,0
DA:7213,0
DA:7214,0
DA:7216,0
DA:7217,0
DA:7218,0
DA:7219,0
DA:7226,0
DA:7227,0
DA:7229,0
DA:7234,0
DA:7235,0
DA:7243,0
DA:7244,0
DA:7247,0
DA:7248,0
DA:7249,0
DA:7252,0
DA:7258,0
DA:7259,0
DA:7263,0
DA:7265,0
DA:7266,0
DA:7267,0
DA:7270,0
DA:7271,0
DA:7275,0
DA:7278,0
DA:7282,0
DA:7288,0
DA:7289,0
DA:7290,0
DA:7293,0
DA:7296,0
DA:7297,0
DA:7300,0
DA:7302,0
DA:7307,0
DA:7308,0
DA:7309,0
DA:7310,0
DA:7313,0
DA:7314,0
DA:7315,0
DA:7316,0
DA:7318,0
DA:7319,0
DA:7322,0
DA:7323,0
DA:7324,0
DA:7325,0
DA:7326,0
DA:7328,0
DA:7329,0
DA:7330,0
DA:7333,0
DA:7334,0
DA:7335,0
DA:7340,0
DA:7341,0
DA:7344,0
DA:7345,0
DA:7346,0
DA:7353,0
DA:7354,0
DA:7359,0
DA:7360,0
DA:7362,0
DA:7364,0
DA:7365,0
DA:7366,0
DA:7367,0
DA:7368,0
DA:7371,0
DA:7374,0
DA:7376,0
DA:7377,0
DA:7381,0
DA:7382,0
DA:7383,0
DA:7384,0
DA:7389,0
DA:7390,0
DA:7391,0
DA:7396,0
DA:7401,0
DA:7402,0
DA:7403,0
DA:7404,0
DA:7411,0
DA:7419,0
DA:7420,0
DA:7424,0
DA:7425,0
DA:7427,0
DA:7428,0
DA:7430,0
DA:7432,0
DA:7433,0
DA:7436,0
DA:7437,0
DA:7441,0
DA:7442,0
DA:7444,0
DA:7447,0
DA:7448,0
DA:7449,0
DA:7452,0
DA:7453,0
DA:7454,0
DA:7455,0
DA:7458,0
DA:7459,0
DA:7462,0
DA:7463,0
DA:7466,0
DA:7477,0
DA:7478,0
DA:7479,0
DA:7481,0
DA:7482,0
DA:7483,0
DA:7484,0
DA:7490,0
DA:7491,0
DA:7492,0
DA:7493,0
DA:7495,0
DA:7499,0
DA:7503,0
DA:7507,0
DA:7508,0
DA:7509,0
DA:7510,0
DA:7515,0
DA:7517,0
DA:7519,0
DA:7523,0
DA:7524,0
DA:7529,0
DA:7532,0
DA:7535,0
DA:7536,0
DA:7540,0
DA:7541,0
DA:7546,0
DA:7547,0
DA:7551,0
DA:7552,0
DA:7553,0
DA:7554,0
DA:7557,0
DA:7559,0
DA:7562,0
DA:7563,0
DA:7566,0
DA:7567,0
DA:7570,0
DA:7573,0
DA:7579,0
DA:7581,0
DA:7582,0
DA:7583,0
DA:7584,0
DA:7586,0
DA:7594,0
DA:7598,0
DA:7600,0
DA:7601,0
DA:7602,0
DA:7609,0
DA:7611,0
DA:7614,0
DA:7616,0
DA:7618,0
DA:7622,0
DA:7623,0
DA:7625,0
DA:7627,0
DA:7629,0
DA:7632,0
DA:7633,0
DA:7634,0
DA:7637,0
DA:7639,0
DA:7646,0
DA:7647,0
DA:7649,0
DA:7651,0
DA:7655,0
DA:7656,0
DA:7661,0
DA:7664,0
DA:7667,0
DA:7668,0
DA:7671,0
DA:7674,0
DA:7675,0
DA:7678,0
DA:7679,0
DA:7681,0
DA:7684,0
DA:7687,0
DA:7688,0
DA:7691,0
DA:7703,0
DA:7705,0
DA:7706,0
DA:7709,0
DA:7714,0
DA:7717,0
DA:7736,0
DA:7737,0
DA:7742,0
DA:7743,0
DA:7744,0
DA:7746,0
DA:7752,0
DA:7753,0
DA:7754,0
DA:7756,0
DA:7757,0
DA:7764,0
DA:7776,0
DA:7785,0
DA:7786,0
DA:7791,0
DA:7795,0
DA:7796,0
DA:7798,0
DA:7799,0
DA:7801,0
DA:7804,0
DA:7807,0
DA:7809,0
DA:7810,0
DA:7811,0
DA:7815,0
DA:7817,0
DA:7818,0
DA:7819,0
DA:7820,0
DA:7822,0
DA:7823,0
DA:7824,0
DA:7825,0
DA:7826,0
DA:7831,0
DA:7832,0
DA:7833,0
DA:7839,0
DA:7844,0
DA:7846,0
DA:7847,0
DA:7848,0
DA:7852,0
DA:7853,0
DA:7856,0
DA:7858,0
DA:7859,0
DA:7860,0
DA:7863,0
DA:7865,0
DA:7866,0
DA:7867,0
DA:7870,0
DA:7871,0
DA:7876,0
DA:7877,0
DA:7878,0
DA:7884,0
DA:7888,0
DA:7889,0
DA:7891,0
DA:7892,0
DA:7895,0
DA:7896,0
DA:7897,0
DA:7904,0
DA:7907,0
DA:7910,0
DA:7911,0
DA:7912,0
DA:7914,0
DA:7917,0
DA:7918,0
DA:7920,0
DA:7925,0
DA:7926,0
DA:7927,0
DA:7930,0
DA:7937,0
DA:7938,0
DA:7950,0
DA:7952,0
DA:7953,0
DA:7954,0
DA:7956,0
DA:7960,0
DA:7967,0
DA:7969,0
DA:7972,0
DA:7974,0
DA:7975,0
DA:7976,0
DA:7979,0
DA:7983,0
DA:7986,0
DA:7989,0
DA:7990,0
DA:7994,0
DA:7997,0
DA:8000,0
DA:8002,0
DA:8005,0
DA:8006,0
DA:8009,0
DA:8010,0
DA:8012,0
DA:8016,0
DA:8017,0
DA:8019,0
DA:8020,0
DA:8022,0
DA:8023,0
DA:8024,0
DA:8028,0
DA:8031,0
DA:8032,0
DA:8038,0
DA:8043,0
DA:8044,0
DA:8057,0
DA:8058,0
DA:8059,0
DA:8060,0
DA:8061,0
DA:8063,0
DA:8064,0
DA:8067,0
DA:8071,0
DA:8072,0
DA:8076,0
DA:8084,0
DA:8087,0
DA:8088,0
DA:8092,0
DA:8096,0
DA:8101,0
DA:8102,0
DA:8103,0
DA:8105,0
DA:8106,0
DA:8110,0
DA:8113,0
DA:8120,0
DA:8121,0
DA:8123,0
DA:8130,0
DA:8131,0
DA:8133,0
DA:8134,0
DA:8138,0
DA:8139,0
DA:8140,0
DA:8151,0
DA:8154,0
DA:8155,0
DA:8156,0
DA:8159,0
DA:8164,0
DA:8165,0
DA:8166,0
DA:8168,0
DA:8171,0
DA:8172,0
DA:8176,0
DA:8177,0
DA:8180,0
DA:8183,0
DA:8184,0
DA:8185,0
DA:8187,0
DA:8190,0
DA:8195,0
DA:8196,0
DA:8197,0
DA:8202,0
DA:8203,0
DA:8204,0
DA:8208,0
DA:8213,0
DA:8214,0
DA:8215,0
DA:8220,0
DA:8222,0
DA:8223,0
DA:8224,0
DA:8226,0
DA:8227,0
DA:8228,0
DA:8232,0
DA:8233,0
DA:8238,0
DA:8239,0
DA:8240,0
DA:8241,0
DA:8246,0
DA:8248,0
DA:8249,0
DA:8253,0
DA:8254,0
DA:8255,0
DA:8256,0
DA:8257,0
DA:8261,0
DA:8264,0
DA:8266,0
DA:8272,0
DA:8275,0
DA:8277,0
DA:8278,0
DA:8282,0
DA:8284,0
DA:8285,0
DA:8288,0
DA:8290,0
DA:8291,0
DA:8294,0
DA:8296,0
DA:8297,0
DA:8303,0
DA:8309,0
DA:8318,0
DA:8323,0
DA:8326,0
DA:8327,0
DA:8331,0
DA:8332,0
DA:8333,0
DA:8347,0
DA:8348,0
DA:8351,0
DA:8352,0
DA:8355,0
DA:8357,0
DA:8358,0
DA:8360,0
DA:8361,0
DA:8363,0
DA:8366,0
DA:8367,0
DA:8369,0
DA:8370,0
DA:8371,0
DA:8374,0
DA:8380,0
DA:8382,0
DA:8384,0
DA:8389,0
DA:8391,0
DA:8392,0
DA:8397,0
DA:8398,0
DA:8400,0
DA:8403,0
DA:8404,0
DA:8406,0
DA:8411,0
DA:8412,0
DA:8413,0
DA:8414,0
DA:8419,0
DA:8422,0
DA:8423,0
DA:8426,0
DA:8431,0
DA:8440,0
DA:8443,0
DA:8444,0
DA:8450,0
DA:8456,0
DA:8458,0
DA:8459,0
DA:8462,0
DA:8466,0
DA:8471,0
DA:8474,0
DA:8475,0
DA:8482,0
DA:8483,0
DA:8488,0
DA:8491,0
DA:8493,0
DA:8496,0
DA:8499,0
DA:8500,0
DA:8503,0
DA:8506,0
DA:8511,0
DA:8513,0
DA:8514,0
DA:8517,0
DA:8518,0
DA:8519,0
DA:8523,0
DA:8530,0
DA:8531,0
DA:8532,0
DA:8533,0
DA:8536,0
DA:8537,0
DA:8538,0
DA:8549,0
DA:8556,0
DA:8559,0
DA:8562,0
DA:8563,0
DA:8569,0
DA:8571,0
DA:8572,0
DA:8573,0
DA:8577,0
DA:8578,0
DA:8580,0
DA:8583,0
DA:8586,0
DA:8587,0
DA:8588,0
DA:8592,0
DA:8602,0
DA:8603,0
DA:8607,0
DA:8608,0
DA:8609,0
DA:8610,0
DA:8613,0
DA:8614,0
DA:8615,0
DA:8616,0
DA:8617,0
DA:8620,0
DA:8623,0
DA:8631,0
DA:8633,0
DA:8634,0
DA:8635,0
DA:8638,0
DA:8639,0
DA:8642,0
DA:8652,0
DA:8653,0
DA:8656,0
DA:8657,0
DA:8658,0
DA:8659,0
DA:8664,0
DA:8665,0
DA:8666,0
DA:8667,0
DA:8668,0
DA:8674,0
DA:8675,0
DA:8679,0
DA:8680,0
DA:8681,0
DA:8682,0
DA:8684,0
DA:8685,0
DA:8690,0
DA:8696,0
DA:8697,0
DA:8698,0
DA:8700,0
DA:8709,0
DA:8712,0
DA:8715,0
DA:8716,0
DA:8717,0
DA:8721,0
DA:8724,0
DA:8726,0
DA:8727,0
DA:8731,0
DA:8732,0
DA:8735,0
DA:8736,0
DA:8738,0
DA:8741,0
DA:8743,0
DA:8746,0
DA:8749,0
DA:8752,0
DA:8753,0
DA:8756,0
DA:8757,0
DA:8760,0
DA:8762,0
DA:8765,0
DA:8766,0
DA:8769,0
DA:8770,0
DA:8771,0
DA:8773,0
DA:8780,0
DA:8783,0
DA:8784,0
DA:8786,0
DA:8787,0
DA:8789,0
DA:8800,0
DA:8803,0
DA:8884,0
DA:8900,0
DA:8901,0
DA:8902,0
DA:8906,0
DA:8936,0
DA:8939,0
DA:8942,0
DA:8948,0
DA:8949,0
DA:8952,0
DA:8955,0
DA:8956,0
DA:8959,0
DA:8962,0
DA:8968,0
DA:8969,0
DA:8970,0
DA:8971,0
DA:8972,0
DA:8975,0
DA:8977,0
DA:8982,0
DA:8987,0
DA:8988,0
DA:8990,0
DA:8992,0
DA:8997,0
DA:8998,0
DA:9000,0
DA:9006,0
DA:9007,0
DA:9010,0
DA:9014,0
DA:9015,0
DA:9019,0
DA:9024,0
DA:9025,0
DA:9026,0
DA:9028,0
DA:9029,0
DA:9034,0
DA:9039,0
DA:9043,0
DA:9046,0
DA:9049,0
DA:9050,0
DA:9055,0
DA:9056,0
DA:9060,0
DA:9061,0
DA:9067,0
DA:9072,0
DA:9073,0
DA:9077,0
DA:9080,0
DA:9081,0
DA:9086,0
DA:9089,0
DA:9090,0
DA:9094,0
DA:9097,0
DA:9102,0
DA:9105,0
DA:9108,0
DA:9111,0
DA:9112,0
DA:9115,0
DA:9119,0
DA:9120,0
DA:9121,0
DA:9125,0
DA:9128,0
DA:9130,0
DA:9134,0
DA:9135,0
DA:9136,0
DA:9138,0
DA:9139,0
DA:9144,0
DA:9145,0
DA:9149,0
DA:9158,0
DA:9159,0
DA:9163,0
DA:9167,0
DA:9171,0
DA:9174,0
DA:9175,0
DA:9176,0
DA:9179,0
DA:9182,0
DA:9183,0
DA:9185,0
DA:9188,0
DA:9189,0
DA:9193,0
DA:9194,0
DA:9198,0
DA:9199,0
DA:9200,0
DA:9204,0
DA:9205,0
DA:9206,0
DA:9210,0
DA:9211,0
DA:9215,0
DA:9222,0
DA:9225,0
DA:9226,0
DA:9229,0
DA:9232,0
DA:9233,0
DA:9238,0
DA:9241,0
DA:9244,0
DA:9247,0
DA:9250,0
DA:9251,0
DA:9255,0
DA:9258,0
DA:9261,0
DA:9262,0
DA:9263,0
DA:9264,0
DA:9266,0
DA:9267,0
DA:9268,0
DA:9273,0
DA:9274,0
DA:9277,0
DA:9278,0
DA:9282,0
DA:9283,0
DA:9284,0
DA:9285,0
DA:9290,0
DA:9291,0
DA:9292,0
DA:9293,0
DA:9294,0
DA:9300,0
DA:9301,0
DA:9304,0
DA:9305,0
DA:9307,0
DA:9311,0
DA:9312,0
DA:9314,0
DA:9315,0
DA:9320,0
DA:9322,0
DA:9323,0
DA:9326,0
DA:9327,0
DA:9332,0
DA:9336,0
DA:9340,0
DA:9344,0
DA:9345,0
DA:9348,0
DA:9349,0
DA:9350,0
DA:9351,0
DA:9355,0
DA:9366,0
DA:9367,0
DA:9381,0
DA:9385,0
DA:9386,0
DA:9387,0
DA:9391,0
DA:9393,0
DA:9394,0
DA:9397,0
DA:9398,0
DA:9400,0
DA:9401,0
DA:9404,0
DA:9408,0
DA:9412,0
DA:9413,0
DA:9414,0
DA:9418,0
DA:9419,0
DA:9420,0
DA:9422,0
DA:9423,0
DA:9426,0
DA:9432,0
DA:9434,0
DA:9435,0
DA:9440,0
DA:9441,0
DA:9443,0
DA:9448,0
DA:9449,0
DA:9451,0
DA:9452,0
DA:9458,0
DA:9459,0
DA:9460,0
DA:9464,0
DA:9473,0
DA:9475,0
DA:9476,0
DA:9478,0
DA:9482,0
DA:9483,0
DA:9486,0
DA:9488,0
DA:9497,0
DA:9498,0
DA:9499,0
DA:9504,0
DA:9505,0
DA:9513,0
DA:9514,0
DA:9518,0
DA:9519,0
DA:9523,0
DA:9524,0
DA:9525,0
DA:9526,0
DA:9530,0
DA:9531,0
DA:9532,0
DA:9537,0
DA:9538,0
DA:9540,0
DA:9548,0
DA:9567,0
DA:9568,0
DA:9573,0
DA:9574,0
DA:9576,0
DA:9579,0
DA:9585,0
DA:9586,0
DA:9587,0
DA:9595,0
DA:9597,0
DA:9600,0
DA:9604,0
DA:9605,0
DA:9611,0
DA:9612,0
DA:9623,0
DA:9624,0
DA:9625,0
DA:9630,0
DA:9640,0
DA:9641,0
DA:9647,0
DA:9648,0
DA:9649,0
DA:9651,0
DA:9652,0
DA:9657,0
DA:9660,0
DA:9662,0
DA:9664,0
DA:9670,0
DA:9671,0
DA:9672,0
DA:9673,0
DA:9679,0
DA:9682,0
DA:9683,0
DA:9693,0
DA:9694,0
DA:9697,0
DA:9700,0
DA:9701,0
DA:9702,0
DA:9707,0
DA:9710,0
DA:9719,0
DA:9722,0
DA:9727,0
DA:9728,0
DA:9729,0
DA:9730,0
DA:9734,0
DA:9735,0
DA:9736,0
DA:9738,0
DA:9742,0
DA:9745,0
DA:9746,0
DA:9747,0
DA:9751,0
DA:9754,0
DA:9755,0
DA:9759,0
DA:9763,0
DA:9766,0
DA:9769,0
DA:9773,0
DA:9774,0
DA:9777,0
DA:9781,0
DA:9793,0
DA:9794,0
DA:9795,0
DA:9796,0
DA:9804,0
DA:9805,0
DA:9806,0
DA:9808,0
DA:9809,0
DA:9810,0
DA:9815,0
DA:9819,0
DA:9820,0
DA:9825,0
DA:9826,0
DA:9827,0
DA:9829,0
DA:9833,0
DA:9834,0
DA:9837,0
DA:9838,0
DA:9841,0
DA:9843,0
DA:9844,0
DA:9847,0
DA:9854,0
DA:9856,0
DA:9857,0
DA:9859,0
DA:9860,0
DA:9861,0
DA:9865,0
DA:9868,0
DA:9869,0
DA:9872,0
DA:9873,0
DA:9877,0
DA:9878,0
DA:9890,0
DA:9892,0
DA:9905,0
DA:9906,0
DA:9911,0
DA:9918,0
DA:9926,0
DA:9927,0
DA:9934,0
DA:9935,0
DA:9936,0
DA:9943,0
DA:9946,0
DA:9947,0
DA:9948,0
DA:9951,0
DA:9952,0
DA:9955,0
DA:9956,0
DA:9957,0
DA:9958,0
DA:9963,0
DA:9964,0
DA:9965,0
DA:9966,0
DA:9969,0
DA:9970,0
DA:9973,0
DA:9976,0
DA:9979,0
DA:9980,0
DA:9982,0
DA:9983,0
DA:9986,0
DA:9987,0
DA:9990,0
DA:9995,0
DA:10001,0
DA:10002,0
DA:10005,0
DA:10010,0
DA:10012,0
DA:10013,0
DA:10020,0
DA:10021,0
DA:10025,0
DA:10026,0
DA:10027,0
DA:10036,0
DA:10037,0
DA:10041,0
DA:10042,0
DA:10045,0
DA:10048,0
DA:10051,0
DA:10055,0
DA:10056,0
DA:10057,0
DA:10061,0
DA:10063,0
DA:10066,0
DA:10067,0
DA:10068,0
DA:10073,0
DA:10090,0
DA:10091,0
DA:10093,0
DA:10094,0
DA:10097,0
DA:10103,0
DA:10104,0
DA:10106,0
DA:10107,0
DA:10111,0
DA:10112,0
DA:10113,0
DA:10114,0
DA:10117,0
DA:10118,0
DA:10121,0
DA:10122,0
DA:10128,0
DA:10140,0
DA:10141,0
DA:10143,0
DA:10144,0
DA:10147,0
DA:10157,0
DA:10158,0
DA:10162,0
DA:10163,0
DA:10164,0
DA:10166,0
DA:10169,0
DA:10172,0
DA:10178,0
DA:10179,0
DA:10183,0
DA:10190,0
DA:10203,0
DA:10209,0
DA:10210,0
DA:10216,0
DA:10218,0
DA:10225,0
DA:10228,0
DA:10231,0
DA:10235,0
DA:10240,0
DA:10250,0
DA:10253,0
DA:10254,0
DA:10255,0
DA:10256,0
DA:10261,0
DA:10262,0
DA:10266,0
DA:10267,0
DA:10268,0
DA:10272,0
DA:10274,0
DA:10277,0
DA:10278,0
DA:10279,0
DA:10281,0
DA:10284,0
DA:10285,0
DA:10286,0
DA:10287,0
DA:10288,0
DA:10289,0
DA:10290,0
DA:10292,0
DA:10294,0
DA:10299,0
DA:10300,0
DA:10324,0
DA:10325,0
DA:10326,0
DA:10336,0
DA:10339,0
DA:10341,0
DA:10342,0
DA:10343,0
DA:10346,0
DA:10347,0
DA:10350,0
DA:10356,0
DA:10357,0
DA:10363,0
LF:3641
LH:0
BRDA:18,0,0,0
BRDA:18,0,1,0
BRDA:18,1,0,0
BRDA:18,1,1,0
BRDA:27,2,0,0
BRDA:27,2,1,0
BRDA:30,3,0,0
BRDA:30,3,1,0
BRDA:40,4,0,0
BRDA:40,4,1,0
BRDA:80,5,0,0
BRDA:80,5,1,0
BRDA:85,6,0,0
BRDA:85,6,1,0
BRDA:98,7,0,0
BRDA:98,7,1,0
BRDA:104,8,0,0
BRDA:104,8,1,0
BRDA:106,9,0,0
BRDA:106,9,1,0
BRDA:116,10,0,0
BRDA:116,10,1,0
BRDA:121,11,0,0
BRDA:121,11,1,0
BRDA:121,12,0,0
BRDA:121,12,1,0
BRDA:122,13,0,0
BRDA:122,13,1,0
BRDA:165,14,0,0
BRDA:165,14,1,0
BRDA:170,15,0,0
BRDA:170,15,1,0
BRDA:212,16,0,0
BRDA:212,16,1,0
BRDA:213,17,0,0
BRDA:213,17,1,0
BRDA:213,18,0,0
BRDA:213,18,1,0
BRDA:217,19,0,0
BRDA:217,19,1,0
BRDA:229,20,0,0
BRDA:229,20,1,0
BRDA:235,21,0,0
BRDA:235,21,1,0
BRDA:239,22,0,0
BRDA:239,22,1,0
BRDA:244,23,0,0
BRDA:244,23,1,0
BRDA:244,24,0,0
BRDA:244,24,1,0
BRDA:249,25,0,0
BRDA:249,25,1,0
BRDA:257,26,0,0
BRDA:257,26,1,0
BRDA:265,27,0,0
BRDA:265,27,1,0
BRDA:270,28,0,0
BRDA:270,28,1,0
BRDA:270,29,0,0
BRDA:270,29,1,0
BRDA:270,29,2,0
BRDA:270,29,3,0
BRDA:273,30,0,0
BRDA:273,30,1,0
BRDA:275,31,0,0
BRDA:275,31,1,0
BRDA:275,32,0,0
BRDA:275,32,1,0
BRDA:278,33,0,0
BRDA:278,33,1,0
BRDA:278,34,0,0
BRDA:278,34,1,0
BRDA:285,35,0,0
BRDA:285,35,1,0
BRDA:315,36,0,0
BRDA:315,36,1,0
BRDA:315,37,0,0
BRDA:315,37,1,0
BRDA:322,38,0,0
BRDA:322,38,1,0
BRDA:327,39,0,0
BRDA:327,39,1,0
BRDA:328,40,0,0
BRDA:328,40,1,0
BRDA:351,41,0,0
BRDA:351,41,1,0
BRDA:354,42,0,0
BRDA:354,42,1,0
BRDA:360,43,0,0
BRDA:360,43,1,0
BRDA:371,44,0,0
BRDA:371,44,1,0
BRDA:378,45,0,0
BRDA:378,45,1,0
BRDA:380,46,0,0
BRDA:380,46,1,0
BRDA:381,47,0,0
BRDA:381,47,1,0
BRDA:383,48,0,0
BRDA:383,48,1,0
BRDA:395,49,0,0
BRDA:395,49,1,0
BRDA:425,50,0,0
BRDA:425,50,1,0
BRDA:440,51,0,0
BRDA:440,51,1,0
BRDA:445,52,0,0
BRDA:445,52,1,0
BRDA:455,53,0,0
BRDA:455,53,1,0
BRDA:473,54,0,0
BRDA:473,54,1,0
BRDA:489,55,0,0
BRDA:489,55,1,0
BRDA:489,55,2,0
BRDA:492,56,0,0
BRDA:492,56,1,0
BRDA:492,57,0,0
BRDA:492,57,1,0
BRDA:496,58,0,0
BRDA:496,58,1,0
BRDA:496,58,2,0
BRDA:496,58,3,0
BRDA:496,58,4,0
BRDA:543,59,0,0
BRDA:543,59,1,0
BRDA:562,60,0,0
BRDA:562,60,1,0
BRDA:643,61,0,0
BRDA:643,61,1,0
BRDA:643,62,0,0
BRDA:643,62,1,0
BRDA:645,63,0,0
BRDA:645,63,1,0
BRDA:656,64,0,0
BRDA:656,64,1,0
BRDA:659,65,0,0
BRDA:659,65,1,0
BRDA:681,66,0,0
BRDA:681,66,1,0
BRDA:681,66,2,0
BRDA:696,67,0,0
BRDA:696,67,1,0
BRDA:717,68,0,0
BRDA:717,68,1,0
BRDA:720,69,0,0
BRDA:720,69,1,0
BRDA:722,70,0,0
BRDA:722,70,1,0
BRDA:725,71,0,0
BRDA:725,71,1,0
BRDA:725,72,0,0
BRDA:725,72,1,0
BRDA:725,72,2,0
BRDA:725,72,3,0
BRDA:725,72,4,0
BRDA:732,73,0,0
BRDA:732,73,1,0
BRDA:734,74,0,0
BRDA:734,74,1,0
BRDA:734,75,0,0
BRDA:734,75,1,0
BRDA:734,76,0,0
BRDA:734,76,1,0
BRDA:737,77,0,0
BRDA:737,77,1,0
BRDA:739,78,0,0
BRDA:739,78,1,0
BRDA:743,79,0,0
BRDA:743,79,1,0
BRDA:743,80,0,0
BRDA:743,80,1,0
BRDA:746,81,0,0
BRDA:746,81,1,0
BRDA:749,82,0,0
BRDA:749,82,1,0
BRDA:750,83,0,0
BRDA:750,83,1,0
BRDA:755,84,0,0
BRDA:755,84,1,0
BRDA:769,85,0,0
BRDA:769,85,1,0
BRDA:769,86,0,0
BRDA:769,86,1,0
BRDA:769,86,2,0
BRDA:769,86,3,0
BRDA:779,87,0,0
BRDA:779,87,1,0
BRDA:784,88,0,0
BRDA:784,88,1,0
BRDA:784,89,0,0
BRDA:784,89,1,0
BRDA:784,89,2,0
BRDA:793,90,0,0
BRDA:793,90,1,0
BRDA:793,91,0,0
BRDA:793,91,1,0
BRDA:793,91,2,0
BRDA:793,91,3,0
BRDA:797,92,0,0
BRDA:797,92,1,0
BRDA:805,93,0,0
BRDA:805,93,1,0
BRDA:808,94,0,0
BRDA:808,94,1,0
BRDA:823,95,0,0
BRDA:823,95,1,0
BRDA:823,95,2,0
BRDA:827,96,0,0
BRDA:827,96,1,0
BRDA:835,97,0,0
BRDA:835,97,1,0
BRDA:859,98,0,0
BRDA:859,98,1,0
BRDA:890,99,0,0
BRDA:890,99,1,0
BRDA:919,100,0,0
BRDA:919,100,1,0
BRDA:920,101,0,0
BRDA:920,101,1,0
BRDA:920,101,2,0
BRDA:920,101,3,0
BRDA:924,102,0,0
BRDA:924,102,1,0
BRDA:929,103,0,0
BRDA:929,103,1,0
BRDA:931,104,0,0
BRDA:931,104,1,0
BRDA:937,105,0,0
BRDA:937,105,1,0
BRDA:947,106,0,0
BRDA:947,106,1,0
BRDA:958,107,0,0
BRDA:958,107,1,0
BRDA:958,107,2,0
BRDA:974,108,0,0
BRDA:974,108,1,0
BRDA:983,109,0,0
BRDA:983,109,1,0
BRDA:983,110,0,0
BRDA:983,110,1,0
BRDA:986,111,0,0
BRDA:986,111,1,0
BRDA:987,112,0,0
BRDA:987,112,1,0
BRDA:996,113,0,0
BRDA:996,113,1,0
BRDA:996,113,2,0
BRDA:1009,114,0,0
BRDA:1009,114,1,0
BRDA:1032,115,0,0
BRDA:1032,115,1,0
BRDA:1046,116,0,0
BRDA:1046,116,1,0
BRDA:1046,116,2,0
BRDA:1060,117,0,0
BRDA:1060,117,1,0
BRDA:1060,118,0,0
BRDA:1060,118,1,0
BRDA:1061,119,0,0
BRDA:1061,119,1,0
BRDA:1071,120,0,0
BRDA:1071,120,1,0
BRDA:1071,121,0,0
BRDA:1071,121,1,0
BRDA:1074,122,0,0
BRDA:1074,122,1,0
BRDA:1074,123,0,0
BRDA:1074,123,1,0
BRDA:1074,123,2,0
BRDA:1085,124,0,0
BRDA:1085,124,1,0
BRDA:1085,125,0,0
BRDA:1085,125,1,0
BRDA:1085,125,2,0
BRDA:1089,126,0,0
BRDA:1089,126,1,0
BRDA:1093,127,0,0
BRDA:1093,127,1,0
BRDA:1127,128,0,0
BRDA:1127,128,1,0
BRDA:1131,129,0,0
BRDA:1131,129,1,0
BRDA:1139,130,0,0
BRDA:1139,130,1,0
BRDA:1139,131,0,0
BRDA:1139,131,1,0
BRDA:1141,132,0,0
BRDA:1141,132,1,0
BRDA:1148,133,0,0
BRDA:1148,133,1,0
BRDA:1150,134,0,0
BRDA:1150,134,1,0
BRDA:1157,135,0,0
BRDA:1157,135,1,0
BRDA:1157,136,0,0
BRDA:1157,136,1,0
BRDA:1161,137,0,0
BRDA:1161,137,1,0
BRDA:1165,138,0,0
BRDA:1165,138,1,0
BRDA:1165,139,0,0
BRDA:1165,139,1,0
BRDA:1174,140,0,0
BRDA:1174,140,1,0
BRDA:1174,141,0,0
BRDA:1174,141,1,0
BRDA:1186,142,0,0
BRDA:1186,142,1,0
BRDA:1188,143,0,0
BRDA:1188,143,1,0
BRDA:1192,144,0,0
BRDA:1192,144,1,0
BRDA:1205,145,0,0
BRDA:1205,145,1,0
BRDA:1207,146,0,0
BRDA:1207,146,1,0
BRDA:1218,147,0,0
BRDA:1218,147,1,0
BRDA:1219,148,0,0
BRDA:1219,148,1,0
BRDA:1219,149,0,0
BRDA:1219,149,1,0
BRDA:1239,150,0,0
BRDA:1239,150,1,0
BRDA:1256,151,0,0
BRDA:1256,151,1,0
BRDA:1262,152,0,0
BRDA:1262,152,1,0
BRDA:1267,153,0,0
BRDA:1267,153,1,0
BRDA:1274,154,0,0
BRDA:1274,154,1,0
BRDA:1281,155,0,0
BRDA:1281,155,1,0
BRDA:1298,156,0,0
BRDA:1298,156,1,0
BRDA:1304,157,0,0
BRDA:1304,157,1,0
BRDA:1311,158,0,0
BRDA:1311,158,1,0
BRDA:1321,159,0,0
BRDA:1321,159,1,0
BRDA:1321,160,0,0
BRDA:1321,160,1,0
BRDA:1321,160,2,0
BRDA:1321,160,3,0
BRDA:1321,160,4,0
BRDA:1339,161,0,0
BRDA:1339,161,1,0
BRDA:1340,162,0,0
BRDA:1340,162,1,0
BRDA:1349,163,0,0
BRDA:1349,163,1,0
BRDA:1349,164,0,0
BRDA:1349,164,1,0
BRDA:1351,165,0,0
BRDA:1351,165,1,0
BRDA:1352,166,0,0
BRDA:1352,166,1,0
BRDA:1353,167,0,0
BRDA:1353,167,1,0
BRDA:1353,168,0,0
BRDA:1353,168,1,0
BRDA:1353,168,2,0
BRDA:1354,169,0,0
BRDA:1354,169,1,0
BRDA:1356,170,0,0
BRDA:1356,170,1,0
BRDA:1360,171,0,0
BRDA:1360,171,1,0
BRDA:1362,172,0,0
BRDA:1362,172,1,0
BRDA:1374,173,0,0
BRDA:1374,173,1,0
BRDA:1378,174,0,0
BRDA:1378,174,1,0
BRDA:1385,175,0,0
BRDA:1385,175,1,0
BRDA:1390,176,0,0
BRDA:1390,176,1,0
BRDA:1390,177,0,0
BRDA:1390,177,1,0
BRDA:1390,178,0,0
BRDA:1390,178,1,0
BRDA:1397,179,0,0
BRDA:1397,179,1,0
BRDA:1397,180,0,0
BRDA:1397,180,1,0
BRDA:1397,180,2,0
BRDA:1401,181,0,0
BRDA:1401,181,1,0
BRDA:1401,182,0,0
BRDA:1401,182,1,0
BRDA:1401,182,2,0
BRDA:1404,183,0,0
BRDA:1404,183,1,0
BRDA:1404,184,0,0
BRDA:1404,184,1,0
BRDA:1404,184,2,0
BRDA:1409,185,0,0
BRDA:1409,185,1,0
BRDA:1414,186,0,0
BRDA:1414,186,1,0
BRDA:1418,187,0,0
BRDA:1418,187,1,0
BRDA:1431,188,0,0
BRDA:1431,188,1,0
BRDA:1431,189,0,0
BRDA:1431,189,1,0
BRDA:1432,190,0,0
BRDA:1432,190,1,0
BRDA:1433,191,0,0
BRDA:1433,191,1,0
BRDA:1434,192,0,0
BRDA:1434,192,1,0
BRDA:1435,193,0,0
BRDA:1435,193,1,0
BRDA:1436,194,0,0
BRDA:1436,194,1,0
BRDA:1441,195,0,0
BRDA:1441,195,1,0
BRDA:1460,196,0,0
BRDA:1460,196,1,0
BRDA:1465,197,0,0
BRDA:1465,197,1,0
BRDA:1466,198,0,0
BRDA:1466,198,1,0
BRDA:1479,199,0,0
BRDA:1479,199,1,0
BRDA:1479,200,0,0
BRDA:1479,200,1,0
BRDA:1486,201,0,0
BRDA:1486,201,1,0
BRDA:1486,202,0,0
BRDA:1486,202,1,0
BRDA:1486,202,2,0
BRDA:1486,202,3,0
BRDA:1486,202,4,0
BRDA:1486,202,5,0
BRDA:1486,202,6,0
BRDA:1495,203,0,0
BRDA:1495,203,1,0
BRDA:1495,204,0,0
BRDA:1495,204,1,0
BRDA:1495,204,2,0
BRDA:1495,204,3,0
BRDA:1509,205,0,0
BRDA:1509,205,1,0
BRDA:1509,206,0,0
BRDA:1509,206,1,0
BRDA:1517,207,0,0
BRDA:1517,207,1,0
BRDA:1517,208,0,0
BRDA:1517,208,1,0
BRDA:1523,209,0,0
BRDA:1523,209,1,0
BRDA:1523,210,0,0
BRDA:1523,210,1,0
BRDA:1527,211,0,0
BRDA:1527,211,1,0
BRDA:1529,212,0,0
BRDA:1529,212,1,0
BRDA:1529,213,0,0
BRDA:1529,213,1,0
BRDA:1531,214,0,0
BRDA:1531,214,1,0
BRDA:1531,215,0,0
BRDA:1531,215,1,0
BRDA:1556,216,0,0
BRDA:1556,216,1,0
BRDA:1559,217,0,0
BRDA:1559,217,1,0
BRDA:1561,218,0,0
BRDA:1561,218,1,0
BRDA:1587,219,0,0
BRDA:1587,219,1,0
BRDA:1593,220,0,0
BRDA:1593,220,1,0
BRDA:1593,221,0,0
BRDA:1593,221,1,0
BRDA:1593,221,2,0
BRDA:1596,222,0,0
BRDA:1596,222,1,0
BRDA:1604,223,0,0
BRDA:1604,223,1,0
BRDA:1604,224,0,0
BRDA:1604,224,1,0
BRDA:1637,225,0,0
BRDA:1637,225,1,0
BRDA:1637,225,2,0
BRDA:1637,225,3,0
BRDA:1639,226,0,0
BRDA:1639,226,1,0
BRDA:1659,227,0,0
BRDA:1659,227,1,0
BRDA:1661,228,0,0
BRDA:1661,228,1,0
BRDA:1667,229,0,0
BRDA:1667,229,1,0
BRDA:1667,230,0,0
BRDA:1667,230,1,0
BRDA:1667,231,0,0
BRDA:1667,231,1,0
BRDA:1668,232,0,0
BRDA:1668,232,1,0
BRDA:1671,233,0,0
BRDA:1671,233,1,0
BRDA:1680,234,0,0
BRDA:1680,234,1,0
BRDA:1682,235,0,0
BRDA:1682,235,1,0
BRDA:1687,236,0,0
BRDA:1687,236,1,0
BRDA:1688,237,0,0
BRDA:1688,237,1,0
BRDA:1688,237,2,0
BRDA:1691,238,0,0
BRDA:1691,238,1,0
BRDA:1691,239,0,0
BRDA:1691,239,1,0
BRDA:1691,239,2,0
BRDA:1691,239,3,0
BRDA:1711,240,0,0
BRDA:1711,240,1,0
BRDA:1714,241,0,0
BRDA:1714,241,1,0
BRDA:1721,242,0,0
BRDA:1721,242,1,0
BRDA:1721,242,2,0
BRDA:1724,243,0,0
BRDA:1724,243,1,0
BRDA:1724,243,2,0
BRDA:1724,243,3,0
BRDA:1724,243,4,0
BRDA:1732,244,0,0
BRDA:1732,244,1,0
BRDA:1735,245,0,0
BRDA:1735,245,1,0
BRDA:1741,246,0,0
BRDA:1741,246,1,0
BRDA:1742,247,0,0
BRDA:1742,247,1,0
BRDA:1743,248,0,0
BRDA:1743,248,1,0
BRDA:1743,249,0,0
BRDA:1743,249,1,0
BRDA:1744,250,0,0
BRDA:1744,250,1,0
BRDA:1744,251,0,0
BRDA:1744,251,1,0
BRDA:1745,252,0,0
BRDA:1745,252,1,0
BRDA:1745,253,0,0
BRDA:1745,253,1,0
BRDA:1746,254,0,0
BRDA:1746,254,1,0
BRDA:1747,255,0,0
BRDA:1747,255,1,0
BRDA:1747,256,0,0
BRDA:1747,256,1,0
BRDA:1757,257,0,0
BRDA:1757,257,1,0
BRDA:1757,258,0,0
BRDA:1757,258,1,0
BRDA:1766,259,0,0
BRDA:1766,259,1,0
BRDA:1768,260,0,0
BRDA:1768,260,1,0
BRDA:1769,261,0,0
BRDA:1769,261,1,0
BRDA:1772,262,0,0
BRDA:1772,262,1,0
BRDA:1775,263,0,0
BRDA:1775,263,1,0
BRDA:1779,264,0,0
BRDA:1779,264,1,0
BRDA:1779,265,0,0
BRDA:1779,265,1,0
BRDA:1787,266,0,0
BRDA:1787,266,1,0
BRDA:1787,266,2,0
BRDA:1792,267,0,0
BRDA:1792,267,1,0
BRDA:1795,268,0,0
BRDA:1795,268,1,0
BRDA:1795,269,0,0
BRDA:1795,269,1,0
BRDA:1801,270,0,0
BRDA:1801,270,1,0
BRDA:1805,271,0,0
BRDA:1805,271,1,0
BRDA:1808,272,0,0
BRDA:1808,272,1,0
BRDA:1809,273,0,0
BRDA:1809,273,1,0
BRDA:1810,274,0,0
BRDA:1810,274,1,0
BRDA:1811,275,0,0
BRDA:1811,275,1,0
BRDA:1813,276,0,0
BRDA:1813,276,1,0
BRDA:1813,276,2,0
BRDA:1813,276,3,0
BRDA:1813,276,4,0
BRDA:1819,277,0,0
BRDA:1819,277,1,0
BRDA:1819,278,0,0
BRDA:1819,278,1,0
BRDA:1819,278,2,0
BRDA:1827,279,0,0
BRDA:1827,279,1,0
BRDA:1830,280,0,0
BRDA:1830,280,1,0
BRDA:1834,281,0,0
BRDA:1834,281,1,0
BRDA:1837,282,0,0
BRDA:1837,282,1,0
BRDA:1838,283,0,0
BRDA:1838,283,1,0
BRDA:1844,284,0,0
BRDA:1844,284,1,0
BRDA:1846,285,0,0
BRDA:1846,285,1,0
BRDA:1846,285,2,0
BRDA:1846,285,3,0
BRDA:1846,285,4,0
BRDA:1849,286,0,0
BRDA:1849,286,1,0
BRDA:1849,287,0,0
BRDA:1849,287,1,0
BRDA:1849,288,0,0
BRDA:1849,288,1,0
BRDA:1855,289,0,0
BRDA:1855,289,1,0
BRDA:1856,290,0,0
BRDA:1856,290,1,0
BRDA:1860,291,0,0
BRDA:1860,291,1,0
BRDA:1866,292,0,0
BRDA:1866,292,1,0
BRDA:1876,293,0,0
BRDA:1876,293,1,0
BRDA:1876,293,2,0
BRDA:1887,294,0,0
BRDA:1887,294,1,0
BRDA:1887,294,2,0
BRDA:1893,295,0,0
BRDA:1893,295,1,0
BRDA:1898,296,0,0
BRDA:1898,296,1,0
BRDA:1900,297,0,0
BRDA:1900,297,1,0
BRDA:1929,298,0,0
BRDA:1929,298,1,0
BRDA:1937,299,0,0
BRDA:1937,299,1,0
BRDA:1960,300,0,0
BRDA:1960,300,1,0
BRDA:1960,300,2,0
BRDA:1973,301,0,0
BRDA:1973,301,1,0
BRDA:1973,302,0,0
BRDA:1973,302,1,0
BRDA:1987,303,0,0
BRDA:1987,303,1,0
BRDA:1980,304,0,0
BRDA:1980,304,1,0
BRDA:1980,305,0,0
BRDA:1980,305,1,0
BRDA:1982,306,0,0
BRDA:1982,306,1,0
BRDA:1985,307,0,0
BRDA:1985,307,1,0
BRDA:1994,308,0,0
BRDA:1994,308,1,0
BRDA:1995,309,0,0
BRDA:1995,309,1,0
BRDA:2003,310,0,0
BRDA:2003,310,1,0
BRDA:2003,310,2,0
BRDA:2003,310,3,0
BRDA:2003,311,0,0
BRDA:2003,311,1,0
BRDA:2003,311,2,0
BRDA:2014,312,0,0
BRDA:2014,312,1,0
BRDA:2014,312,2,0
BRDA:2014,312,3,0
BRDA:2020,313,0,0
BRDA:2020,313,1,0
BRDA:2034,314,0,0
BRDA:2034,314,1,0
BRDA:2056,315,0,0
BRDA:2056,315,1,0
BRDA:2056,315,2,0
BRDA:2061,316,0,0
BRDA:2061,316,1,0
BRDA:2061,316,2,0
BRDA:2061,316,3,0
BRDA:2079,317,0,0
BRDA:2079,317,1,0
BRDA:2099,318,0,0
BRDA:2099,318,1,0
BRDA:2107,319,0,0
BRDA:2107,319,1,0
BRDA:2136,320,0,0
BRDA:2136,320,1,0
BRDA:2137,321,0,0
BRDA:2137,321,1,0
BRDA:2147,322,0,0
BRDA:2147,322,1,0
BRDA:2147,323,0,0
BRDA:2147,323,1,0
BRDA:2148,324,0,0
BRDA:2148,324,1,0
BRDA:2150,325,0,0
BRDA:2150,325,1,0
BRDA:2158,326,0,0
BRDA:2158,326,1,0
BRDA:2170,327,0,0
BRDA:2170,327,1,0
BRDA:2170,328,0,0
BRDA:2170,328,1,0
BRDA:2170,328,2,0
BRDA:2182,329,0,0
BRDA:2182,329,1,0
BRDA:2190,330,0,0
BRDA:2190,330,1,0
BRDA:2192,331,0,0
BRDA:2192,331,1,0
BRDA:2211,332,0,0
BRDA:2211,332,1,0
BRDA:2212,333,0,0
BRDA:2212,333,1,0
BRDA:2215,334,0,0
BRDA:2215,334,1,0
BRDA:2219,335,0,0
BRDA:2219,335,1,0
BRDA:2219,336,0,0
BRDA:2219,336,1,0
BRDA:2232,337,0,0
BRDA:2232,337,1,0
BRDA:2234,338,0,0
BRDA:2234,338,1,0
BRDA:2234,339,0,0
BRDA:2234,339,1,0
BRDA:2235,340,0,0
BRDA:2235,340,1,0
BRDA:2242,341,0,0
BRDA:2242,341,1,0
BRDA:2242,342,0,0
BRDA:2242,342,1,0
BRDA:2243,343,0,0
BRDA:2243,343,1,0
BRDA:2247,344,0,0
BRDA:2247,344,1,0
BRDA:2249,345,0,0
BRDA:2249,345,1,0
BRDA:2249,346,0,0
BRDA:2249,346,1,0
BRDA:2250,347,0,0
BRDA:2250,347,1,0
BRDA:2251,348,0,0
BRDA:2251,348,1,0
BRDA:2251,349,0,0
BRDA:2251,349,1,0
BRDA:2251,349,2,0
BRDA:2261,350,0,0
BRDA:2261,350,1,0
BRDA:2273,351,0,0
BRDA:2273,351,1,0
BRDA:2277,352,0,0
BRDA:2277,352,1,0
BRDA:2303,353,0,0
BRDA:2303,353,1,0
BRDA:2304,354,0,0
BRDA:2304,354,1,0
BRDA:2304,355,0,0
BRDA:2304,355,1,0
BRDA:2306,356,0,0
BRDA:2306,356,1,0
BRDA:2317,357,0,0
BRDA:2317,357,1,0
BRDA:2317,358,0,0
BRDA:2317,358,1,0
BRDA:2320,359,0,0
BRDA:2320,359,1,0
BRDA:2320,360,0,0
BRDA:2320,360,1,0
BRDA:2330,361,0,0
BRDA:2330,361,1,0
BRDA:2330,362,0,0
BRDA:2330,362,1,0
BRDA:2330,363,0,0
BRDA:2330,363,1,0
BRDA:2333,364,0,0
BRDA:2333,364,1,0
BRDA:2333,365,0,0
BRDA:2333,365,1,0
BRDA:2333,365,2,0
BRDA:2337,366,0,0
BRDA:2337,366,1,0
BRDA:2339,367,0,0
BRDA:2339,367,1,0
BRDA:2339,368,0,0
BRDA:2339,368,1,0
BRDA:2339,369,0,0
BRDA:2339,369,1,0
BRDA:2339,370,0,0
BRDA:2339,370,1,0
BRDA:2349,371,0,0
BRDA:2349,371,1,0
BRDA:2354,372,0,0
BRDA:2354,372,1,0
BRDA:2361,373,0,0
BRDA:2361,373,1,0
BRDA:2367,374,0,0
BRDA:2367,374,1,0
BRDA:2368,375,0,0
BRDA:2368,375,1,0
BRDA:2368,376,0,0
BRDA:2368,376,1,0
BRDA:2369,377,0,0
BRDA:2369,377,1,0
BRDA:2374,378,0,0
BRDA:2374,378,1,0
BRDA:2385,379,0,0
BRDA:2385,379,1,0
BRDA:2385,380,0,0
BRDA:2385,380,1,0
BRDA:2386,381,0,0
BRDA:2386,381,1,0
BRDA:2396,382,0,0
BRDA:2396,382,1,0
BRDA:2400,383,0,0
BRDA:2400,383,1,0
BRDA:2413,384,0,0
BRDA:2413,384,1,0
BRDA:2414,385,0,0
BRDA:2414,385,1,0
BRDA:2424,386,0,0
BRDA:2424,386,1,0
BRDA:2424,386,2,0
BRDA:2424,386,3,0
BRDA:2425,387,0,0
BRDA:2425,387,1,0
BRDA:2434,388,0,0
BRDA:2434,388,1,0
BRDA:2440,389,0,0
BRDA:2440,389,1,0
BRDA:2444,390,0,0
BRDA:2444,390,1,0
BRDA:2449,391,0,0
BRDA:2449,391,1,0
BRDA:2450,392,0,0
BRDA:2450,392,1,0
BRDA:2452,393,0,0
BRDA:2452,393,1,0
BRDA:2455,394,0,0
BRDA:2455,394,1,0
BRDA:2456,395,0,0
BRDA:2456,395,1,0
BRDA:2457,396,0,0
BRDA:2457,396,1,0
BRDA:2474,397,0,0
BRDA:2474,397,1,0
BRDA:2478,398,0,0
BRDA:2478,398,1,0
BRDA:2478,398,2,0
BRDA:2480,399,0,0
BRDA:2480,399,1,0
BRDA:2480,400,0,0
BRDA:2480,400,1,0
BRDA:2483,401,0,0
BRDA:2483,401,1,0
BRDA:2484,402,0,0
BRDA:2484,402,1,0
BRDA:2484,402,2,0
BRDA:2490,403,0,0
BRDA:2490,403,1,0
BRDA:2491,404,0,0
BRDA:2491,404,1,0
BRDA:2491,405,0,0
BRDA:2491,405,1,0
BRDA:2493,406,0,0
BRDA:2493,406,1,0
BRDA:2493,407,0,0
BRDA:2493,407,1,0
BRDA:2498,408,0,0
BRDA:2498,408,1,0
BRDA:2498,409,0,0
BRDA:2498,409,1,0
BRDA:2503,410,0,0
BRDA:2503,410,1,0
BRDA:2509,411,0,0
BRDA:2509,411,1,0
BRDA:2511,412,0,0
BRDA:2511,412,1,0
BRDA:2511,413,0,0
BRDA:2511,413,1,0
BRDA:2516,414,0,0
BRDA:2516,414,1,0
BRDA:2533,415,0,0
BRDA:2533,415,1,0
BRDA:2533,416,0,0
BRDA:2533,416,1,0
BRDA:2539,417,0,0
BRDA:2539,417,1,0
BRDA:2541,418,0,0
BRDA:2541,418,1,0
BRDA:2543,419,0,0
BRDA:2543,419,1,0
BRDA:2543,420,0,0
BRDA:2543,420,1,0
BRDA:2557,421,0,0
BRDA:2557,421,1,0
BRDA:2557,422,0,0
BRDA:2557,422,1,0
BRDA:2557,422,2,0
BRDA:2557,422,3,0
BRDA:2565,423,0,0
BRDA:2565,423,1,0
BRDA:2573,424,0,0
BRDA:2573,424,1,0
[...]
BRDA:7162,1100,0,0
BRDA:7162,1100,1,0
BRDA:7172,1101,0,0
BRDA:7172,1101,1,0
BRDA:7205,1102,0,0
BRDA:7205,1102,1,0
BRDA:7218,1103,0,0
BRDA:7218,1103,1,0
BRDA:7226,1104,0,0
BRDA:7226,1104,1,0
BRDA:7235,1105,0,0
BRDA:7235,1105,1,0
BRDA:7235,1106,0,0
BRDA:7235,1106,1,0
BRDA:7236,1107,0,0
BRDA:7236,1107,1,0
BRDA:7236,1107,2,0
BRDA:7236,1107,3,0
BRDA:7236,1107,4,0
BRDA:7239,1108,0,0
BRDA:7239,1108,1,0
BRDA:7239,1108,2,0
BRDA:7239,1108,3,0
BRDA:7239,1108,4,0
BRDA:7243,1109,0,0
BRDA:7243,1109,1,0
BRDA:7247,1110,0,0
BRDA:7247,1110,1,0
BRDA:7248,1111,0,0
BRDA:7248,1111,1,0
BRDA:7258,1112,0,0
BRDA:7258,1112,1,0
BRDA:7258,1113,0,0
BRDA:7258,1113,1,0
BRDA:7266,1114,0,0
BRDA:7266,1114,1,0
BRDA:7270,1115,0,0
BRDA:7270,1115,1,0
BRDA:7296,1116,0,0
BRDA:7296,1116,1,0
BRDA:7296,1117,0,0
BRDA:7296,1117,1,0
BRDA:7302,1118,0,0
BRDA:7302,1118,1,0
BRDA:7302,1119,0,0
BRDA:7302,1119,1,0
BRDA:7313,1120,0,0
BRDA:7313,1120,1,0
BRDA:7318,1121,0,0
BRDA:7318,1121,1,0
BRDA:7318,1122,0,0
BRDA:7318,1122,1,0
BRDA:7319,1123,0,0
BRDA:7319,1123,1,0
BRDA:7324,1124,0,0
BRDA:7324,1124,1,0
BRDA:7328,1125,0,0
BRDA:7328,1125,1,0
BRDA:7329,1126,0,0
BRDA:7329,1126,1,0
BRDA:7329,1127,0,0
BRDA:7329,1127,1,0
BRDA:7334,1128,0,0
BRDA:7334,1128,1,0
BRDA:7334,1129,0,0
BRDA:7334,1129,1,0
BRDA:7334,1129,2,0
BRDA:7341,1130,0,0
BRDA:7341,1130,1,0
BRDA:7341,1131,0,0
BRDA:7341,1131,1,0
BRDA:7341,1131,2,0
BRDA:7353,1132,0,0
BRDA:7353,1132,1,0
BRDA:7353,1133,0,0
BRDA:7353,1133,1,0
BRDA:7359,1134,0,0
BRDA:7359,1134,1,0
BRDA:7360,1135,0,0
BRDA:7360,1135,1,0
BRDA:7368,1136,0,0
BRDA:7368,1136,1,0
BRDA:7376,1137,0,0
BRDA:7376,1137,1,0
BRDA:7376,1138,0,0
BRDA:7376,1138,1,0
BRDA:7382,1139,0,0
BRDA:7382,1139,1,0
BRDA:7382,1140,0,0
BRDA:7382,1140,1,0
BRDA:7390,1141,0,0
BRDA:7390,1141,1,0
BRDA:7390,1142,0,0
BRDA:7390,1142,1,0
BRDA:7404,1143,0,0
BRDA:7404,1143,1,0
BRDA:7404,1144,0,0
BRDA:7404,1144,1,0
BRDA:7436,1145,0,0
BRDA:7436,1145,1,0
BRDA:7436,1146,0,0
BRDA:7436,1146,1,0
BRDA:7441,1147,0,0
BRDA:7441,1147,1,0
BRDA:7454,1148,0,0
BRDA:7454,1148,1,0
BRDA:7478,1149,0,0
BRDA:7478,1149,1,0
BRDA:7478,1150,0,0
BRDA:7478,1150,1,0
BRDA:7479,1151,0,0
BRDA:7479,1151,1,0
BRDA:7535,1152,0,0
BRDA:7535,1152,1,0
BRDA:7535,1153,0,0
BRDA:7535,1153,1,0
BRDA:7535,1153,2,0
BRDA:7540,1154,0,0
BRDA:7540,1154,1,0
BRDA:7546,1155,0,0
BRDA:7546,1155,1,0
BRDA:7546,1156,0,0
BRDA:7546,1156,1,0
BRDA:7547,1157,0,0
BRDA:7547,1157,1,0
BRDA:7548,1158,0,0
BRDA:7548,1158,1,0
BRDA:7551,1159,0,0
BRDA:7551,1159,1,0
BRDA:7552,1160,0,0
BRDA:7552,1160,1,0
BRDA:7557,1161,0,0
BRDA:7557,1161,1,0
BRDA:7557,1162,0,0
BRDA:7557,1162,1,0
BRDA:7557,1162,2,0
BRDA:7566,1163,0,0
BRDA:7566,1163,1,0
BRDA:7566,1164,0,0
BRDA:7566,1164,1,0
BRDA:7566,1164,2,0
BRDA:7573,1165,0,0
BRDA:7573,1165,1,0
BRDA:7579,1166,0,0
BRDA:7579,1166,1,0
BRDA:7579,1167,0,0
BRDA:7579,1167,1,0
BRDA:7579,1167,2,0
BRDA:7583,1168,0,0
BRDA:7583,1168,1,0
BRDA:7598,1169,0,0
BRDA:7598,1169,1,0
BRDA:7600,1170,0,0
BRDA:7600,1170,1,0
BRDA:7600,1171,0,0
BRDA:7600,1171,1,0
BRDA:7611,1172,0,0
BRDA:7611,1172,1,0
BRDA:7623,1173,0,0
BRDA:7623,1173,1,0
BRDA:7629,1174,0,0
BRDA:7629,1174,1,0
BRDA:7634,1175,0,0
BRDA:7634,1175,1,0
BRDA:7656,1176,0,0
BRDA:7656,1176,1,0
BRDA:7667,1177,0,0
BRDA:7667,1177,1,0
BRDA:7667,1178,0,0
BRDA:7667,1178,1,0
BRDA:7667,1178,2,0
BRDA:7671,1179,0,0
BRDA:7671,1179,1,0
BRDA:7671,1180,0,0
BRDA:7671,1180,1,0
BRDA:7674,1181,0,0
BRDA:7674,1181,1,0
BRDA:7678,1182,0,0
BRDA:7678,1182,1,0
BRDA:7679,1183,0,0
BRDA:7679,1183,1,0
BRDA:7679,1184,0,0
BRDA:7679,1184,1,0
BRDA:7679,1184,2,0
BRDA:7687,1185,0,0
BRDA:7687,1185,1,0
BRDA:7687,1186,0,0
BRDA:7687,1186,1,0
BRDA:7687,1186,2,0
BRDA:7705,1187,0,0
BRDA:7705,1187,1,0
BRDA:7709,1188,0,0
BRDA:7709,1188,1,0
BRDA:7710,1189,0,0
BRDA:7710,1189,1,0
BRDA:7710,1189,2,0
BRDA:7736,1190,0,0
BRDA:7736,1190,1,0
BRDA:7743,1191,0,0
BRDA:7743,1191,1,0
BRDA:7743,1192,0,0
BRDA:7743,1192,1,0
BRDA:7753,1193,0,0
BRDA:7753,1193,1,0
BRDA:7756,1194,0,0
BRDA:7756,1194,1,0
BRDA:7785,1195,0,0
BRDA:7785,1195,1,0
BRDA:7791,1196,0,0
BRDA:7791,1196,1,0
BRDA:7791,1196,2,0
BRDA:7795,1197,0,0
BRDA:7795,1197,1,0
BRDA:7798,1198,0,0
BRDA:7798,1198,1,0
BRDA:7799,1199,0,0
BRDA:7799,1199,1,0
BRDA:7809,1200,0,0
BRDA:7809,1200,1,0
BRDA:7817,1201,0,0
BRDA:7817,1201,1,0
BRDA:7820,1202,0,0
BRDA:7820,1202,1,0
BRDA:7822,1203,0,0
BRDA:7822,1203,1,0
BRDA:7825,1204,0,0
BRDA:7825,1204,1,0
BRDA:7832,1205,0,0
BRDA:7832,1205,1,0
BRDA:7846,1206,0,0
BRDA:7846,1206,1,0
BRDA:7852,1207,0,0
BRDA:7852,1207,1,0
BRDA:7858,1208,0,0
BRDA:7858,1208,1,0
BRDA:7863,1209,0,0
BRDA:7863,1209,1,0
BRDA:7865,1210,0,0
BRDA:7865,1210,1,0
BRDA:7877,1211,0,0
BRDA:7877,1211,1,0
BRDA:7889,1212,0,0
BRDA:7889,1212,1,0
BRDA:7891,1213,0,0
BRDA:7891,1213,1,0
BRDA:7891,1214,0,0
BRDA:7891,1214,1,0
BRDA:7892,1215,0,0
BRDA:7892,1215,1,0
BRDA:7895,1216,0,0
BRDA:7895,1216,1,0
BRDA:7907,1217,0,0
BRDA:7907,1217,1,0
BRDA:7917,1218,0,0
BRDA:7917,1218,1,0
BRDA:7925,1219,0,0
BRDA:7925,1219,1,0
BRDA:7925,1220,0,0
BRDA:7925,1220,1,0
BRDA:7927,1221,0,0
BRDA:7927,1221,1,0
BRDA:7937,1222,0,0
BRDA:7937,1222,1,0
BRDA:7939,1223,0,0
BRDA:7939,1223,1,0
BRDA:7939,1224,0,0
BRDA:7939,1224,1,0
BRDA:7941,1225,0,0
BRDA:7941,1225,1,0
BRDA:7954,1226,0,0
BRDA:7954,1226,1,0
BRDA:7954,1227,0,0
BRDA:7954,1227,1,0
BRDA:7974,1228,0,0
BRDA:7974,1228,1,0
BRDA:7975,1229,0,0
BRDA:7975,1229,1,0
BRDA:7976,1230,0,0
BRDA:7976,1230,1,0
BRDA:7979,1231,0,0
BRDA:7979,1231,1,0
BRDA:7979,1232,0,0
BRDA:7979,1232,1,0
BRDA:7979,1232,2,0
BRDA:7989,1233,0,0
BRDA:7989,1233,1,0
BRDA:7994,1234,0,0
BRDA:7994,1234,1,0
BRDA:8005,1235,0,0
BRDA:8005,1235,1,0
BRDA:8009,1236,0,0
BRDA:8009,1236,1,0
BRDA:8016,1237,0,0
BRDA:8016,1237,1,0
BRDA:8019,1238,0,0
BRDA:8019,1238,1,0
BRDA:8022,1239,0,0
BRDA:8022,1239,1,0
BRDA:8024,1240,0,0
BRDA:8024,1240,1,0
BRDA:8028,1241,0,0
BRDA:8028,1241,1,0
BRDA:8031,1242,0,0
BRDA:8031,1242,1,0
BRDA:8031,1243,0,0
BRDA:8031,1243,1,0
BRDA:8031,1243,2,0
BRDA:8044,1244,0,0
BRDA:8044,1244,1,0
BRDA:8060,1245,0,0
BRDA:8060,1245,1,0
BRDA:8061,1246,0,0
BRDA:8061,1246,1,0
BRDA:8063,1247,0,0
BRDA:8063,1247,1,0
BRDA:8067,1248,0,0
BRDA:8067,1248,1,0
BRDA:8076,1249,0,0
BRDA:8076,1249,1,0
BRDA:8076,1250,0,0
BRDA:8076,1250,1,0
BRDA:8076,1250,2,0
BRDA:8076,1250,3,0
BRDA:8076,1250,4,0
BRDA:8087,1251,0,0
BRDA:8087,1251,1,0
BRDA:8110,1252,0,0
BRDA:8110,1252,1,0
BRDA:8120,1253,0,0
BRDA:8120,1253,1,0
BRDA:8133,1254,0,0
BRDA:8133,1254,1,0
BRDA:8138,1255,0,0
BRDA:8138,1255,1,0
BRDA:8140,1256,0,0
BRDA:8140,1256,1,0
BRDA:8164,1257,0,0
BRDA:8164,1257,1,0
BRDA:8165,1258,0,0
BRDA:8165,1258,1,0
BRDA:8166,1259,0,0
BRDA:8166,1259,1,0
BRDA:8168,1260,0,0
BRDA:8168,1260,1,0
BRDA:8171,1261,0,0
BRDA:8171,1261,1,0
BRDA:8171,1262,0,0
BRDA:8171,1262,1,0
BRDA:8176,1263,0,0
BRDA:8176,1263,1,0
BRDA:8180,1264,0,0
BRDA:8180,1264,1,0
BRDA:8187,1265,0,0
BRDA:8187,1265,1,0
BRDA:8190,1266,0,0
BRDA:8190,1266,1,0
BRDA:8192,1267,0,0
BRDA:8192,1267,1,0
BRDA:8195,1268,0,0
BRDA:8195,1268,1,0
BRDA:8197,1269,0,0
BRDA:8197,1269,1,0
BRDA:8203,1270,0,0
BRDA:8203,1270,1,0
BRDA:8208,1271,0,0
BRDA:8208,1271,1,0
BRDA:8213,1272,0,0
BRDA:8213,1272,1,0
BRDA:8214,1273,0,0
BRDA:8214,1273,1,0
BRDA:8214,1274,0,0
BRDA:8214,1274,1,0
BRDA:8214,1274,2,0
BRDA:8220,1275,0,0
BRDA:8220,1275,1,0
BRDA:8220,1276,0,0
BRDA:8220,1276,1,0
BRDA:8220,1276,2,0
BRDA:8222,1277,0,0
BRDA:8222,1277,1,0
BRDA:8223,1278,0,0
BRDA:8223,1278,1,0
BRDA:8232,1279,0,0
BRDA:8232,1279,1,0
BRDA:8232,1280,0,0
BRDA:8232,1280,1,0
BRDA:8233,1281,0,0
BRDA:8233,1281,1,0
BRDA:8233,1281,2,0
BRDA:8239,1282,0,0
BRDA:8239,1282,1,0
BRDA:8241,1283,0,0
BRDA:8241,1283,1,0
BRDA:8243,1284,0,0
BRDA:8243,1284,1,0
BRDA:8246,1285,0,0
BRDA:8246,1285,1,0
BRDA:8246,1286,0,0
BRDA:8246,1286,1,0
BRDA:8248,1287,0,0
BRDA:8248,1287,1,0
BRDA:8253,1288,0,0
BRDA:8253,1288,1,0
BRDA:8254,1289,0,0
BRDA:8254,1289,1,0
BRDA:8254,1290,0,0
BRDA:8254,1290,1,0
BRDA:8254,1290,2,0
BRDA:8256,1291,0,0
BRDA:8256,1291,1,0
BRDA:8264,1292,0,0
BRDA:8264,1292,1,0
BRDA:8264,1293,0,0
BRDA:8264,1293,1,0
BRDA:8266,1294,0,0
BRDA:8266,1294,1,0
BRDA:8266,1295,0,0
BRDA:8266,1295,1,0
BRDA:8266,1295,2,0
BRDA:8272,1296,0,0
BRDA:8272,1296,1,0
BRDA:8272,1297,0,0
BRDA:8272,1297,1,0
BRDA:8272,1297,2,0
BRDA:8277,1298,0,0
BRDA:8277,1298,1,0
BRDA:8284,1299,0,0
BRDA:8284,1299,1,0
BRDA:8290,1300,0,0
BRDA:8290,1300,1,0
BRDA:8296,1301,0,0
BRDA:8296,1301,1,0
BRDA:8332,1302,0,0
BRDA:8332,1302,1,0
BRDA:8347,1303,0,0
BRDA:8347,1303,1,0
BRDA:8357,1304,0,0
BRDA:8357,1304,1,0
BRDA:8360,1305,0,0
BRDA:8360,1305,1,0
BRDA:8363,1306,0,0
BRDA:8363,1306,1,0
BRDA:8366,1307,0,0
BRDA:8366,1307,1,0
BRDA:8369,1308,0,0
BRDA:8369,1308,1,0
BRDA:8391,1309,0,0
BRDA:8391,1309,1,0
BRDA:8391,1310,0,0
BRDA:8391,1310,1,0
BRDA:8403,1311,0,0
BRDA:8403,1311,1,0
BRDA:8403,1312,0,0
BRDA:8403,1312,1,0
BRDA:8419,1313,0,0
BRDA:8419,1313,1,0
BRDA:8423,1314,0,0
BRDA:8423,1314,1,0
BRDA:8423,1315,0,0
BRDA:8423,1315,1,0
BRDA:8432,1316,0,0
BRDA:8432,1316,1,0
BRDA:8432,1317,0,0
BRDA:8432,1317,1,0
BRDA:8440,1318,0,0
BRDA:8440,1318,1,0
BRDA:8440,1319,0,0
BRDA:8440,1319,1,0
BRDA:8462,1320,0,0
BRDA:8462,1320,1,0
BRDA:8467,1321,0,0
BRDA:8467,1321,1,0
BRDA:8471,1322,0,0
BRDA:8471,1322,1,0
BRDA:8471,1323,0,0
BRDA:8471,1323,1,0
BRDA:8471,1323,2,0
BRDA:8500,1324,0,0
BRDA:8500,1324,1,0
BRDA:8506,1325,0,0
BRDA:8506,1325,1,0
BRDA:8506,1325,2,0
BRDA:8506,1325,3,0
BRDA:8506,1325,4,0
BRDA:8506,1325,5,0
BRDA:8513,1326,0,0
BRDA:8513,1326,1,0
BRDA:8517,1327,0,0
BRDA:8517,1327,1,0
BRDA:8571,1328,0,0
BRDA:8571,1328,1,0
BRDA:8578,1329,0,0
BRDA:8578,1329,1,0
BRDA:8580,1330,0,0
BRDA:8580,1330,1,0
BRDA:8586,1331,0,0
BRDA:8586,1331,1,0
BRDA:8587,1332,0,0
BRDA:8587,1332,1,0
BRDA:8588,1333,0,0
BRDA:8588,1333,1,0
BRDA:8592,1334,0,0
BRDA:8592,1334,1,0
BRDA:8608,1335,0,0
BRDA:8608,1335,1,0
BRDA:8610,1336,0,0
BRDA:8610,1336,1,0
BRDA:8610,1337,0,0
BRDA:8610,1337,1,0
BRDA:8610,1337,2,0
BRDA:8616,1338,0,0
BRDA:8616,1338,1,0
BRDA:8623,1339,0,0
BRDA:8623,1339,1,0
BRDA:8623,1339,2,0
BRDA:8631,1340,0,0
BRDA:8631,1340,1,0
BRDA:8634,1341,0,0
BRDA:8634,1341,1,0
BRDA:8635,1342,0,0
BRDA:8635,1342,1,0
BRDA:8635,1343,0,0
BRDA:8635,1343,1,0
BRDA:8638,1344,0,0
BRDA:8638,1344,1,0
BRDA:8658,1345,0,0
BRDA:8658,1345,1,0
BRDA:8659,1346,0,0
BRDA:8659,1346,1,0
BRDA:8664,1347,0,0
BRDA:8664,1347,1,0
BRDA:8666,1348,0,0
BRDA:8666,1348,1,0
BRDA:8666,1349,0,0
BRDA:8666,1349,1,0
BRDA:8674,1350,0,0
BRDA:8674,1350,1,0
BRDA:8680,1351,0,0
BRDA:8680,1351,1,0
BRDA:8680,1352,0,0
BRDA:8680,1352,1,0
BRDA:8684,1353,0,0
BRDA:8684,1353,1,0
BRDA:8690,1354,0,0
BRDA:8690,1354,1,0
BRDA:8696,1355,0,0
BRDA:8696,1355,1,0
BRDA:8697,1356,0,0
BRDA:8697,1356,1,0
BRDA:8715,1357,0,0
BRDA:8715,1357,1,0
BRDA:8726,1358,0,0
BRDA:8726,1358,1,0
BRDA:8731,1359,0,0
BRDA:8731,1359,1,0
BRDA:8731,1360,0,0
BRDA:8731,1360,1,0
BRDA:8731,1360,2,0
BRDA:8738,1361,0,0
BRDA:8738,1361,1,0
BRDA:8741,1362,0,0
BRDA:8741,1362,1,0
BRDA:8746,1363,0,0
BRDA:8746,1363,1,0
BRDA:8746,1364,0,0
BRDA:8746,1364,1,0
BRDA:8749,1365,0,0
BRDA:8749,1365,1,0
BRDA:8752,1366,0,0
BRDA:8752,1366,1,0
BRDA:8757,1367,0,0
BRDA:8757,1367,1,0
BRDA:8760,1368,0,0
BRDA:8760,1368,1,0
BRDA:8762,1369,0,0
BRDA:8762,1369,1,0
BRDA:8765,1370,0,0
BRDA:8765,1370,1,0
BRDA:8769,1371,0,0
BRDA:8769,1371,1,0
BRDA:8780,1372,0,0
BRDA:8780,1372,1,0
BRDA:8783,1373,0,0
BRDA:8783,1373,1,0
BRDA:8783,1374,0,0
BRDA:8783,1374,1,0
BRDA:8791,1375,0,0
BRDA:8791,1375,1,0
BRDA:8884,1376,0,0
BRDA:8884,1376,1,0
BRDA:8900,1377,0,0
BRDA:8900,1377,1,0
BRDA:8906,1378,0,0
BRDA:8906,1378,1,0
BRDA:8939,1379,0,0
BRDA:8939,1379,1,0
BRDA:8942,1380,0,0
BRDA:8942,1380,1,0
BRDA:8942,1381,0,0
BRDA:8942,1381,1,0
BRDA:8942,1381,2,0
BRDA:8952,1382,0,0
BRDA:8952,1382,1,0
BRDA:8968,1383,0,0
BRDA:8968,1383,1,0
BRDA:8969,1384,0,0
BRDA:8969,1384,1,0
BRDA:8977,1385,0,0
BRDA:8977,1385,1,0
BRDA:8982,1386,0,0
BRDA:8982,1386,1,0
BRDA:8987,1387,0,0
BRDA:8987,1387,1,0
BRDA:8989,1388,0,0
BRDA:8989,1388,1,0
BRDA:8997,1389,0,0
BRDA:8997,1389,1,0
BRDA:9006,1390,0,0
BRDA:9006,1390,1,0
BRDA:9007,1391,0,0
BRDA:9007,1391,1,0
BRDA:9024,1392,0,0
BRDA:9024,1392,1,0
BRDA:9025,1393,0,0
BRDA:9025,1393,1,0
BRDA:9039,1394,0,0
BRDA:9039,1394,1,0
BRDA:9039,1394,2,0
BRDA:9043,1395,0,0
BRDA:9043,1395,1,0
BRDA:9043,1395,2,0
BRDA:9043,1395,3,0
BRDA:9046,1396,0,0
BRDA:9046,1396,1,0
BRDA:9046,1397,0,0
BRDA:9046,1397,1,0
BRDA:9049,1398,0,0
BRDA:9049,1398,1,0
BRDA:9072,1399,0,0
BRDA:9072,1399,1,0
BRDA:9072,1400,0,0
BRDA:9072,1400,1,0
BRDA:9072,1400,2,0
BRDA:9080,1401,0,0
BRDA:9080,1401,1,0
BRDA:9086,1402,0,0
BRDA:9086,1402,1,0
BRDA:9089,1403,0,0
BRDA:9089,1403,1,0
BRDA:9089,1404,0,0
BRDA:9089,1404,1,0
BRDA:9105,1405,0,0
BRDA:9105,1405,1,0
BRDA:9111,1406,0,0
BRDA:9111,1406,1,0
BRDA:9111,1407,0,0
BRDA:9111,1407,1,0
BRDA:9111,1407,2,0
BRDA:9112,1408,0,0
BRDA:9112,1408,1,0
BRDA:9119,1409,0,0
BRDA:9119,1409,1,0
BRDA:9121,1410,0,0
BRDA:9121,1410,1,0
BRDA:9128,1411,0,0
BRDA:9128,1411,1,0
BRDA:9128,1412,0,0
BRDA:9128,1412,1,0
BRDA:9128,1412,2,0
BRDA:9129,1413,0,0
BRDA:9129,1413,1,0
BRDA:9134,1414,0,0
BRDA:9134,1414,1,0
BRDA:9135,1415,0,0
BRDA:9135,1415,1,0
BRDA:9138,1416,0,0
BRDA:9138,1416,1,0
BRDA:9144,1417,0,0
BRDA:9144,1417,1,0
BRDA:9144,1418,0,0
BRDA:9144,1418,1,0
BRDA:9144,1418,2,0
BRDA:9144,1418,3,0
BRDA:9151,1419,0,0
BRDA:9151,1419,1,0
BRDA:9151,1420,0,0
BRDA:9151,1420,1,0
BRDA:9153,1421,0,0
BRDA:9153,1421,1,0
BRDA:9163,1422,0,0
BRDA:9163,1422,1,0
BRDA:9163,1423,0,0
BRDA:9163,1423,1,0
BRDA:9163,1423,2,0
BRDA:9182,1424,0,0
BRDA:9182,1424,1,0
BRDA:9188,1425,0,0
BRDA:9188,1425,1,0
BRDA:9193,1426,0,0
BRDA:9193,1426,1,0
BRDA:9198,1427,0,0
BRDA:9198,1427,1,0
BRDA:9198,1428,0,0
BRDA:9198,1428,1,0
BRDA:9210,1429,0,0
BRDA:9210,1429,1,0
BRDA:9225,1430,0,0
BRDA:9225,1430,1,0
BRDA:9232,1431,0,0
BRDA:9232,1431,1,0
BRDA:9241,1432,0,0
BRDA:9241,1432,1,0
BRDA:9244,1433,0,0
BRDA:9244,1433,1,0
BRDA:9247,1434,0,0
BRDA:9247,1434,1,0
BRDA:9247,1434,2,0
BRDA:9250,1435,0,0
BRDA:9250,1435,1,0
BRDA:9258,1436,0,0
BRDA:9258,1436,1,0
BRDA:9261,1437,0,0
BRDA:9261,1437,1,0
BRDA:9263,1438,0,0
BRDA:9263,1438,1,0
BRDA:9267,1439,0,0
BRDA:9267,1439,1,0
BRDA:9273,1440,0,0
BRDA:9273,1440,1,0
BRDA:9273,1441,0,0
BRDA:9273,1441,1,0
BRDA:9277,1442,0,0
BRDA:9277,1442,1,0
BRDA:9291,1443,0,0
BRDA:9291,1443,1,0
BRDA:9291,1444,0,0
BRDA:9291,1444,1,0
BRDA:9293,1445,0,0
BRDA:9293,1445,1,0
BRDA:9301,1446,0,0
BRDA:9301,1446,1,0
BRDA:9304,1447,0,0
BRDA:9304,1447,1,0
BRDA:9314,1448,0,0
BRDA:9314,1448,1,0
BRDA:9315,1449,0,0
BRDA:9315,1449,1,0
BRDA:9316,1450,0,0
BRDA:9316,1450,1,0
BRDA:9322,1451,0,0
BRDA:9322,1451,1,0
BRDA:9326,1452,0,0
BRDA:9326,1452,1,0
BRDA:9348,1453,0,0
BRDA:9348,1453,1,0
BRDA:9349,1454,0,0
BRDA:9349,1454,1,0
BRDA:9361,1455,0,0
BRDA:9361,1455,1,0
BRDA:9385,1456,0,0
BRDA:9385,1456,1,0
BRDA:9386,1457,0,0
BRDA:9386,1457,1,0
BRDA:9393,1458,0,0
BRDA:9393,1458,1,0
BRDA:9412,1459,0,0
BRDA:9412,1459,1,0
BRDA:9422,1460,0,0
BRDA:9422,1460,1,0
BRDA:9435,1461,0,0
BRDA:9435,1461,1,0
BRDA:9452,1462,0,0
BRDA:9452,1462,1,0
BRDA:9452,1462,2,0
BRDA:9475,1463,0,0
BRDA:9475,1463,1,0
BRDA:9482,1464,0,0
BRDA:9482,1464,1,0
BRDA:9482,1465,0,0
BRDA:9482,1465,1,0
BRDA:9482,1465,2,0
BRDA:9497,1466,0,0
BRDA:9497,1466,1,0
BRDA:9504,1467,0,0
BRDA:9504,1467,1,0
BRDA:9504,1468,0,0
BRDA:9504,1468,1,0
BRDA:9513,1469,0,0
BRDA:9513,1469,1,0
BRDA:9513,1470,0,0
BRDA:9513,1470,1,0
BRDA:9525,1471,0,0
BRDA:9525,1471,1,0
BRDA:9530,1472,0,0
BRDA:9530,1472,1,0
BRDA:9532,1473,0,0
BRDA:9532,1473,1,0
BRDA:9537,1474,0,0
BRDA:9537,1474,1,0
BRDA:9549,1475,0,0
BRDA:9549,1475,1,0
BRDA:9555,1476,0,0
BRDA:9555,1476,1,0
BRDA:9555,1477,0,0
BRDA:9555,1477,1,0
BRDA:9555,1478,0,0
BRDA:9555,1478,1,0
BRDA:9573,1479,0,0
BRDA:9573,1479,1,0
BRDA:9579,1480,0,0
BRDA:9579,1480,1,0
BRDA:9586,1481,0,0
BRDA:9586,1481,1,0
BRDA:9600,1482,0,0
BRDA:9600,1482,1,0
BRDA:9600,1482,2,0
BRDA:9604,1483,0,0
BRDA:9604,1483,1,0
BRDA:9611,1484,0,0
BRDA:9611,1484,1,0
BRDA:9624,1485,0,0
BRDA:9624,1485,1,0
BRDA:9648,1486,0,0
BRDA:9648,1486,1,0
BRDA:9651,1487,0,0
BRDA:9651,1487,1,0
BRDA:9660,1488,0,0
BRDA:9660,1488,1,0
BRDA:9672,1489,0,0
BRDA:9672,1489,1,0
BRDA:9673,1490,0,0
BRDA:9673,1490,1,0
BRDA:9682,1491,0,0
BRDA:9682,1491,1,0
BRDA:9700,1492,0,0
BRDA:9700,1492,1,0
BRDA:9710,1493,0,0
BRDA:9710,1493,1,0
BRDA:9710,1494,0,0
BRDA:9710,1494,1,0
BRDA:9712,1495,0,0
BRDA:9712,1495,1,0
BRDA:9712,1495,2,0
BRDA:9712,1495,3,0
BRDA:9713,1496,0,0
BRDA:9713,1496,1,0
BRDA:9719,1497,0,0
BRDA:9719,1497,1,0
BRDA:9719,1498,0,0
BRDA:9719,1498,1,0
BRDA:9722,1499,0,0
BRDA:9722,1499,1,0
BRDA:9727,1500,0,0
BRDA:9727,1500,1,0
BRDA:9729,1501,0,0
BRDA:9729,1501,1,0
BRDA:9730,1502,0,0
BRDA:9730,1502,1,0
BRDA:9735,1503,0,0
BRDA:9735,1503,1,0
BRDA:9754,1504,0,0
BRDA:9754,1504,1,0
BRDA:9763,1505,0,0
BRDA:9763,1505,1,0
BRDA:9773,1506,0,0
BRDA:9773,1506,1,0
BRDA:9773,1507,0,0
BRDA:9773,1507,1,0
BRDA:9805,1508,0,0
BRDA:9805,1508,1,0
BRDA:9808,1509,0,0
BRDA:9808,1509,1,0
BRDA:9815,1510,0,0
BRDA:9815,1510,1,0
BRDA:9819,1511,0,0
BRDA:9819,1511,1,0
BRDA:9834,1512,0,0
BRDA:9834,1512,1,0
BRDA:9837,1513,0,0
BRDA:9837,1513,1,0
BRDA:9843,1514,0,0
BRDA:9843,1514,1,0
BRDA:9843,1515,0,0
BRDA:9843,1515,1,0
BRDA:9859,1516,0,0
BRDA:9859,1516,1,0
BRDA:9865,1517,0,0
BRDA:9865,1517,1,0
BRDA:9872,1518,0,0
BRDA:9872,1518,1,0
BRDA:9872,1519,0,0
BRDA:9872,1519,1,0
BRDA:9877,1520,0,0
BRDA:9877,1520,1,0
BRDA:9884,1521,0,0
BRDA:9884,1521,1,0
BRDA:9892,1522,0,0
BRDA:9892,1522,1,0
BRDA:9904,1523,0,0
BRDA:9904,1523,1,0
BRDA:9906,1524,0,0
BRDA:9906,1524,1,0
BRDA:9951,1525,0,0
BRDA:9951,1525,1,0
BRDA:9958,1526,0,0
BRDA:9958,1526,1,0
BRDA:9958,1526,2,0
BRDA:9963,1527,0,0
BRDA:9963,1527,1,0
BRDA:9969,1528,0,0
BRDA:9969,1528,1,0
BRDA:9970,1529,0,0
BRDA:9970,1529,1,0
BRDA:9973,1530,0,0
BRDA:9973,1530,1,0
BRDA:9979,1531,0,0
BRDA:9979,1531,1,0
BRDA:9982,1532,0,0
BRDA:9982,1532,1,0
BRDA:9986,1533,0,0
BRDA:9986,1533,1,0
BRDA:10001,1534,0,0
BRDA:10001,1534,1,0
BRDA:10002,1535,0,0
BRDA:10002,1535,1,0
BRDA:10012,1536,0,0
BRDA:10012,1536,1,0
BRDA:10020,1537,0,0
BRDA:10020,1537,1,0
BRDA:10036,1538,0,0
BRDA:10036,1538,1,0
BRDA:10045,1539,0,0
BRDA:10045,1539,1,0
BRDA:10056,1540,0,0
BRDA:10056,1540,1,0
BRDA:10057,1541,0,0
BRDA:10057,1541,1,0
BRDA:10057,1541,2,0
BRDA:10057,1541,3,0
BRDA:10063,1542,0,0
BRDA:10063,1542,1,0
BRDA:10063,1543,0,0
BRDA:10063,1543,1,0
BRDA:10063,1543,2,0
BRDA:10093,1544,0,0
BRDA:10093,1544,1,0
BRDA:10097,1545,0,0
BRDA:10097,1545,1,0
BRDA:10111,1546,0,0
BRDA:10111,1546,1,0
BRDA:10113,1547,0,0
BRDA:10113,1547,1,0
BRDA:10117,1548,0,0
BRDA:10117,1548,1,0
BRDA:10118,1549,0,0
BRDA:10118,1549,1,0
BRDA:10121,1550,0,0
BRDA:10121,1550,1,0
BRDA:10123,1551,0,0
BRDA:10123,1551,1,0
BRDA:10124,1552,0,0
BRDA:10124,1552,1,0
BRDA:10143,1553,0,0
BRDA:10143,1553,1,0
BRDA:10147,1554,0,0
BRDA:10147,1554,1,0
BRDA:10163,1555,0,0
BRDA:10163,1555,1,0
BRDA:10163,1555,2,0
BRDA:10164,1556,0,0
BRDA:10164,1556,1,0
BRDA:10164,1557,0,0
BRDA:10164,1557,1,0
BRDA:10164,1558,0,0
BRDA:10164,1558,1,0
BRDA:10169,1559,0,0
BRDA:10169,1559,1,0
BRDA:10172,1560,0,0
BRDA:10172,1560,1,0
BRDA:10178,1561,0,0
BRDA:10178,1561,1,0
BRDA:10190,1562,0,0
BRDA:10190,1562,1,0
BRDA:10197,1563,0,0
BRDA:10197,1563,1,0
BRDA:10210,1564,0,0
BRDA:10210,1564,1,0
BRDA:10218,1565,0,0
BRDA:10218,1565,1,0
BRDA:10240,1566,0,0
BRDA:10240,1566,1,0
BRDA:10242,1567,0,0
BRDA:10242,1567,1,0
BRDA:10253,1568,0,0
BRDA:10253,1568,1,0
BRDA:10261,1569,0,0
BRDA:10261,1569,1,0
BRDA:10268,1570,0,0
BRDA:10268,1570,1,0
BRDA:10272,1571,0,0
BRDA:10272,1571,1,0
BRDA:10278,1572,0,0
BRDA:10278,1572,1,0
BRDA:10300,1573,0,0
BRDA:10300,1573,1,0
BRDA:10300,1573,2,0
BRDA:10324,1574,0,0
BRDA:10324,1574,1,0
BRDA:10324,1575,0,0
BRDA:10324,1575,1,0
BRDA:10342,1576,0,0
BRDA:10342,1576,1,0
BRDA:10346,1577,0,0
BRDA:10346,1577,1,0
BRDA:10346,1578,0,0
BRDA:10346,1578,1,0
BRDA:10356,1579,0,0
BRDA:10356,1579,1,0
BRF:3360
BRH:0
end_of_record
TN:
SF:/home/tanishqsaluja/MNIST-NodeJS/public/sketch.js
FN:2,(anonymous_0)
FN:8,(anonymous_1)
FN:12,(anonymous_2)
FN:24,(anonymous_3)
FN:34,setup
FN:39,mouseDragged
FNF:6
FNH:0
FNDA:0,(anonymous_0)
FNDA:0,(anonymous_1)
FNDA:0,(anonymous_2)
FNDA:0,(anonymous_3)
FNDA:0,setup
FNDA:0,mouseDragged
DA:2,0
DA:3,0
DA:4,0
DA:5,0
DA:6,0
DA:7,0
DA:8,0
DA:9,0
DA:10,0
DA:12,0
DA:13,0
DA:15,0
DA:17,0
DA:19,0
DA:21,0
DA:25,0
DA:27,0
DA:28,0
DA:35,0
DA:36,0
DA:40,0
DA:41,0
DA:49,0
DA:50,0
DA:51,0
LF:25
LH:0
BRF:0
BRH:0
end_of_record
